<?xml version="1.0" encoding="UTF-8"?>
<robot generator="Robot 5.0.1 (Python 3.8.0 on win32)" generated="20221011 10:21:24.866" rpa="false" schemaversion="3">
<suite id="s1" name="Suites">
<suite id="s1-s1" name="RadioButtons" source="C:\Users\d_joh\OneDrive\Coding Projects\TestProject\TestCases\RadioButtons.robot">
<test id="s1-s1-t1" name="Testing Radio Buttons" line="13">
<kw name="Open Browser" library="SeleniumLibrary">
<arg>${URL}</arg>
<arg>${Browser}</arg>
<doc>Opens a new browser instance to the optional ``url``.</doc>
<msg timestamp="20221011 10:21:25.104" level="INFO">Opening browser 'Edge' to base url 'https://demo.seleniumeasy.com/basic-radiobutton-demo.html'.</msg>
<status status="PASS" starttime="20221011 10:21:25.103" endtime="20221011 10:21:28.160"/>
</kw>
<kw name="Maximize Browser Window" library="SeleniumLibrary">
<doc>Maximizes current browser window.</doc>
<status status="PASS" starttime="20221011 10:21:28.160" endtime="20221011 10:21:28.297"/>
</kw>
<kw name="Set Selenium Speed" library="SeleniumLibrary">
<arg>2</arg>
<doc>Sets the delay that is waited after each Selenium command.</doc>
<status status="PASS" starttime="20221011 10:21:28.298" endtime="20221011 10:21:28.302"/>
</kw>
<kw name="Select Radio Button" library="SeleniumLibrary">
<arg>gender</arg>
<arg>Male</arg>
<doc>Sets the radio button group ``group_name`` to ``value``.</doc>
<msg timestamp="20221011 10:21:28.309" level="INFO">Selecting 'Male' from radio button 'gender'.</msg>
<status status="PASS" starttime="20221011 10:21:28.304" endtime="20221011 10:21:34.450"/>
</kw>
<kw name="Select Radio Button" library="SeleniumLibrary">
<arg>ageGroup</arg>
<arg>0 - 5</arg>
<doc>Sets the radio button group ``group_name`` to ``value``.</doc>
<msg timestamp="20221011 10:21:34.451" level="INFO">Selecting '0 - 5' from radio button 'ageGroup'.</msg>
<status status="PASS" starttime="20221011 10:21:34.450" endtime="20221011 10:21:40.537"/>
</kw>
<kw name="Close Browser" library="SeleniumLibrary">
<doc>Closes the current browser.</doc>
<status status="PASS" starttime="20221011 10:21:40.537" endtime="20221011 10:21:44.610"/>
</kw>
<status status="PASS" starttime="20221011 10:21:25.102" endtime="20221011 10:21:44.611"/>
</test>
<test id="s1-s1-t2" name="Testing Check Boxes" line="25">
<kw name="Open Browser" library="SeleniumLibrary">
<arg>${URL1}</arg>
<arg>${Browser}</arg>
<doc>Opens a new browser instance to the optional ``url``.</doc>
<msg timestamp="20221011 10:21:44.613" level="INFO">Opening browser 'Edge' to base url 'https://demo.seleniumeasy.com/basic-checkbox-demo.html'.</msg>
<status status="PASS" starttime="20221011 10:21:44.612" endtime="20221011 10:21:49.616"/>
</kw>
<kw name="Maximize Browser Window" library="SeleniumLibrary">
<doc>Maximizes current browser window.</doc>
<status status="PASS" starttime="20221011 10:21:49.617" endtime="20221011 10:21:51.798"/>
</kw>
<kw name="Set Selenium Speed" library="SeleniumLibrary">
<arg>2</arg>
<doc>Sets the delay that is waited after each Selenium command.</doc>
<status status="PASS" starttime="20221011 10:21:51.798" endtime="20221011 10:21:51.799"/>
</kw>
<kw name="Select Checkbox" library="SeleniumLibrary">
<arg>xpath://*[@id="easycont"]/div/div[2]/div[2]/div[2]/div[1]/label/input</arg>
<doc>Selects the checkbox identified by ``locator``.</doc>
<msg timestamp="20221011 10:21:51.800" level="INFO">Selecting checkbox 'xpath://*[@id="easycont"]/div/div[2]/div[2]/div[2]/div[1]/label/input'.</msg>
<status status="PASS" starttime="20221011 10:21:51.799" endtime="20221011 10:22:01.930"/>
</kw>
<kw name="Unselect Checkbox" library="SeleniumLibrary">
<arg>xpath://*[@id="easycont"]/div/div[2]/div[2]/div[2]/div[1]/label/input</arg>
<doc>Removes the selection of checkbox identified by ``locator``.</doc>
<msg timestamp="20221011 10:22:01.931" level="INFO">Unselecting checkbox 'xpath://*[@id="easycont"]/div/div[2]/div[2]/div[2]/div[1]/label/input'.</msg>
<status status="PASS" starttime="20221011 10:22:01.931" endtime="20221011 10:22:12.023"/>
</kw>
<kw name="Close Browser" library="SeleniumLibrary">
<doc>Closes the current browser.</doc>
<status status="PASS" starttime="20221011 10:22:12.023" endtime="20221011 10:22:16.109"/>
</kw>
<status status="PASS" starttime="20221011 10:21:44.611" endtime="20221011 10:22:16.110"/>
</test>
<status status="PASS" starttime="20221011 10:21:24.897" endtime="20221011 10:22:16.113"/>
</suite>
<status status="PASS" starttime="20221011 10:21:24.878" endtime="20221011 10:22:16.117"/>
</suite>
<statistics>
<total>
<stat pass="2" fail="0" skip="0">All Tests</stat>
</total>
<tag>
</tag>
<suite>
<stat pass="2" fail="0" skip="0" id="s1" name="Suites">Suites</stat>
<stat pass="2" fail="0" skip="0" id="s1-s1" name="RadioButtons">Suites.RadioButtons</stat>
</suite>
</statistics>
<errors>
</errors>
</robot>
