<?xml version="1.0" encoding="UTF-8"?>
<robot generator="Robot 5.0.1 (Python 3.8.0 on win32)" generated="20221011 10:20:16.168" rpa="false" schemaversion="3">
<suite id="s1" name="Suites">
<suite id="s1-s1" name="LoginTest" source="C:\Users\d_joh\OneDrive\Coding Projects\TestProject\TestCases\LoginTest.robot">
<test id="s1-s1-t1" name="Login Test" line="13">
<kw name="Speed" library="LoginKeywords">
<kw name="Set Selenium Speed" library="SeleniumLibrary">
<arg>1</arg>
<doc>Sets the delay that is waited after each Selenium command.</doc>
<status status="PASS" starttime="20221011 10:20:16.432" endtime="20221011 10:20:16.432"/>
</kw>
<status status="PASS" starttime="20221011 10:20:16.431" endtime="20221011 10:20:16.432"/>
</kw>
<kw name="Launch Browser" library="LoginKeywords">
<arg>${URL}</arg>
<arg>${BROWSER}</arg>
<kw name="Open Browser" library="SeleniumLibrary">
<arg>${URL}</arg>
<arg>${BROWSER}</arg>
<doc>Opens a new browser instance to the optional ``url``.</doc>
<msg timestamp="20221011 10:20:16.433" level="INFO">Opening browser 'Edge' to base url 'https://demo.guru99.com/selenium/newtours/index.php'.</msg>
<status status="PASS" starttime="20221011 10:20:16.433" endtime="20221011 10:20:21.435"/>
</kw>
<kw name="Maximize Browser Window" library="SeleniumLibrary">
<doc>Maximizes current browser window.</doc>
<status status="PASS" starttime="20221011 10:20:21.436" endtime="20221011 10:20:22.577"/>
</kw>
<status status="PASS" starttime="20221011 10:20:16.432" endtime="20221011 10:20:22.577"/>
</kw>
<kw name="Input Username" library="LoginKeywords">
<arg>${USER}</arg>
<kw name="Input Text" library="SeleniumLibrary">
<arg>${txt_login_username}</arg>
<arg>${USERNAME}</arg>
<doc>Types the given ``text`` into the text field identified by ``locator``.</doc>
<msg timestamp="20221011 10:20:22.580" level="INFO">Typing text 'tutorial' into text field 'xpath:/html/body/div/table/tbody/tr/td[2]/table/tbody/tr[4]/td/table/tbody/tr/td[2]/table/tbody/tr[2]/td[3]/form/table/tbody/tr[4]/td/table/tbody/tr[2]/td[2]/input'.</msg>
<status status="PASS" starttime="20221011 10:20:22.579" endtime="20221011 10:20:25.742"/>
</kw>
<status status="PASS" starttime="20221011 10:20:22.577" endtime="20221011 10:20:25.744"/>
</kw>
<kw name="Input Pass" library="LoginKeywords">
<arg>${PASS}</arg>
<kw name="Input Text" library="SeleniumLibrary">
<arg>${txt_login_password}</arg>
<arg>${PASSWORD}</arg>
<doc>Types the given ``text`` into the text field identified by ``locator``.</doc>
<msg timestamp="20221011 10:20:25.751" level="INFO">Typing text 'tutorial' into text field 'xpath:/html/body/div/table/tbody/tr/td[2]/table/tbody/tr[4]/td/table/tbody/tr/td[2]/table/tbody/tr[2]/td[3]/form/table/tbody/tr[4]/td/table/tbody/tr[3]/td[2]/input'.</msg>
<status status="PASS" starttime="20221011 10:20:25.747" endtime="20221011 10:20:28.946"/>
</kw>
<status status="PASS" starttime="20221011 10:20:25.745" endtime="20221011 10:20:28.946"/>
</kw>
<kw name="Click Login Button" library="LoginKeywords">
<kw name="Click Button" library="SeleniumLibrary">
<arg>${login_button}</arg>
<doc>Clicks the button identified by ``locator``.</doc>
<msg timestamp="20221011 10:20:28.948" level="INFO">Clicking button 'xpath:/html/body/div/table/tbody/tr/td[2]/table/tbody/tr[4]/td/table/tbody/tr/td[2]/table/tbody/tr[2]/td[3]/form/table/tbody/tr[4]/td/table/tbody/tr[4]/td[2]/div/input'.</msg>
<status status="PASS" starttime="20221011 10:20:28.947" endtime="20221011 10:20:32.811"/>
</kw>
<status status="PASS" starttime="20221011 10:20:28.946" endtime="20221011 10:20:32.812"/>
</kw>
<kw name="Exit Browser" library="LoginKeywords">
<kw name="Close All Browsers" library="SeleniumLibrary">
<doc>Closes all open browsers and resets the browser cache.</doc>
<status status="PASS" starttime="20221011 10:20:32.815" endtime="20221011 10:20:35.972"/>
</kw>
<status status="PASS" starttime="20221011 10:20:32.813" endtime="20221011 10:20:35.973"/>
</kw>
<status status="PASS" starttime="20221011 10:20:16.431" endtime="20221011 10:20:35.973"/>
</test>
<status status="PASS" starttime="20221011 10:20:16.197" endtime="20221011 10:20:35.974"/>
</suite>
<status status="PASS" starttime="20221011 10:20:16.179" endtime="20221011 10:20:35.980"/>
</suite>
<statistics>
<total>
<stat pass="1" fail="0" skip="0">All Tests</stat>
</total>
<tag>
</tag>
<suite>
<stat pass="1" fail="0" skip="0" id="s1" name="Suites">Suites</stat>
<stat pass="1" fail="0" skip="0" id="s1-s1" name="LoginTest">Suites.LoginTest</stat>
</suite>
</statistics>
<errors>
<msg timestamp="20221011 10:20:16.429" level="ERROR">Error in file 'C:\Users\d_joh\OneDrive\Coding Projects\TestProject\TestCases\LoginTest.robot' on line 4: Error in file 'C:\Users\d_joh\OneDrive\Coding Projects\TestProject\TestCases\Alerts.robot' on line 13: Resource file with 'Test Cases' section is invalid.</msg>
</errors>
</robot>
