<?xml version="1.0" encoding="UTF-8"?>
<robot generator="Robot 5.0.1 (Python 3.8.0 on win32)" generated="20221011 10:22:21.299" rpa="false" schemaversion="3">
<suite id="s1" name="Suites">
<suite id="s1-s1" name="TC1" source="C:\Users\d_joh\OneDrive\Coding Projects\TestProject\TestCases\TC1.robot">
<test id="s1-s1-t1" name="LoginTest" line="23">
<kw name="Open Browser" library="SeleniumLibrary">
<arg>${URL}</arg>
<arg>${Browser}</arg>
<doc>Opens a new browser instance to the optional ``url``.</doc>
<msg timestamp="20221011 10:22:21.690" level="INFO">Opening browser 'Edge' to base url 'https://demo.nopcommerce.com/'.</msg>
<status status="PASS" starttime="20221011 10:22:21.689" endtime="20221011 10:22:31.505"/>
</kw>
<kw name="Login To Application">
<kw name="Click Link" library="SeleniumLibrary">
<arg>xpath:/html/body/div[6]/div[1]/div[1]/div[2]/div[1]/ul/li[2]/a</arg>
<doc>Clicks a link identified by ``locator``.</doc>
<msg timestamp="20221011 10:22:31.512" level="INFO">Clicking link 'xpath:/html/body/div[6]/div[1]/div[1]/div[2]/div[1]/ul/li[2]/a'.</msg>
<status status="PASS" starttime="20221011 10:22:31.509" endtime="20221011 10:22:33.801"/>
</kw>
<kw name="Input Text" library="SeleniumLibrary">
<arg>id:Email</arg>
<arg>pavanoltraining@gmail.com</arg>
<doc>Types the given ``text`` into the text field identified by ``locator``.</doc>
<msg timestamp="20221011 10:22:33.804" level="INFO">Typing text 'pavanoltraining@gmail.com' into text field 'id:Email'.</msg>
<status status="PASS" starttime="20221011 10:22:33.802" endtime="20221011 10:22:34.243"/>
</kw>
<kw name="Input Text" library="SeleniumLibrary">
<arg>id:Password</arg>
<arg>Test@123</arg>
<doc>Types the given ``text`` into the text field identified by ``locator``.</doc>
<msg timestamp="20221011 10:22:34.245" level="INFO">Typing text 'Test@123' into text field 'id:Password'.</msg>
<status status="PASS" starttime="20221011 10:22:34.244" endtime="20221011 10:22:34.425"/>
</kw>
<kw name="Click Element" library="SeleniumLibrary">
<arg>xpath:/html/body/div[6]/div[3]/div/div/div/div[2]/div[1]/div[2]/form/div[3]/button</arg>
<doc>Click the element identified by ``locator``.</doc>
<msg timestamp="20221011 10:22:34.427" level="INFO">Clicking element 'xpath:/html/body/div[6]/div[3]/div/div/div/div[2]/div[1]/div[2]/form/div[3]/button'.</msg>
<status status="PASS" starttime="20221011 10:22:34.426" endtime="20221011 10:22:35.177"/>
</kw>
<status status="PASS" starttime="20221011 10:22:31.506" endtime="20221011 10:22:35.178"/>
</kw>
<kw name="Close Browser" library="SeleniumLibrary">
<doc>Closes the current browser.</doc>
<status status="PASS" starttime="20221011 10:22:35.179" endtime="20221011 10:22:38.359"/>
</kw>
<status status="PASS" starttime="20221011 10:22:21.687" endtime="20221011 10:22:38.360"/>
</test>
<status status="PASS" starttime="20221011 10:22:21.338" endtime="20221011 10:22:38.364"/>
</suite>
<status status="PASS" starttime="20221011 10:22:21.314" endtime="20221011 10:22:38.368"/>
</suite>
<statistics>
<total>
<stat pass="1" fail="0" skip="0">All Tests</stat>
</total>
<tag>
</tag>
<suite>
<stat pass="1" fail="0" skip="0" id="s1" name="Suites">Suites</stat>
<stat pass="1" fail="0" skip="0" id="s1-s1" name="TC1">Suites.TC1</stat>
</suite>
</statistics>
<errors>
</errors>
</robot>
