<?xml version="1.0" encoding="UTF-8"?>
<robot generator="Robot 5.0.1 (Python 3.8.0 on win32)" generated="20221011 10:22:17.165" rpa="false" schemaversion="3">
<suite id="s1" name="Suites">
<suite id="s1-s1" name="ScrollingPage" source="C:\Users\d_joh\OneDrive\Coding Projects\TestProject\TestCases\ScrollingPage.robot">
<test id="s1-s1-t1" name="Scrolling Test" line="10">
<kw name="Open Browser" library="SeleniumLibrary">
<arg>${URL}</arg>
<arg>${Browser}</arg>
<doc>Opens a new browser instance to the optional ``url``.</doc>
<msg timestamp="20221011 10:22:17.543" level="INFO">Opening browser 'Edge' to base url 'https://www.countries-ofthe-world.com/flags-of-the-world.html'.</msg>
<status status="PASS" starttime="20221011 10:22:17.542" endtime="20221011 10:22:27.316"/>
</kw>
<kw name="Maximize Browser Window" library="SeleniumLibrary">
<doc>Maximizes current browser window.</doc>
<status status="PASS" starttime="20221011 10:22:27.317" endtime="20221011 10:22:27.803"/>
</kw>
<kw name="Speed" library="Resources">
<kw name="Set Selenium Speed" library="SeleniumLibrary">
<arg>1</arg>
<doc>Sets the delay that is waited after each Selenium command.</doc>
<status status="PASS" starttime="20221011 10:22:27.804" endtime="20221011 10:22:27.805"/>
</kw>
<status status="PASS" starttime="20221011 10:22:27.803" endtime="20221011 10:22:27.805"/>
</kw>
<kw name="Execute Javascript" library="SeleniumLibrary">
<arg>window.scrollTo(0,2500)</arg>
<doc>Executes the given JavaScript code with possible arguments.</doc>
<msg timestamp="20221011 10:22:27.808" level="INFO">Executing JavaScript:
window.scrollTo(0,2500)
Without any arguments.</msg>
<status status="PASS" starttime="20221011 10:22:27.805" endtime="20221011 10:22:28.836"/>
</kw>
<kw name="Scroll Element Into View" library="SeleniumLibrary">
<arg>xpath://*[@id="content"]/div[2]/div[2]/table[1]/tbody/tr[111]/td[1]/img</arg>
<doc>Scrolls the element identified by ``locator`` into view.</doc>
<status status="PASS" starttime="20221011 10:22:28.837" endtime="20221011 10:22:34.902"/>
</kw>
<kw name="Execute Javascript" library="SeleniumLibrary">
<arg>window.scrollTo(0,document.body.scrollHeight)</arg>
<doc>Executes the given JavaScript code with possible arguments.</doc>
<msg timestamp="20221011 10:22:34.913" level="INFO">Executing JavaScript:
window.scrollTo(0,document.body.scrollHeight)
Without any arguments.</msg>
<status status="PASS" starttime="20221011 10:22:34.909" endtime="20221011 10:22:35.975"/>
</kw>
<kw name="Execute Javascript" library="SeleniumLibrary">
<arg>window.scrollTo(0,-document.body.scrollHeight)</arg>
<doc>Executes the given JavaScript code with possible arguments.</doc>
<msg timestamp="20221011 10:22:35.979" level="INFO">Executing JavaScript:
window.scrollTo(0,-document.body.scrollHeight)
Without any arguments.</msg>
<status status="PASS" starttime="20221011 10:22:35.976" endtime="20221011 10:22:37.003"/>
</kw>
<kw name="Close Browser" library="SeleniumLibrary">
<doc>Closes the current browser.</doc>
<status status="PASS" starttime="20221011 10:22:37.004" endtime="20221011 10:22:40.202"/>
</kw>
<status status="PASS" starttime="20221011 10:22:17.542" endtime="20221011 10:22:40.203"/>
</test>
<status status="PASS" starttime="20221011 10:22:17.255" endtime="20221011 10:22:40.206"/>
</suite>
<status status="PASS" starttime="20221011 10:22:17.192" endtime="20221011 10:22:40.294"/>
</suite>
<statistics>
<total>
<stat pass="1" fail="0" skip="0">All Tests</stat>
</total>
<tag>
</tag>
<suite>
<stat pass="1" fail="0" skip="0" id="s1" name="Suites">Suites</stat>
<stat pass="1" fail="0" skip="0" id="s1-s1" name="ScrollingPage">Suites.ScrollingPage</stat>
</suite>
</statistics>
<errors>
</errors>
</robot>
