<?xml version="1.0" encoding="UTF-8"?>
<robot generator="Robot 5.0.1 (Python 3.8.0 on win32)" generated="20221011 10:18:59.814" rpa="false" schemaversion="3">
<suite id="s1" name="Suites">
<suite id="s1-s1" name="CloseAll" source="C:\Users\d_joh\OneDrive\Coding Projects\TestProject\TestCases\CloseAll.robot">
<test id="s1-s1-t1" name="TestCase" line="16">
<kw name="Open Page">
<kw name="Open Browser" library="SeleniumLibrary">
<arg>${URL}</arg>
<arg>${Browser}</arg>
<doc>Opens a new browser instance to the optional ``url``.</doc>
<msg timestamp="20221011 10:19:00.166" level="INFO">Opening browser 'Edge' to base url 'https://demowebshop.tricentis.com/register'.</msg>
<status status="PASS" starttime="20221011 10:19:00.165" endtime="20221011 10:19:04.341"/>
</kw>
<status status="PASS" starttime="20221011 10:19:00.165" endtime="20221011 10:19:04.343"/>
</kw>
<kw name="Maximize Browser Window" library="SeleniumLibrary">
<doc>Maximizes current browser window.</doc>
<status status="PASS" starttime="20221011 10:19:04.344" endtime="20221011 10:19:04.530"/>
</kw>
<kw name="Open Another Page">
<kw name="Open Browser" library="SeleniumLibrary">
<arg>${URL1}</arg>
<arg>${Browser}</arg>
<doc>Opens a new browser instance to the optional ``url``.</doc>
<msg timestamp="20221011 10:19:04.545" level="INFO">Opening browser 'Edge' to base url 'https://www.tutorialspoint.com/selenium/selenium_automation_practice.htm'.</msg>
<status status="PASS" starttime="20221011 10:19:04.536" endtime="20221011 10:19:08.781"/>
</kw>
<status status="PASS" starttime="20221011 10:19:04.533" endtime="20221011 10:19:08.782"/>
</kw>
<kw name="Maximize Browser Window" library="SeleniumLibrary">
<doc>Maximizes current browser window.</doc>
<status status="PASS" starttime="20221011 10:19:08.782" endtime="20221011 10:19:09.203"/>
</kw>
<kw name="Close All Browsers" library="SeleniumLibrary">
<doc>Closes all open browsers and resets the browser cache.</doc>
<status status="PASS" starttime="20221011 10:19:09.204" endtime="20221011 10:19:15.219"/>
</kw>
<status status="PASS" starttime="20221011 10:19:00.164" endtime="20221011 10:19:15.220"/>
</test>
<status status="PASS" starttime="20221011 10:18:59.880" endtime="20221011 10:19:15.224"/>
</suite>
<status status="PASS" starttime="20221011 10:18:59.846" endtime="20221011 10:19:15.230"/>
</suite>
<statistics>
<total>
<stat pass="1" fail="0" skip="0">All Tests</stat>
</total>
<tag>
</tag>
<suite>
<stat pass="1" fail="0" skip="0" id="s1" name="Suites">Suites</stat>
<stat pass="1" fail="0" skip="0" id="s1-s1" name="CloseAll">Suites.CloseAll</stat>
</suite>
</statistics>
<errors>
</errors>
</robot>
