<?xml version="1.0" encoding="UTF-8"?>
<robot generator="Robot 5.0.1 (Python 3.8.0 on win32)" generated="20221011 10:18:50.569" rpa="false" schemaversion="3">
<suite id="s1" name="Suites">
<suite id="s1-s1" name="Alerts" source="C:\Users\d_joh\OneDrive\Coding Projects\TestProject\TestCases\Alerts.robot">
<test id="s1-s1-t1" name="Handling Alerts" line="14">
<kw name="Open Page">
<kw name="Open Browser" library="SeleniumLibrary">
<arg>${URL}</arg>
<arg>${Browser}</arg>
<doc>Opens a new browser instance to the optional ``url``.</doc>
<msg timestamp="20221011 10:18:50.957" level="INFO">Opening browser 'Edge' to base url 'https://demo.seleniumeasy.com/javascript-alert-box-demo.html'.</msg>
<status status="PASS" starttime="20221011 10:18:50.956" endtime="20221011 10:18:55.161"/>
</kw>
<status status="PASS" starttime="20221011 10:18:50.956" endtime="20221011 10:18:55.162"/>
</kw>
<kw name="Maximize Browser Window" library="SeleniumLibrary">
<doc>Maximizes current browser window.</doc>
<status status="PASS" starttime="20221011 10:18:55.164" endtime="20221011 10:18:55.457"/>
</kw>
<kw name="Time">
<kw name="Set Selenium Speed" library="SeleniumLibrary">
<arg>1</arg>
<doc>Sets the delay that is waited after each Selenium command.</doc>
<status status="PASS" starttime="20221011 10:18:55.470" endtime="20221011 10:18:55.476"/>
</kw>
<status status="PASS" starttime="20221011 10:18:55.460" endtime="20221011 10:18:55.486"/>
</kw>
<kw name="Click Element" library="SeleniumLibrary">
<arg>xpath://*[@id="easycont"]/div/div[2]/div[2]/div[2]/button</arg>
<doc>Click the element identified by ``locator``.</doc>
<msg timestamp="20221011 10:18:55.491" level="INFO">Clicking element 'xpath://*[@id="easycont"]/div/div[2]/div[2]/div[2]/button'.</msg>
<status status="PASS" starttime="20221011 10:18:55.488" endtime="20221011 10:18:57.779"/>
</kw>
<kw name="Handle Alert" library="SeleniumLibrary">
<arg>Dismiss</arg>
<doc>Handles the current alert and returns its message.</doc>
<msg timestamp="20221011 10:18:57.783" level="INFO">HANDLE::&lt;class 'NoneType'&gt;::None</msg>
<status status="PASS" starttime="20221011 10:18:57.781" endtime="20221011 10:19:00.832"/>
</kw>
<kw name="Close Browser" library="SeleniumLibrary">
<doc>Closes the current browser.</doc>
<status status="PASS" starttime="20221011 10:19:00.834" endtime="20221011 10:19:03.999"/>
</kw>
<status status="PASS" starttime="20221011 10:18:50.955" endtime="20221011 10:19:04.000"/>
</test>
<status status="PASS" starttime="20221011 10:18:50.609" endtime="20221011 10:19:04.001"/>
</suite>
<status status="PASS" starttime="20221011 10:18:50.585" endtime="20221011 10:19:04.005"/>
</suite>
<statistics>
<total>
<stat pass="1" fail="0" skip="0">All Tests</stat>
</total>
<tag>
</tag>
<suite>
<stat pass="1" fail="0" skip="0" id="s1" name="Suites">Suites</stat>
<stat pass="1" fail="0" skip="0" id="s1-s1" name="Alerts">Suites.Alerts</stat>
</suite>
</statistics>
<errors>
</errors>
</robot>
