<?xml version="1.0" encoding="UTF-8"?>
<robot generator="Robot 5.0.1 (Python 3.8.0 on win32)" generated="20221011 10:19:04.984" rpa="false" schemaversion="3">
<suite id="s1" name="Suites">
<suite id="s1-s1" name="DDT1" source="C:\Users\d_joh\OneDrive\Coding Projects\TestProject\TestCases\DDT1.robot">
<kw name="Launch Browser" library="LoginResources" type="SETUP">
<kw name="Open Browser" library="SeleniumLibrary">
<arg>${LOGIN URL}</arg>
<arg>${BROWSER}</arg>
<doc>Opens a new browser instance to the optional ``url``.</doc>
<msg timestamp="20221011 10:19:05.307" level="INFO">Opening browser 'Edge' to base url 'https://admin-demo.nopcommerce.com/login?ReturnUrl=%2Fadmin%2F'.</msg>
<status status="PASS" starttime="20221011 10:19:05.306" endtime="20221011 10:19:13.037"/>
</kw>
<kw name="Maximize Browser Window" library="SeleniumLibrary">
<doc>Maximizes current browser window.</doc>
<status status="PASS" starttime="20221011 10:19:13.038" endtime="20221011 10:19:13.273"/>
</kw>
<status status="PASS" starttime="20221011 10:19:05.305" endtime="20221011 10:19:13.274"/>
</kw>
<test id="s1-s1-t1" name="Right User Empty Password" line="16">
<kw name="Invalid Login">
<arg>admin@yourstore.com</arg>
<arg>${EMPTY}</arg>
<kw name="Go To Login Page" library="LoginResources">
<kw name="Go To" library="SeleniumLibrary">
<arg>${LOGIN URL}</arg>
<doc>Navigates the current browser window to the provided ``url``.</doc>
<msg timestamp="20221011 10:19:13.297" level="INFO">Opening url 'https://admin-demo.nopcommerce.com/login?ReturnUrl=%2Fadmin%2F'</msg>
<status status="PASS" starttime="20221011 10:19:13.294" endtime="20221011 10:19:13.628"/>
</kw>
<status status="PASS" starttime="20221011 10:19:13.286" endtime="20221011 10:19:13.631"/>
</kw>
<kw name="Input Email" library="LoginResources">
<arg>${email}</arg>
<kw name="Input Text" library="SeleniumLibrary">
<arg>xpath://*[@id="Email"]</arg>
<arg>${email}</arg>
<doc>Types the given ``text`` into the text field identified by ``locator``.</doc>
<msg timestamp="20221011 10:19:13.636" level="INFO">Typing text 'admin@yourstore.com' into text field 'xpath://*[@id="Email"]'.</msg>
<status status="PASS" starttime="20221011 10:19:13.635" endtime="20221011 10:19:13.790"/>
</kw>
<status status="PASS" starttime="20221011 10:19:13.632" endtime="20221011 10:19:13.791"/>
</kw>
<kw name="Input PSWD" library="LoginResources">
<arg>${password}</arg>
<kw name="Input Text" library="SeleniumLibrary">
<arg>xpath://*[@id="Password"]</arg>
<arg>${password}</arg>
<doc>Types the given ``text`` into the text field identified by ``locator``.</doc>
<msg timestamp="20221011 10:19:13.794" level="INFO">Typing text '' into text field 'xpath://*[@id="Password"]'.</msg>
<status status="PASS" starttime="20221011 10:19:13.793" endtime="20221011 10:19:13.899"/>
</kw>
<status status="PASS" starttime="20221011 10:19:13.792" endtime="20221011 10:19:13.899"/>
</kw>
<kw name="Click Login" library="LoginResources">
<kw name="Click Element" library="SeleniumLibrary">
<arg>xpath:/html/body/div[6]/div/div/div/div/div[2]/div[1]/div/form/div[3]/button</arg>
<doc>Click the element identified by ``locator``.</doc>
<msg timestamp="20221011 10:19:13.901" level="INFO">Clicking element 'xpath:/html/body/div[6]/div/div/div/div/div[2]/div[1]/div/form/div[3]/button'.</msg>
<status status="PASS" starttime="20221011 10:19:13.900" endtime="20221011 10:19:14.256"/>
</kw>
<status status="PASS" starttime="20221011 10:19:13.900" endtime="20221011 10:19:14.259"/>
</kw>
<kw name="Error Message Should Be Visible" library="LoginResources">
<kw name="Page Should Contain" library="SeleniumLibrary">
<arg>Login was unsuccessful</arg>
<doc>Verifies that current page contains ``text``.</doc>
<msg timestamp="20221011 10:19:14.315" level="INFO">Current page contains text 'Login was unsuccessful'.</msg>
<status status="PASS" starttime="20221011 10:19:14.264" endtime="20221011 10:19:14.315"/>
</kw>
<status status="PASS" starttime="20221011 10:19:14.262" endtime="20221011 10:19:14.316"/>
</kw>
<status status="PASS" starttime="20221011 10:19:13.278" endtime="20221011 10:19:14.316"/>
</kw>
<status status="PASS" starttime="20221011 10:19:13.275" endtime="20221011 10:19:14.317"/>
</test>
<test id="s1-s1-t2" name="Right User Wrong Password" line="17">
<kw name="Invalid Login">
<arg>admin@yourstore.com</arg>
<arg>xyz</arg>
<kw name="Go To Login Page" library="LoginResources">
<kw name="Go To" library="SeleniumLibrary">
<arg>${LOGIN URL}</arg>
<doc>Navigates the current browser window to the provided ``url``.</doc>
<msg timestamp="20221011 10:19:14.325" level="INFO">Opening url 'https://admin-demo.nopcommerce.com/login?ReturnUrl=%2Fadmin%2F'</msg>
<status status="PASS" starttime="20221011 10:19:14.323" endtime="20221011 10:19:14.646"/>
</kw>
<status status="PASS" starttime="20221011 10:19:14.322" endtime="20221011 10:19:14.647"/>
</kw>
<kw name="Input Email" library="LoginResources">
<arg>${email}</arg>
<kw name="Input Text" library="SeleniumLibrary">
<arg>xpath://*[@id="Email"]</arg>
<arg>${email}</arg>
<doc>Types the given ``text`` into the text field identified by ``locator``.</doc>
<msg timestamp="20221011 10:19:14.657" level="INFO">Typing text 'admin@yourstore.com' into text field 'xpath://*[@id="Email"]'.</msg>
<status status="PASS" starttime="20221011 10:19:14.652" endtime="20221011 10:19:14.817"/>
</kw>
<status status="PASS" starttime="20221011 10:19:14.648" endtime="20221011 10:19:14.818"/>
</kw>
<kw name="Input PSWD" library="LoginResources">
<arg>${password}</arg>
<kw name="Input Text" library="SeleniumLibrary">
<arg>xpath://*[@id="Password"]</arg>
<arg>${password}</arg>
<doc>Types the given ``text`` into the text field identified by ``locator``.</doc>
<msg timestamp="20221011 10:19:14.819" level="INFO">Typing text 'xyz' into text field 'xpath://*[@id="Password"]'.</msg>
<status status="PASS" starttime="20221011 10:19:14.818" endtime="20221011 10:19:14.936"/>
</kw>
<status status="PASS" starttime="20221011 10:19:14.818" endtime="20221011 10:19:14.936"/>
</kw>
<kw name="Click Login" library="LoginResources">
<kw name="Click Element" library="SeleniumLibrary">
<arg>xpath:/html/body/div[6]/div/div/div/div/div[2]/div[1]/div/form/div[3]/button</arg>
<doc>Click the element identified by ``locator``.</doc>
<msg timestamp="20221011 10:19:14.938" level="INFO">Clicking element 'xpath:/html/body/div[6]/div/div/div/div/div[2]/div[1]/div/form/div[3]/button'.</msg>
<status status="PASS" starttime="20221011 10:19:14.936" endtime="20221011 10:19:15.346"/>
</kw>
<status status="PASS" starttime="20221011 10:19:14.936" endtime="20221011 10:19:15.350"/>
</kw>
<kw name="Error Message Should Be Visible" library="LoginResources">
<kw name="Page Should Contain" library="SeleniumLibrary">
<arg>Login was unsuccessful</arg>
<doc>Verifies that current page contains ``text``.</doc>
<msg timestamp="20221011 10:19:15.401" level="INFO">Current page contains text 'Login was unsuccessful'.</msg>
<status status="PASS" starttime="20221011 10:19:15.354" endtime="20221011 10:19:15.402"/>
</kw>
<status status="PASS" starttime="20221011 10:19:15.352" endtime="20221011 10:19:15.402"/>
</kw>
<status status="PASS" starttime="20221011 10:19:14.320" endtime="20221011 10:19:15.403"/>
</kw>
<status status="PASS" starttime="20221011 10:19:14.319" endtime="20221011 10:19:15.404"/>
</test>
<test id="s1-s1-t3" name="Wrong User Right Password" line="18">
<kw name="Invalid Login">
<arg>admn@yourstore.com</arg>
<arg>admin</arg>
<kw name="Go To Login Page" library="LoginResources">
<kw name="Go To" library="SeleniumLibrary">
<arg>${LOGIN URL}</arg>
<doc>Navigates the current browser window to the provided ``url``.</doc>
<msg timestamp="20221011 10:19:15.412" level="INFO">Opening url 'https://admin-demo.nopcommerce.com/login?ReturnUrl=%2Fadmin%2F'</msg>
<status status="PASS" starttime="20221011 10:19:15.411" endtime="20221011 10:19:15.751"/>
</kw>
<status status="PASS" starttime="20221011 10:19:15.409" endtime="20221011 10:19:15.752"/>
</kw>
<kw name="Input Email" library="LoginResources">
<arg>${email}</arg>
<kw name="Input Text" library="SeleniumLibrary">
<arg>xpath://*[@id="Email"]</arg>
<arg>${email}</arg>
<doc>Types the given ``text`` into the text field identified by ``locator``.</doc>
<msg timestamp="20221011 10:19:15.760" level="INFO">Typing text 'admn@yourstore.com' into text field 'xpath://*[@id="Email"]'.</msg>
<status status="PASS" starttime="20221011 10:19:15.755" endtime="20221011 10:19:16.037"/>
</kw>
<status status="PASS" starttime="20221011 10:19:15.753" endtime="20221011 10:19:16.037"/>
</kw>
<kw name="Input PSWD" library="LoginResources">
<arg>${password}</arg>
<kw name="Input Text" library="SeleniumLibrary">
<arg>xpath://*[@id="Password"]</arg>
<arg>${password}</arg>
<doc>Types the given ``text`` into the text field identified by ``locator``.</doc>
<msg timestamp="20221011 10:19:16.043" level="INFO">Typing text 'admin' into text field 'xpath://*[@id="Password"]'.</msg>
<status status="PASS" starttime="20221011 10:19:16.041" endtime="20221011 10:19:16.212"/>
</kw>
<status status="PASS" starttime="20221011 10:19:16.038" endtime="20221011 10:19:16.212"/>
</kw>
<kw name="Click Login" library="LoginResources">
<kw name="Click Element" library="SeleniumLibrary">
<arg>xpath:/html/body/div[6]/div/div/div/div/div[2]/div[1]/div/form/div[3]/button</arg>
<doc>Click the element identified by ``locator``.</doc>
<msg timestamp="20221011 10:19:16.215" level="INFO">Clicking element 'xpath:/html/body/div[6]/div/div/div/div/div[2]/div[1]/div/form/div[3]/button'.</msg>
<status status="PASS" starttime="20221011 10:19:16.214" endtime="20221011 10:19:16.621"/>
</kw>
<status status="PASS" starttime="20221011 10:19:16.213" endtime="20221011 10:19:16.624"/>
</kw>
<kw name="Error Message Should Be Visible" library="LoginResources">
<kw name="Page Should Contain" library="SeleniumLibrary">
<arg>Login was unsuccessful</arg>
<doc>Verifies that current page contains ``text``.</doc>
<msg timestamp="20221011 10:19:16.654" level="INFO">Current page contains text 'Login was unsuccessful'.</msg>
<status status="PASS" starttime="20221011 10:19:16.627" endtime="20221011 10:19:16.654"/>
</kw>
<status status="PASS" starttime="20221011 10:19:16.624" endtime="20221011 10:19:16.654"/>
</kw>
<status status="PASS" starttime="20221011 10:19:15.408" endtime="20221011 10:19:16.655"/>
</kw>
<status status="PASS" starttime="20221011 10:19:15.406" endtime="20221011 10:19:16.657"/>
</test>
<test id="s1-s1-t4" name="Wrong User Empty Password" line="19">
<kw name="Invalid Login">
<arg>admn@yourstore.com</arg>
<arg>${EMPTY}</arg>
<kw name="Go To Login Page" library="LoginResources">
<kw name="Go To" library="SeleniumLibrary">
<arg>${LOGIN URL}</arg>
<doc>Navigates the current browser window to the provided ``url``.</doc>
<msg timestamp="20221011 10:19:16.664" level="INFO">Opening url 'https://admin-demo.nopcommerce.com/login?ReturnUrl=%2Fadmin%2F'</msg>
<status status="PASS" starttime="20221011 10:19:16.663" endtime="20221011 10:19:16.954"/>
</kw>
<status status="PASS" starttime="20221011 10:19:16.662" endtime="20221011 10:19:16.956"/>
</kw>
<kw name="Input Email" library="LoginResources">
<arg>${email}</arg>
<kw name="Input Text" library="SeleniumLibrary">
<arg>xpath://*[@id="Email"]</arg>
<arg>${email}</arg>
<doc>Types the given ``text`` into the text field identified by ``locator``.</doc>
<msg timestamp="20221011 10:19:16.965" level="INFO">Typing text 'admn@yourstore.com' into text field 'xpath://*[@id="Email"]'.</msg>
<status status="PASS" starttime="20221011 10:19:16.962" endtime="20221011 10:19:17.141"/>
</kw>
<status status="PASS" starttime="20221011 10:19:16.958" endtime="20221011 10:19:17.142"/>
</kw>
<kw name="Input PSWD" library="LoginResources">
<arg>${password}</arg>
<kw name="Input Text" library="SeleniumLibrary">
<arg>xpath://*[@id="Password"]</arg>
<arg>${password}</arg>
<doc>Types the given ``text`` into the text field identified by ``locator``.</doc>
<msg timestamp="20221011 10:19:17.145" level="INFO">Typing text '' into text field 'xpath://*[@id="Password"]'.</msg>
<status status="PASS" starttime="20221011 10:19:17.144" endtime="20221011 10:19:17.252"/>
</kw>
<status status="PASS" starttime="20221011 10:19:17.142" endtime="20221011 10:19:17.253"/>
</kw>
<kw name="Click Login" library="LoginResources">
<kw name="Click Element" library="SeleniumLibrary">
<arg>xpath:/html/body/div[6]/div/div/div/div/div[2]/div[1]/div/form/div[3]/button</arg>
<doc>Click the element identified by ``locator``.</doc>
<msg timestamp="20221011 10:19:17.254" level="INFO">Clicking element 'xpath:/html/body/div[6]/div/div/div/div/div[2]/div[1]/div/form/div[3]/button'.</msg>
<status status="PASS" starttime="20221011 10:19:17.253" endtime="20221011 10:19:17.653"/>
</kw>
<status status="PASS" starttime="20221011 10:19:17.253" endtime="20221011 10:19:17.654"/>
</kw>
<kw name="Error Message Should Be Visible" library="LoginResources">
<kw name="Page Should Contain" library="SeleniumLibrary">
<arg>Login was unsuccessful</arg>
<doc>Verifies that current page contains ``text``.</doc>
<msg timestamp="20221011 10:19:17.694" level="INFO">Current page contains text 'Login was unsuccessful'.</msg>
<status status="PASS" starttime="20221011 10:19:17.658" endtime="20221011 10:19:17.695"/>
</kw>
<status status="PASS" starttime="20221011 10:19:17.654" endtime="20221011 10:19:17.695"/>
</kw>
<status status="PASS" starttime="20221011 10:19:16.660" endtime="20221011 10:19:17.696"/>
</kw>
<status status="PASS" starttime="20221011 10:19:16.659" endtime="20221011 10:19:17.696"/>
</test>
<test id="s1-s1-t5" name="Wrong User Wrong Password" line="20">
<kw name="Invalid Login">
<arg>admn@yourstore.com</arg>
<arg>xyz</arg>
<kw name="Go To Login Page" library="LoginResources">
<kw name="Go To" library="SeleniumLibrary">
<arg>${LOGIN URL}</arg>
<doc>Navigates the current browser window to the provided ``url``.</doc>
<msg timestamp="20221011 10:19:17.701" level="INFO">Opening url 'https://admin-demo.nopcommerce.com/login?ReturnUrl=%2Fadmin%2F'</msg>
<status status="PASS" starttime="20221011 10:19:17.700" endtime="20221011 10:19:18.018"/>
</kw>
<status status="PASS" starttime="20221011 10:19:17.699" endtime="20221011 10:19:18.022"/>
</kw>
<kw name="Input Email" library="LoginResources">
<arg>${email}</arg>
<kw name="Input Text" library="SeleniumLibrary">
<arg>xpath://*[@id="Email"]</arg>
<arg>${email}</arg>
<doc>Types the given ``text`` into the text field identified by ``locator``.</doc>
<msg timestamp="20221011 10:19:18.030" level="INFO">Typing text 'admn@yourstore.com' into text field 'xpath://*[@id="Email"]'.</msg>
<status status="PASS" starttime="20221011 10:19:18.028" endtime="20221011 10:19:18.216"/>
</kw>
<status status="PASS" starttime="20221011 10:19:18.023" endtime="20221011 10:19:18.218"/>
</kw>
<kw name="Input PSWD" library="LoginResources">
<arg>${password}</arg>
<kw name="Input Text" library="SeleniumLibrary">
<arg>xpath://*[@id="Password"]</arg>
<arg>${password}</arg>
<doc>Types the given ``text`` into the text field identified by ``locator``.</doc>
<msg timestamp="20221011 10:19:18.219" level="INFO">Typing text 'xyz' into text field 'xpath://*[@id="Password"]'.</msg>
<status status="PASS" starttime="20221011 10:19:18.219" endtime="20221011 10:19:18.428"/>
</kw>
<status status="PASS" starttime="20221011 10:19:18.218" endtime="20221011 10:19:18.429"/>
</kw>
<kw name="Click Login" library="LoginResources">
<kw name="Click Element" library="SeleniumLibrary">
<arg>xpath:/html/body/div[6]/div/div/div/div/div[2]/div[1]/div/form/div[3]/button</arg>
<doc>Click the element identified by ``locator``.</doc>
<msg timestamp="20221011 10:19:18.432" level="INFO">Clicking element 'xpath:/html/body/div[6]/div/div/div/div/div[2]/div[1]/div/form/div[3]/button'.</msg>
<status status="PASS" starttime="20221011 10:19:18.431" endtime="20221011 10:19:18.867"/>
</kw>
<status status="PASS" starttime="20221011 10:19:18.429" endtime="20221011 10:19:18.867"/>
</kw>
<kw name="Error Message Should Be Visible" library="LoginResources">
<kw name="Page Should Contain" library="SeleniumLibrary">
<arg>Login was unsuccessful</arg>
<doc>Verifies that current page contains ``text``.</doc>
<msg timestamp="20221011 10:19:18.898" level="INFO">Current page contains text 'Login was unsuccessful'.</msg>
<status status="PASS" starttime="20221011 10:19:18.868" endtime="20221011 10:19:18.899"/>
</kw>
<status status="PASS" starttime="20221011 10:19:18.867" endtime="20221011 10:19:18.899"/>
</kw>
<status status="PASS" starttime="20221011 10:19:17.698" endtime="20221011 10:19:18.900"/>
</kw>
<status status="PASS" starttime="20221011 10:19:17.697" endtime="20221011 10:19:18.900"/>
</test>
<kw name="Exit Browser" library="LoginResources" type="TEARDOWN">
<kw name="Close All Browsers" library="SeleniumLibrary">
<doc>Closes all open browsers and resets the browser cache.</doc>
<status status="PASS" starttime="20221011 10:19:18.903" endtime="20221011 10:19:21.261"/>
</kw>
<status status="PASS" starttime="20221011 10:19:18.902" endtime="20221011 10:19:21.262"/>
</kw>
<doc>Testing the Login Page of NOP Commerce</doc>
<status status="PASS" starttime="20221011 10:19:05.012" endtime="20221011 10:19:21.262"/>
</suite>
<status status="PASS" starttime="20221011 10:19:04.994" endtime="20221011 10:19:21.264"/>
</suite>
<statistics>
<total>
<stat pass="5" fail="0" skip="0">All Tests</stat>
</total>
<tag>
</tag>
<suite>
<stat pass="5" fail="0" skip="0" id="s1" name="Suites">Suites</stat>
<stat pass="5" fail="0" skip="0" id="s1-s1" name="DDT1">Suites.DDT1</stat>
</suite>
</statistics>
<errors>
</errors>
</robot>
