<?xml version="1.0" encoding="UTF-8"?>
<robot generator="Robot 5.0.1 (Python 3.8.0 on win32)" generated="20221011 10:22:40.658" rpa="false" schemaversion="3">
<suite id="s1" name="Suites">
<suite id="s1-s1" name="TabbedWindows" source="C:\Users\d_joh\OneDrive\Coding Projects\TestProject\TestCases\TabbedWindows.robot">
<test id="s1-s1-t1" name="Tabbed Windows" line="15">
<kw name="Open Browser" library="SeleniumLibrary">
<arg>${URL}</arg>
<arg>${Browser}</arg>
<doc>Opens a new browser instance to the optional ``url``.</doc>
<msg timestamp="20221011 10:22:42.325" level="INFO">Opening browser 'Edge' to base url 'https://demo.automationtesting.in/Windows.html'.</msg>
<status status="PASS" starttime="20221011 10:22:42.325" endtime="20221011 10:22:52.045"/>
</kw>
<kw name="Maximize Browser Window" library="SeleniumLibrary">
<doc>Maximizes current browser window.</doc>
<status status="PASS" starttime="20221011 10:22:52.045" endtime="20221011 10:22:52.225"/>
</kw>
<kw name="Speed">
<kw name="Set Selenium Speed" library="SeleniumLibrary">
<arg>1</arg>
<doc>Sets the delay that is waited after each Selenium command.</doc>
<status status="PASS" starttime="20221011 10:22:52.235" endtime="20221011 10:22:52.237"/>
</kw>
<status status="PASS" starttime="20221011 10:22:52.229" endtime="20221011 10:22:52.240"/>
</kw>
<kw name="Click Element" library="SeleniumLibrary">
<arg>xpath://*[@id="Tabbed"]/a/button</arg>
<doc>Click the element identified by ``locator``.</doc>
<msg timestamp="20221011 10:22:52.253" level="INFO">Clicking element 'xpath://*[@id="Tabbed"]/a/button'.</msg>
<status status="PASS" starttime="20221011 10:22:52.243" endtime="20221011 10:22:54.902"/>
</kw>
<kw name="Switch Window" library="SeleniumLibrary">
<arg>title=Selenium</arg>
<doc>Switches to browser window matching ``locator``.</doc>
<status status="PASS" starttime="20221011 10:22:54.904" endtime="20221011 10:23:09.423"/>
</kw>
<kw name="Click Element" library="SeleniumLibrary">
<arg>xpath://*[@id="main_navbar"]/ul/li[3]/a</arg>
<doc>Click the element identified by ``locator``.</doc>
<msg timestamp="20221011 10:23:09.438" level="INFO">Clicking element 'xpath://*[@id="main_navbar"]/ul/li[3]/a'.</msg>
<status status="PASS" starttime="20221011 10:23:09.428" endtime="20221011 10:23:13.524"/>
</kw>
<kw name="Close Browser" library="SeleniumLibrary">
<doc>Closes the current browser.</doc>
<status status="PASS" starttime="20221011 10:23:13.524" endtime="20221011 10:23:16.699"/>
</kw>
<status status="PASS" starttime="20221011 10:22:42.324" endtime="20221011 10:23:16.699"/>
</test>
<test id="s1-s1-t2" name="Browser Windows" line="27">
<kw name="Speed">
<kw name="Set Selenium Speed" library="SeleniumLibrary">
<arg>1</arg>
<doc>Sets the delay that is waited after each Selenium command.</doc>
<status status="PASS" starttime="20221011 10:23:16.702" endtime="20221011 10:23:16.703"/>
</kw>
<status status="PASS" starttime="20221011 10:23:16.702" endtime="20221011 10:23:16.703"/>
</kw>
<kw name="Open Browser" library="SeleniumLibrary">
<arg>${URL1}</arg>
<arg>${Browser}</arg>
<doc>Opens a new browser instance to the optional ``url``.</doc>
<msg timestamp="20221011 10:23:16.703" level="INFO">Opening browser 'Edge' to base url 'https://www.google.com/'.</msg>
<status status="PASS" starttime="20221011 10:23:16.703" endtime="20221011 10:23:20.158"/>
</kw>
<kw name="Maximize Browser Window" library="SeleniumLibrary">
<doc>Maximizes current browser window.</doc>
<status status="PASS" starttime="20221011 10:23:20.164" endtime="20221011 10:23:21.709"/>
</kw>
<kw name="Open Browser" library="SeleniumLibrary">
<arg>${URL2}</arg>
<arg>${Browser}</arg>
<doc>Opens a new browser instance to the optional ``url``.</doc>
<msg timestamp="20221011 10:23:21.713" level="INFO">Opening browser 'Edge' to base url 'https://www.bing.com/'.</msg>
<status status="PASS" starttime="20221011 10:23:21.710" endtime="20221011 10:23:26.451"/>
</kw>
<kw name="Maximize Browser Window" library="SeleniumLibrary">
<doc>Maximizes current browser window.</doc>
<status status="PASS" starttime="20221011 10:23:26.468" endtime="20221011 10:23:28.140"/>
</kw>
<kw name="Switch Browser" library="SeleniumLibrary">
<arg>1</arg>
<doc>Switches between active browsers using ``index_or_alias``.</doc>
<status status="PASS" starttime="20221011 10:23:28.141" endtime="20221011 10:23:28.143"/>
</kw>
<kw name="Get Title" library="SeleniumLibrary">
<var>${title}</var>
<doc>Returns the title of the current page.</doc>
<msg timestamp="20221011 10:23:32.216" level="WARN">Retrying (Retry(total=2, connect=None, read=None, redirect=None, status=None)) after connection broken by 'NewConnectionError('&lt;urllib3.connection.HTTPConnection object at 0x00000202F17EE100&gt;: Failed to establish a new connection: [WinError 10061] No connection could be made because the target machine actively refused it')': /session/dbdc7df8ebd8ee57b01ca0434e55475f/title</msg>
<msg timestamp="20221011 10:23:36.286" level="WARN">Retrying (Retry(total=1, connect=None, read=None, redirect=None, status=None)) after connection broken by 'NewConnectionError('&lt;urllib3.connection.HTTPConnection object at 0x00000202F17EE250&gt;: Failed to establish a new connection: [WinError 10061] No connection could be made because the target machine actively refused it')': /session/dbdc7df8ebd8ee57b01ca0434e55475f/title</msg>
<msg timestamp="20221011 10:23:40.343" level="WARN">Retrying (Retry(total=0, connect=None, read=None, redirect=None, status=None)) after connection broken by 'NewConnectionError('&lt;urllib3.connection.HTTPConnection object at 0x00000202F17EE3A0&gt;: Failed to establish a new connection: [WinError 10061] No connection could be made because the target machine actively refused it')': /session/dbdc7df8ebd8ee57b01ca0434e55475f/title</msg>
<msg timestamp="20221011 10:23:48.514" level="WARN">Retrying (Retry(total=2, connect=None, read=None, redirect=None, status=None)) after connection broken by 'NewConnectionError('&lt;urllib3.connection.HTTPConnection object at 0x00000202F17EE670&gt;: Failed to establish a new connection: [WinError 10061] No connection could be made because the target machine actively refused it')': /session/dbdc7df8ebd8ee57b01ca0434e55475f/screenshot</msg>
<msg timestamp="20221011 10:23:52.599" level="WARN">Retrying (Retry(total=1, connect=None, read=None, redirect=None, status=None)) after connection broken by 'NewConnectionError('&lt;urllib3.connection.HTTPConnection object at 0x00000202F17EE7F0&gt;: Failed to establish a new connection: [WinError 10061] No connection could be made because the target machine actively refused it')': /session/dbdc7df8ebd8ee57b01ca0434e55475f/screenshot</msg>
<msg timestamp="20221011 10:23:56.690" level="WARN">Retrying (Retry(total=0, connect=None, read=None, redirect=None, status=None)) after connection broken by 'NewConnectionError('&lt;urllib3.connection.HTTPConnection object at 0x00000202F17E4D30&gt;: Failed to establish a new connection: [WinError 10061] No connection could be made because the target machine actively refused it')': /session/dbdc7df8ebd8ee57b01ca0434e55475f/screenshot</msg>
<msg timestamp="20221011 10:24:00.758" level="WARN">Keyword 'Capture Page Screenshot' could not be run on failure: HTTPConnectionPool(host='localhost', port=65453): Max retries exceeded with url: /session/dbdc7df8ebd8ee57b01ca0434e55475f/screenshot (Caused by NewConnectionError('&lt;urllib3.connection.HTTPConnection object at 0x00000202F17E4520&gt;: Failed to establish a new connection: [WinError 10061] No connection could be made because the target machine actively refused it'))</msg>
<msg timestamp="20221011 10:24:00.761" level="FAIL">MaxRetryError: HTTPConnectionPool(host='localhost', port=65453): Max retries exceeded with url: /session/dbdc7df8ebd8ee57b01ca0434e55475f/title (Caused by NewConnectionError('&lt;urllib3.connection.HTTPConnection object at 0x00000202F17EE4F0&gt;: Failed to establish a new connection: [WinError 10061] No connection could be made because the target machine actively refused it'))</msg>
<status status="FAIL" starttime="20221011 10:23:28.144" endtime="20221011 10:24:00.997"/>
</kw>
<kw name="Log To Console" library="BuiltIn">
<arg>${title}</arg>
<doc>Logs the given message to the console.</doc>
<status status="NOT RUN" starttime="20221011 10:24:00.998" endtime="20221011 10:24:00.998"/>
</kw>
<kw name="Switch Browser" library="SeleniumLibrary">
<arg>2</arg>
<doc>Switches between active browsers using ``index_or_alias``.</doc>
<status status="NOT RUN" starttime="20221011 10:24:00.998" endtime="20221011 10:24:00.998"/>
</kw>
<kw name="Get Title" library="SeleniumLibrary">
<var>${title1}</var>
<doc>Returns the title of the current page.</doc>
<status status="NOT RUN" starttime="20221011 10:24:00.999" endtime="20221011 10:24:00.999"/>
</kw>
<kw name="Log To Console" library="BuiltIn">
<arg>${title1}</arg>
<doc>Logs the given message to the console.</doc>
<status status="NOT RUN" starttime="20221011 10:24:00.999" endtime="20221011 10:24:00.999"/>
</kw>
<kw name="Close All Browsers" library="SeleniumLibrary">
<doc>Closes all open browsers and resets the browser cache.</doc>
<status status="NOT RUN" starttime="20221011 10:24:00.999" endtime="20221011 10:24:00.999"/>
</kw>
<status status="FAIL" starttime="20221011 10:23:16.700" endtime="20221011 10:24:01.000">MaxRetryError: HTTPConnectionPool(host='localhost', port=65453): Max retries exceeded with url: /session/dbdc7df8ebd8ee57b01ca0434e55475f/title (Caused by NewConnectionError('&lt;urllib3.connection.HTTPConnection object at 0x00000202F17EE4F0&gt;: Failed to establish a new connection: [WinError 10061] No connection could be made because the target machine actively refused it'))</status>
</test>
<status status="FAIL" starttime="20221011 10:22:40.899" endtime="20221011 10:24:01.001"/>
</suite>
<status status="FAIL" starttime="20221011 10:22:40.752" endtime="20221011 10:24:01.002"/>
</suite>
<statistics>
<total>
<stat pass="1" fail="1" skip="0">All Tests</stat>
</total>
<tag>
</tag>
<suite>
<stat pass="1" fail="1" skip="0" id="s1" name="Suites">Suites</stat>
<stat pass="1" fail="1" skip="0" id="s1-s1" name="TabbedWindows">Suites.TabbedWindows</stat>
</suite>
</statistics>
<errors>
<msg timestamp="20221011 10:23:32.216" level="WARN">Retrying (Retry(total=2, connect=None, read=None, redirect=None, status=None)) after connection broken by 'NewConnectionError('&lt;urllib3.connection.HTTPConnection object at 0x00000202F17EE100&gt;: Failed to establish a new connection: [WinError 10061] No connection could be made because the target machine actively refused it')': /session/dbdc7df8ebd8ee57b01ca0434e55475f/title</msg>
<msg timestamp="20221011 10:23:36.286" level="WARN">Retrying (Retry(total=1, connect=None, read=None, redirect=None, status=None)) after connection broken by 'NewConnectionError('&lt;urllib3.connection.HTTPConnection object at 0x00000202F17EE250&gt;: Failed to establish a new connection: [WinError 10061] No connection could be made because the target machine actively refused it')': /session/dbdc7df8ebd8ee57b01ca0434e55475f/title</msg>
<msg timestamp="20221011 10:23:40.343" level="WARN">Retrying (Retry(total=0, connect=None, read=None, redirect=None, status=None)) after connection broken by 'NewConnectionError('&lt;urllib3.connection.HTTPConnection object at 0x00000202F17EE3A0&gt;: Failed to establish a new connection: [WinError 10061] No connection could be made because the target machine actively refused it')': /session/dbdc7df8ebd8ee57b01ca0434e55475f/title</msg>
<msg timestamp="20221011 10:23:48.514" level="WARN">Retrying (Retry(total=2, connect=None, read=None, redirect=None, status=None)) after connection broken by 'NewConnectionError('&lt;urllib3.connection.HTTPConnection object at 0x00000202F17EE670&gt;: Failed to establish a new connection: [WinError 10061] No connection could be made because the target machine actively refused it')': /session/dbdc7df8ebd8ee57b01ca0434e55475f/screenshot</msg>
<msg timestamp="20221011 10:23:52.599" level="WARN">Retrying (Retry(total=1, connect=None, read=None, redirect=None, status=None)) after connection broken by 'NewConnectionError('&lt;urllib3.connection.HTTPConnection object at 0x00000202F17EE7F0&gt;: Failed to establish a new connection: [WinError 10061] No connection could be made because the target machine actively refused it')': /session/dbdc7df8ebd8ee57b01ca0434e55475f/screenshot</msg>
<msg timestamp="20221011 10:23:56.690" level="WARN">Retrying (Retry(total=0, connect=None, read=None, redirect=None, status=None)) after connection broken by 'NewConnectionError('&lt;urllib3.connection.HTTPConnection object at 0x00000202F17E4D30&gt;: Failed to establish a new connection: [WinError 10061] No connection could be made because the target machine actively refused it')': /session/dbdc7df8ebd8ee57b01ca0434e55475f/screenshot</msg>
<msg timestamp="20221011 10:24:00.758" level="WARN">Keyword 'Capture Page Screenshot' could not be run on failure: HTTPConnectionPool(host='localhost', port=65453): Max retries exceeded with url: /session/dbdc7df8ebd8ee57b01ca0434e55475f/screenshot (Caused by NewConnectionError('&lt;urllib3.connection.HTTPConnection object at 0x00000202F17E4520&gt;: Failed to establish a new connection: [WinError 10061] No connection could be made because the target machine actively refused it'))</msg>
</errors>
</robot>
