<?xml version="1.0" encoding="UTF-8"?>
<robot generator="Robot 5.0.1 (Python 3.8.0 on win32)" generated="20221011 10:18:50.569" rpa="false" schemaversion="3">
<suite id="s1" name="Suites">
<suite id="s1-s1" name="Capture" source="C:\Users\d_joh\OneDrive\Coding Projects\TestProject\TestCases\Capture.robot">
<test id="s1-s1-t1" name="Login To Website" line="13">
<kw name="Open Browser" library="SeleniumLibrary">
<arg>${URL}</arg>
<arg>${Browser}</arg>
<doc>Opens a new browser instance to the optional ``url``.</doc>
<msg timestamp="20221011 10:18:50.957" level="INFO">Opening browser 'Edge' to base url 'https://opensource-demo.orangehrmlive.com/'.</msg>
<status status="PASS" starttime="20221011 10:18:50.956" endtime="20221011 10:18:56.462"/>
</kw>
<kw name="Speed">
<kw name="Set Selenium Speed" library="SeleniumLibrary">
<arg>1</arg>
<doc>Sets the delay that is waited after each Selenium command.</doc>
<status status="PASS" starttime="20221011 10:18:56.464" endtime="20221011 10:18:56.464"/>
</kw>
<status status="PASS" starttime="20221011 10:18:56.463" endtime="20221011 10:18:56.464"/>
</kw>
<kw name="Maximize Browser Window" library="SeleniumLibrary">
<doc>Maximizes current browser window.</doc>
<status status="PASS" starttime="20221011 10:18:56.464" endtime="20221011 10:18:57.622"/>
</kw>
<kw name="Capture Page Screenshot" library="SeleniumLibrary">
<arg>H:/TestProject/ScreenShots/Login To Website.png</arg>
<doc>Takes a screenshot of the current page and embeds it into a log file.</doc>
<msg timestamp="20221011 10:18:58.863" level="INFO" html="true">&lt;/td&gt;&lt;/tr&gt;&lt;tr&gt;&lt;td colspan="3"&gt;&lt;a href="selenium-screenshot-1.png"&gt;&lt;img src="selenium-screenshot-1.png" width="800px"&gt;&lt;/a&gt;</msg>
<msg timestamp="20221011 10:18:58.864" level="FAIL">FileNotFoundError: [WinError 3] The system cannot find the path specified: 'H:\\'</msg>
<status status="FAIL" starttime="20221011 10:18:57.624" endtime="20221011 10:18:59.022"/>
</kw>
<kw name="Close Browser" library="SeleniumLibrary">
<doc>Closes the current browser.</doc>
<status status="NOT RUN" starttime="20221011 10:18:59.022" endtime="20221011 10:18:59.023"/>
</kw>
<status status="FAIL" starttime="20221011 10:18:50.955" endtime="20221011 10:18:59.023">FileNotFoundError: [WinError 3] The system cannot find the path specified: 'H:\\'</status>
</test>
<status status="FAIL" starttime="20221011 10:18:50.609" endtime="20221011 10:18:59.024"/>
</suite>
<status status="FAIL" starttime="20221011 10:18:50.586" endtime="20221011 10:18:59.026"/>
</suite>
<statistics>
<total>
<stat pass="0" fail="1" skip="0">All Tests</stat>
</total>
<tag>
</tag>
<suite>
<stat pass="0" fail="1" skip="0" id="s1" name="Suites">Suites</stat>
<stat pass="0" fail="1" skip="0" id="s1-s1" name="Capture">Suites.Capture</stat>
</suite>
</statistics>
<errors>
</errors>
</robot>
