<?xml version="1.0" encoding="UTF-8"?>
<robot generator="Robot 5.0.1 (Python 3.8.0 on win32)" generated="20221011 10:19:31.832" rpa="false" schemaversion="3">
<suite id="s1" name="Suites">
<suite id="s1-s1" name="DropDown" source="C:\Users\d_joh\OneDrive\Coding Projects\TestProject\TestCases\DropDown.robot">
<test id="s1-s1-t1" name="Handling Drop Down" line="15">
<kw name="Open Page">
<kw name="Open Browser" library="SeleniumLibrary">
<arg>${URL}</arg>
<arg>${Browser}</arg>
<doc>Opens a new browser instance to the optional ``url``.</doc>
<msg timestamp="20221011 10:19:32.120" level="INFO">Opening browser 'Edge' to base url 'https://demo.seleniumeasy.com/basic-select-dropdown-demo.html'.</msg>
<status status="PASS" starttime="20221011 10:19:32.119" endtime="20221011 10:19:35.322"/>
</kw>
<status status="PASS" starttime="20221011 10:19:32.119" endtime="20221011 10:19:35.322"/>
</kw>
<kw name="Maximize Browser Window" library="SeleniumLibrary">
<doc>Maximizes current browser window.</doc>
<status status="PASS" starttime="20221011 10:19:35.323" endtime="20221011 10:19:35.489"/>
</kw>
<kw name="Speed">
<kw name="Set Selenium Speed" library="SeleniumLibrary">
<arg>2</arg>
<doc>Sets the delay that is waited after each Selenium command.</doc>
<status status="PASS" starttime="20221011 10:19:35.492" endtime="20221011 10:19:35.493"/>
</kw>
<status status="PASS" starttime="20221011 10:19:35.491" endtime="20221011 10:19:35.495"/>
</kw>
<kw name="Select From List By Label" library="SeleniumLibrary">
<arg>select-demo</arg>
<arg>Sunday</arg>
<doc>Selects options from selection list ``locator`` by ``labels``.</doc>
<msg timestamp="20221011 10:19:35.502" level="INFO">Selecting options from selection list 'select-demo' by label Sunday.</msg>
<status status="PASS" starttime="20221011 10:19:35.496" endtime="20221011 10:19:51.710"/>
</kw>
<kw name="Select From List By Index" library="SeleniumLibrary">
<arg>select-demo</arg>
<arg>6</arg>
<doc>Selects options from selection list ``locator`` by ``indexes``.</doc>
<msg timestamp="20221011 10:19:51.714" level="INFO">Selecting options from selection list 'select-demo' by index 6.</msg>
<status status="PASS" starttime="20221011 10:19:51.712" endtime="20221011 10:20:22.083"/>
</kw>
<kw name="Close Browser" library="SeleniumLibrary">
<doc>Closes the current browser.</doc>
<status status="PASS" starttime="20221011 10:20:22.085" endtime="20221011 10:20:26.203"/>
</kw>
<status status="PASS" starttime="20221011 10:19:32.118" endtime="20221011 10:20:26.203"/>
</test>
<test id="s1-s1-t2" name="Handling List Boxes" line="26">
<kw name="Open Page">
<kw name="Open Browser" library="SeleniumLibrary">
<arg>${URL}</arg>
<arg>${Browser}</arg>
<doc>Opens a new browser instance to the optional ``url``.</doc>
<msg timestamp="20221011 10:20:26.211" level="INFO">Opening browser 'Edge' to base url 'https://demo.seleniumeasy.com/basic-select-dropdown-demo.html'.</msg>
<status status="PASS" starttime="20221011 10:20:26.210" endtime="20221011 10:20:31.275"/>
</kw>
<status status="PASS" starttime="20221011 10:20:26.209" endtime="20221011 10:20:31.276"/>
</kw>
<kw name="Maximize Browser Window" library="SeleniumLibrary">
<doc>Maximizes current browser window.</doc>
<status status="PASS" starttime="20221011 10:20:31.277" endtime="20221011 10:20:33.703"/>
</kw>
<kw name="Speed">
<kw name="Set Selenium Speed" library="SeleniumLibrary">
<arg>2</arg>
<doc>Sets the delay that is waited after each Selenium command.</doc>
<status status="PASS" starttime="20221011 10:20:33.707" endtime="20221011 10:20:33.709"/>
</kw>
<status status="PASS" starttime="20221011 10:20:33.704" endtime="20221011 10:20:33.710"/>
</kw>
<kw name="Select From List By Label" library="SeleniumLibrary">
<arg>multi-select</arg>
<arg>New Jersey</arg>
<doc>Selects options from selection list ``locator`` by ``labels``.</doc>
<msg timestamp="20221011 10:20:33.713" level="INFO">Selecting options from selection list 'multi-select' by label New Jersey.</msg>
<status status="PASS" starttime="20221011 10:20:33.712" endtime="20221011 10:20:49.930"/>
</kw>
<kw name="Select From List By Label" library="SeleniumLibrary">
<arg>multi-select</arg>
<arg>New York</arg>
<doc>Selects options from selection list ``locator`` by ``labels``.</doc>
<msg timestamp="20221011 10:20:49.931" level="INFO">Selecting options from selection list 'multi-select' by label New York.</msg>
<status status="PASS" starttime="20221011 10:20:49.931" endtime="20221011 10:21:06.084"/>
</kw>
<kw name="Unselect From List By Label" library="SeleniumLibrary">
<arg>multi-select</arg>
<arg>New Jersey</arg>
<doc>Unselects options from selection list ``locator`` by ``labels``.</doc>
<msg timestamp="20221011 10:21:06.085" level="INFO">Un-selecting options from selection list 'multi-select' by label New Jersey.</msg>
<status status="PASS" starttime="20221011 10:21:06.084" endtime="20221011 10:21:20.212"/>
</kw>
<kw name="Close Browser" library="SeleniumLibrary">
<doc>Closes the current browser.</doc>
<status status="PASS" starttime="20221011 10:21:20.212" endtime="20221011 10:21:24.287"/>
</kw>
<status status="PASS" starttime="20221011 10:20:26.205" endtime="20221011 10:21:24.287"/>
</test>
<status status="PASS" starttime="20221011 10:19:31.869" endtime="20221011 10:21:24.287"/>
</suite>
<status status="PASS" starttime="20221011 10:19:31.846" endtime="20221011 10:21:24.289"/>
</suite>
<statistics>
<total>
<stat pass="2" fail="0" skip="0">All Tests</stat>
</total>
<tag>
</tag>
<suite>
<stat pass="2" fail="0" skip="0" id="s1" name="Suites">Suites</stat>
<stat pass="2" fail="0" skip="0" id="s1-s1" name="DropDown">Suites.DropDown</stat>
</suite>
</statistics>
<errors>
</errors>
</robot>
