<?xml version="1.0" encoding="UTF-8"?>
<robot generator="Robot 5.0.1 (Python 3.8.0 on win32)" generated="20221011 10:22:57.223" rpa="false" schemaversion="3">
<suite id="s1" name="Suites">
<suite id="s1-s1" name="Test" source="C:\Users\d_joh\OneDrive\Coding Projects\TestProject\TestCases\test.robot">
<test id="s1-s1-t1" name="Open Broswer Page" line="19">
<kw name="Open Webpage">
<kw name="Open Browser" library="Browser">
<arg>${URL}</arg>
<tag>BrowserControl</tag>
<tag>Setter</tag>
<doc>Opens a new browser instance. Use this keyword for quick experiments or debugging sessions.</doc>
<msg timestamp="20221011 10:23:00.650" level="WARN">Open Browser is for quick experimentation and debugging only. Use New Page for production.</msg>
<msg timestamp="20221011 10:23:00.651" level="INFO">{"browser": "chromium", "headless": false, "devtools": false, "handleSIGHUP": true, "handleSIGINT": true, "handleSIGTERM": true, "slowMo": 0.0, "timeout": 30000.0, "deprecated_pos_args": [], "tracesDir": "C:\\Users\\d_joh\\OneDrive\\Coding Projects\\TestProject\\pabot_results\\19\\browser\\traces\\247cb53e-1b91-4e44-b317-54f10ecff379"}</msg>
<msg timestamp="20221011 10:23:03.085" level="INFO">Successfully created browser with options: {"browser":"chromium","headless":false,"devtools":false,"handleSIGHUP":true,"handleSIGINT":true,"handleSIGTERM":true,"slowMo":0,"timeout":30000,"deprecated_pos_args":[],"tracesDir":"C:\\Users\\d_joh\\OneDrive\\Coding Projects\\TestProject\\pabot_results\\19\\browser\\traces\\247cb53e-1b91-4e44-b317-54f10ecff379"}</msg>
<msg timestamp="20221011 10:23:03.086" level="INFO">{
  "acceptDownloads": true,
  "bypassCSP": true,
  "forcedColors": "none",
  "hideRfBrowser": false,
  "ignoreHTTPSErrors": false,
  "javaScriptEnabled": true,
  "offline": false,
  "reducedMotion": "no-preference",
  "viewport": {
    "width": 1280,
    "height": 720
  },
  "deprecated_pos_args": []
}</msg>
<msg timestamp="20221011 10:23:03.138" level="INFO">Successfully created context. </msg>
<msg timestamp="20221011 10:23:03.138" level="INFO">{'acceptDownloads': True, 'bypassCSP': True, 'forcedColors': 'none', 'hideRfBrowser': False, 'ignoreHTTPSErrors': False, 'javaScriptEnabled': True, 'offline': False, 'reducedMotion': 'no-preference', 'viewport': {'width': 1280, 'height': 720}, 'deprecated_pos_args': []}</msg>
<msg timestamp="20221011 10:23:14.079" level="WARN">Keyword 'Take Screenshot  fail-screenshot-{index}' could not be run on failure:
Error: Tried to take screenshot, but no page was open.</msg>
<msg timestamp="20221011 10:23:14.082" level="FAIL">TimeoutError: page.goto: Timeout 10000ms exceeded.
=========================== logs ===========================
navigating to "https://marketsquare.github.io/robotframework-browser/Browser.html", waiting until "load"
============================================================
Tip: Use "Set Browser Timeout" for increasing the timeout or double check your locator as the targeted element(s) couldn't be found.</msg>
<status status="FAIL" starttime="20221011 10:23:00.647" endtime="20221011 10:23:14.237"/>
</kw>
<status status="FAIL" starttime="20221011 10:23:00.643" endtime="20221011 10:23:14.239"/>
</kw>
<kw name="Search Keyword">
<status status="NOT RUN" starttime="20221011 10:23:14.241" endtime="20221011 10:23:14.241"/>
</kw>
<kw name="Click Keyword">
<status status="NOT RUN" starttime="20221011 10:23:14.241" endtime="20221011 10:23:14.241"/>
</kw>
<status status="FAIL" starttime="20221011 10:23:00.636" endtime="20221011 10:23:14.243">TimeoutError: page.goto: Timeout 10000ms exceeded.
=========================== logs ===========================
navigating to "https://marketsquare.github.io/robotframework-browser/Browser.html", waiting until "load"
============================================================
Tip: Use "Set Browser Timeout" for increasing the timeout or double check your locator as the targeted element(s) couldn't be found.</status>
</test>
<doc>Basic example Input text by search and click functions</doc>
<status status="FAIL" starttime="20221011 10:22:57.273" endtime="20221011 10:23:15.555"/>
</suite>
<status status="FAIL" starttime="20221011 10:22:57.242" endtime="20221011 10:23:15.565"/>
</suite>
<statistics>
<total>
<stat pass="0" fail="1" skip="0">All Tests</stat>
</total>
<tag>
</tag>
<suite>
<stat pass="0" fail="1" skip="0" id="s1" name="Suites">Suites</stat>
<stat pass="0" fail="1" skip="0" id="s1-s1" name="Test">Suites.Test</stat>
</suite>
</statistics>
<errors>
<msg timestamp="20221011 10:23:00.650" level="WARN">Open Browser is for quick experimentation and debugging only. Use New Page for production.</msg>
<msg timestamp="20221011 10:23:14.079" level="WARN">Keyword 'Take Screenshot  fail-screenshot-{index}' could not be run on failure:
Error: Tried to take screenshot, but no page was open.</msg>
</errors>
</robot>
