<?xml version="1.0" encoding="UTF-8"?>
<robot generator="Rebot 5.0.1 (Python 3.8.0 on win32)" generated="20221011 10:24:01.330" rpa="false" schemaversion="3">
<suite id="s1" name="Suites">
<suite id="s1-s1" name="Alerts" source="C:\Users\d_joh\OneDrive\Coding Projects\TestProject\TestCases\Alerts.robot">
<test id="s1-s1-t1" name="Handling Alerts" line="14">
<kw name="Open Page">
<kw name="Open Browser" library="SeleniumLibrary">
<arg>${URL}</arg>
<arg>${Browser}</arg>
<doc>Opens a new browser instance to the optional ``url``.</doc>
<msg timestamp="20221011 10:18:50.957" level="INFO">Opening browser 'Edge' to base url 'https://demo.seleniumeasy.com/javascript-alert-box-demo.html'.</msg>
<status status="PASS" starttime="20221011 10:18:50.956" endtime="20221011 10:18:55.161"/>
</kw>
<status status="PASS" starttime="20221011 10:18:50.956" endtime="20221011 10:18:55.162"/>
</kw>
<kw name="Maximize Browser Window" library="SeleniumLibrary">
<doc>Maximizes current browser window.</doc>
<status status="PASS" starttime="20221011 10:18:55.164" endtime="20221011 10:18:55.457"/>
</kw>
<kw name="Time">
<kw name="Set Selenium Speed" library="SeleniumLibrary">
<arg>1</arg>
<doc>Sets the delay that is waited after each Selenium command.</doc>
<status status="PASS" starttime="20221011 10:18:55.470" endtime="20221011 10:18:55.476"/>
</kw>
<status status="PASS" starttime="20221011 10:18:55.460" endtime="20221011 10:18:55.486"/>
</kw>
<kw name="Click Element" library="SeleniumLibrary">
<arg>xpath://*[@id="easycont"]/div/div[2]/div[2]/div[2]/button</arg>
<doc>Click the element identified by ``locator``.</doc>
<msg timestamp="20221011 10:18:55.491" level="INFO">Clicking element 'xpath://*[@id="easycont"]/div/div[2]/div[2]/div[2]/button'.</msg>
<status status="PASS" starttime="20221011 10:18:55.488" endtime="20221011 10:18:57.779"/>
</kw>
<kw name="Handle Alert" library="SeleniumLibrary">
<arg>Dismiss</arg>
<doc>Handles the current alert and returns its message.</doc>
<msg timestamp="20221011 10:18:57.783" level="INFO">HANDLE::&lt;class 'NoneType'&gt;::None</msg>
<status status="PASS" starttime="20221011 10:18:57.781" endtime="20221011 10:19:00.832"/>
</kw>
<kw name="Close Browser" library="SeleniumLibrary">
<doc>Closes the current browser.</doc>
<status status="PASS" starttime="20221011 10:19:00.834" endtime="20221011 10:19:03.999"/>
</kw>
<status status="PASS" starttime="20221011 10:18:50.955" endtime="20221011 10:19:04.000"/>
</test>
<status status="PASS" starttime="20221011 10:18:50.609" endtime="20221011 10:19:04.001"/>
</suite>
<suite id="s1-s2" name="Links" source="C:\Users\d_joh\OneDrive\Coding Projects\TestProject\TestCases\Links.robot">
<test id="s1-s2-t1" name="Get All Links" line="9">
<kw name="Open Browser" library="SeleniumLibrary">
<arg>${URL}</arg>
<arg>${Browser}</arg>
<doc>Opens a new browser instance to the optional ``url``.</doc>
<msg timestamp="20221011 10:20:08.684" level="INFO">Opening browser 'Edge' to base url 'https://demo.guru99.com/selenium/newtours/'.</msg>
<status status="PASS" starttime="20221011 10:20:08.684" endtime="20221011 10:20:12.811"/>
</kw>
<kw name="Get Element Count" library="SeleniumLibrary">
<var>${AllLinksCount}</var>
<arg>xpath://a</arg>
<doc>Returns the number of elements matching ``locator``.</doc>
<msg timestamp="20221011 10:20:12.824" level="INFO">${AllLinksCount} = 16</msg>
<status status="PASS" starttime="20221011 10:20:12.811" endtime="20221011 10:20:12.824"/>
</kw>
<kw name="Log To Console" library="BuiltIn">
<arg>${AllLinksCount}</arg>
<doc>Logs the given message to the console.</doc>
<status status="PASS" starttime="20221011 10:20:12.824" endtime="20221011 10:20:12.825"/>
</kw>
<kw name="Create List" library="BuiltIn">
<var>@{LinkItems}</var>
<doc>Returns a list containing given items.</doc>
<msg timestamp="20221011 10:20:12.825" level="INFO">@{LinkItems} = [ ]</msg>
<status status="PASS" starttime="20221011 10:20:12.825" endtime="20221011 10:20:12.825"/>
</kw>
<for flavor="IN RANGE">
<var>${i}</var>
<value>1</value>
<value>${AllLinksCount}+1</value>
<iter>
<var name="${i}">1</var>
<kw name="Get Text" library="SeleniumLibrary">
<var>${LinkText}</var>
<arg>xpath:(//a)[${i}]</arg>
<doc>Returns the text value of the element identified by ``locator``.</doc>
<msg timestamp="20221011 10:20:12.858" level="INFO">${LinkText} = Home</msg>
<status status="PASS" starttime="20221011 10:20:12.826" endtime="20221011 10:20:12.858"/>
</kw>
<kw name="Log To Console" library="BuiltIn">
<arg>${LinkText}</arg>
<doc>Logs the given message to the console.</doc>
<status status="PASS" starttime="20221011 10:20:12.858" endtime="20221011 10:20:12.858"/>
</kw>
<status status="PASS" starttime="20221011 10:20:12.826" endtime="20221011 10:20:12.859"/>
</iter>
<iter>
<var name="${i}">2</var>
<kw name="Get Text" library="SeleniumLibrary">
<var>${LinkText}</var>
<arg>xpath:(//a)[${i}]</arg>
<doc>Returns the text value of the element identified by ``locator``.</doc>
<msg timestamp="20221011 10:20:12.905" level="INFO">${LinkText} = Flights</msg>
<status status="PASS" starttime="20221011 10:20:12.859" endtime="20221011 10:20:12.905"/>
</kw>
<kw name="Log To Console" library="BuiltIn">
<arg>${LinkText}</arg>
<doc>Logs the given message to the console.</doc>
<status status="PASS" starttime="20221011 10:20:12.906" endtime="20221011 10:20:12.908"/>
</kw>
<status status="PASS" starttime="20221011 10:20:12.859" endtime="20221011 10:20:12.908"/>
</iter>
<iter>
<var name="${i}">3</var>
<kw name="Get Text" library="SeleniumLibrary">
<var>${LinkText}</var>
<arg>xpath:(//a)[${i}]</arg>
<doc>Returns the text value of the element identified by ``locator``.</doc>
<msg timestamp="20221011 10:20:12.934" level="INFO">${LinkText} = Hotels</msg>
<status status="PASS" starttime="20221011 10:20:12.908" endtime="20221011 10:20:12.934"/>
</kw>
<kw name="Log To Console" library="BuiltIn">
<arg>${LinkText}</arg>
<doc>Logs the given message to the console.</doc>
<status status="PASS" starttime="20221011 10:20:12.934" endtime="20221011 10:20:12.935"/>
</kw>
<status status="PASS" starttime="20221011 10:20:12.908" endtime="20221011 10:20:12.935"/>
</iter>
<iter>
<var name="${i}">4</var>
<kw name="Get Text" library="SeleniumLibrary">
<var>${LinkText}</var>
<arg>xpath:(//a)[${i}]</arg>
<doc>Returns the text value of the element identified by ``locator``.</doc>
<msg timestamp="20221011 10:20:12.961" level="INFO">${LinkText} = Car Rentals</msg>
<status status="PASS" starttime="20221011 10:20:12.935" endtime="20221011 10:20:12.961"/>
</kw>
<kw name="Log To Console" library="BuiltIn">
<arg>${LinkText}</arg>
<doc>Logs the given message to the console.</doc>
<status status="PASS" starttime="20221011 10:20:12.961" endtime="20221011 10:20:12.962"/>
</kw>
<status status="PASS" starttime="20221011 10:20:12.935" endtime="20221011 10:20:12.962"/>
</iter>
<iter>
<var name="${i}">5</var>
<kw name="Get Text" library="SeleniumLibrary">
<var>${LinkText}</var>
<arg>xpath:(//a)[${i}]</arg>
<doc>Returns the text value of the element identified by ``locator``.</doc>
<msg timestamp="20221011 10:20:12.985" level="INFO">${LinkText} = Cruises</msg>
<status status="PASS" starttime="20221011 10:20:12.962" endtime="20221011 10:20:12.985"/>
</kw>
<kw name="Log To Console" library="BuiltIn">
<arg>${LinkText}</arg>
<doc>Logs the given message to the console.</doc>
<status status="PASS" starttime="20221011 10:20:12.985" endtime="20221011 10:20:12.986"/>
</kw>
<status status="PASS" starttime="20221011 10:20:12.962" endtime="20221011 10:20:12.986"/>
</iter>
<iter>
<var name="${i}">6</var>
<kw name="Get Text" library="SeleniumLibrary">
<var>${LinkText}</var>
<arg>xpath:(//a)[${i}]</arg>
<doc>Returns the text value of the element identified by ``locator``.</doc>
<msg timestamp="20221011 10:20:13.011" level="INFO">${LinkText} = Destinations</msg>
<status status="PASS" starttime="20221011 10:20:12.987" endtime="20221011 10:20:13.011"/>
</kw>
<kw name="Log To Console" library="BuiltIn">
<arg>${LinkText}</arg>
<doc>Logs the given message to the console.</doc>
<status status="PASS" starttime="20221011 10:20:13.011" endtime="20221011 10:20:13.012"/>
</kw>
<status status="PASS" starttime="20221011 10:20:12.986" endtime="20221011 10:20:13.012"/>
</iter>
<iter>
<var name="${i}">7</var>
<kw name="Get Text" library="SeleniumLibrary">
<var>${LinkText}</var>
<arg>xpath:(//a)[${i}]</arg>
<doc>Returns the text value of the element identified by ``locator``.</doc>
<msg timestamp="20221011 10:20:13.036" level="INFO">${LinkText} = Vacations</msg>
<status status="PASS" starttime="20221011 10:20:13.012" endtime="20221011 10:20:13.036"/>
</kw>
<kw name="Log To Console" library="BuiltIn">
<arg>${LinkText}</arg>
<doc>Logs the given message to the console.</doc>
<status status="PASS" starttime="20221011 10:20:13.036" endtime="20221011 10:20:13.037"/>
</kw>
<status status="PASS" starttime="20221011 10:20:13.012" endtime="20221011 10:20:13.037"/>
</iter>
<iter>
<var name="${i}">8</var>
<kw name="Get Text" library="SeleniumLibrary">
<var>${LinkText}</var>
<arg>xpath:(//a)[${i}]</arg>
<doc>Returns the text value of the element identified by ``locator``.</doc>
<msg timestamp="20221011 10:20:13.058" level="INFO">${LinkText} = SIGN-ON</msg>
<status status="PASS" starttime="20221011 10:20:13.038" endtime="20221011 10:20:13.059"/>
</kw>
<kw name="Log To Console" library="BuiltIn">
<arg>${LinkText}</arg>
<doc>Logs the given message to the console.</doc>
<status status="PASS" starttime="20221011 10:20:13.059" endtime="20221011 10:20:13.059"/>
</kw>
<status status="PASS" starttime="20221011 10:20:13.037" endtime="20221011 10:20:13.059"/>
</iter>
<iter>
<var name="${i}">9</var>
<kw name="Get Text" library="SeleniumLibrary">
<var>${LinkText}</var>
<arg>xpath:(//a)[${i}]</arg>
<doc>Returns the text value of the element identified by ``locator``.</doc>
<msg timestamp="20221011 10:20:13.083" level="INFO">${LinkText} = REGISTER</msg>
<status status="PASS" starttime="20221011 10:20:13.060" endtime="20221011 10:20:13.083"/>
</kw>
<kw name="Log To Console" library="BuiltIn">
<arg>${LinkText}</arg>
<doc>Logs the given message to the console.</doc>
<status status="PASS" starttime="20221011 10:20:13.083" endtime="20221011 10:20:13.084"/>
</kw>
<status status="PASS" starttime="20221011 10:20:13.060" endtime="20221011 10:20:13.084"/>
</iter>
<iter>
<var name="${i}">10</var>
<kw name="Get Text" library="SeleniumLibrary">
<var>${LinkText}</var>
<arg>xpath:(//a)[${i}]</arg>
<doc>Returns the text value of the element identified by ``locator``.</doc>
<msg timestamp="20221011 10:20:13.119" level="INFO">${LinkText} = SUPPORT</msg>
<status status="PASS" starttime="20221011 10:20:13.084" endtime="20221011 10:20:13.119"/>
</kw>
<kw name="Log To Console" library="BuiltIn">
<arg>${LinkText}</arg>
<doc>Logs the given message to the console.</doc>
<status status="PASS" starttime="20221011 10:20:13.119" endtime="20221011 10:20:13.120"/>
</kw>
<status status="PASS" starttime="20221011 10:20:13.084" endtime="20221011 10:20:13.120"/>
</iter>
<iter>
<var name="${i}">11</var>
<kw name="Get Text" library="SeleniumLibrary">
<var>${LinkText}</var>
<arg>xpath:(//a)[${i}]</arg>
<doc>Returns the text value of the element identified by ``locator``.</doc>
<msg timestamp="20221011 10:20:13.153" level="INFO">${LinkText} = CONTACT</msg>
<status status="PASS" starttime="20221011 10:20:13.121" endtime="20221011 10:20:13.153"/>
</kw>
<kw name="Log To Console" library="BuiltIn">
<arg>${LinkText}</arg>
<doc>Logs the given message to the console.</doc>
<status status="PASS" starttime="20221011 10:20:13.154" endtime="20221011 10:20:13.156"/>
</kw>
<status status="PASS" starttime="20221011 10:20:13.121" endtime="20221011 10:20:13.156"/>
</iter>
<iter>
<var name="${i}">12</var>
<kw name="Get Text" library="SeleniumLibrary">
<var>${LinkText}</var>
<arg>xpath:(//a)[${i}]</arg>
<doc>Returns the text value of the element identified by ``locator``.</doc>
<msg timestamp="20221011 10:20:13.184" level="INFO">${LinkText} = your destination</msg>
<status status="PASS" starttime="20221011 10:20:13.160" endtime="20221011 10:20:13.184"/>
</kw>
<kw name="Log To Console" library="BuiltIn">
<arg>${LinkText}</arg>
<doc>Logs the given message to the console.</doc>
<status status="PASS" starttime="20221011 10:20:13.184" endtime="20221011 10:20:13.186"/>
</kw>
<status status="PASS" starttime="20221011 10:20:13.157" endtime="20221011 10:20:13.186"/>
</iter>
<iter>
<var name="${i}">13</var>
<kw name="Get Text" library="SeleniumLibrary">
<var>${LinkText}</var>
<arg>xpath:(//a)[${i}]</arg>
<doc>Returns the text value of the element identified by ``locator``.</doc>
<msg timestamp="20221011 10:20:13.217" level="INFO">${LinkText} = featured vacation destinations</msg>
<status status="PASS" starttime="20221011 10:20:13.188" endtime="20221011 10:20:13.217"/>
</kw>
<kw name="Log To Console" library="BuiltIn">
<arg>${LinkText}</arg>
<doc>Logs the given message to the console.</doc>
<status status="PASS" starttime="20221011 10:20:13.217" endtime="20221011 10:20:13.218"/>
</kw>
<status status="PASS" starttime="20221011 10:20:13.187" endtime="20221011 10:20:13.218"/>
</iter>
<iter>
<var name="${i}">14</var>
<kw name="Get Text" library="SeleniumLibrary">
<var>${LinkText}</var>
<arg>xpath:(//a)[${i}]</arg>
<doc>Returns the text value of the element identified by ``locator``.</doc>
<msg timestamp="20221011 10:20:13.247" level="INFO">${LinkText} = Register here</msg>
<status status="PASS" starttime="20221011 10:20:13.219" endtime="20221011 10:20:13.247"/>
</kw>
<kw name="Log To Console" library="BuiltIn">
<arg>${LinkText}</arg>
<doc>Logs the given message to the console.</doc>
<status status="PASS" starttime="20221011 10:20:13.248" endtime="20221011 10:20:13.249"/>
</kw>
<status status="PASS" starttime="20221011 10:20:13.218" endtime="20221011 10:20:13.249"/>
</iter>
<iter>
<var name="${i}">15</var>
<kw name="Get Text" library="SeleniumLibrary">
<var>${LinkText}</var>
<arg>xpath:(//a)[${i}]</arg>
<doc>Returns the text value of the element identified by ``locator``.</doc>
<msg timestamp="20221011 10:20:13.275" level="INFO">${LinkText} = Business Travel @ About.com</msg>
<status status="PASS" starttime="20221011 10:20:13.250" endtime="20221011 10:20:13.275"/>
</kw>
<kw name="Log To Console" library="BuiltIn">
<arg>${LinkText}</arg>
<doc>Logs the given message to the console.</doc>
<status status="PASS" starttime="20221011 10:20:13.275" endtime="20221011 10:20:13.276"/>
</kw>
<status status="PASS" starttime="20221011 10:20:13.249" endtime="20221011 10:20:13.276"/>
</iter>
<iter>
<var name="${i}">16</var>
<kw name="Get Text" library="SeleniumLibrary">
<var>${LinkText}</var>
<arg>xpath:(//a)[${i}]</arg>
<doc>Returns the text value of the element identified by ``locator``.</doc>
<msg timestamp="20221011 10:20:13.300" level="INFO">${LinkText} = Salon Travel</msg>
<status status="PASS" starttime="20221011 10:20:13.276" endtime="20221011 10:20:13.300"/>
</kw>
<kw name="Log To Console" library="BuiltIn">
<arg>${LinkText}</arg>
<doc>Logs the given message to the console.</doc>
<status status="PASS" starttime="20221011 10:20:13.300" endtime="20221011 10:20:13.300"/>
</kw>
<status status="PASS" starttime="20221011 10:20:13.276" endtime="20221011 10:20:13.300"/>
</iter>
<status status="PASS" starttime="20221011 10:20:12.825" endtime="20221011 10:20:13.301"/>
</for>
<kw name="Close Browser" library="SeleniumLibrary">
<doc>Closes the current browser.</doc>
<status status="PASS" starttime="20221011 10:20:13.301" endtime="20221011 10:20:15.450"/>
</kw>
<status status="PASS" starttime="20221011 10:20:08.683" endtime="20221011 10:20:15.451"/>
</test>
<status status="PASS" starttime="20221011 10:20:08.363" endtime="20221011 10:20:15.453"/>
</suite>
<suite id="s1-s3" name="LoginTest" source="C:\Users\d_joh\OneDrive\Coding Projects\TestProject\TestCases\LoginTest.robot">
<test id="s1-s3-t1" name="Login Test" line="13">
<kw name="Speed" library="LoginKeywords">
<kw name="Set Selenium Speed" library="SeleniumLibrary">
<arg>1</arg>
<doc>Sets the delay that is waited after each Selenium command.</doc>
<status status="PASS" starttime="20221011 10:20:16.432" endtime="20221011 10:20:16.432"/>
</kw>
<status status="PASS" starttime="20221011 10:20:16.431" endtime="20221011 10:20:16.432"/>
</kw>
<kw name="Launch Browser" library="LoginKeywords">
<arg>${URL}</arg>
<arg>${BROWSER}</arg>
<kw name="Open Browser" library="SeleniumLibrary">
<arg>${URL}</arg>
<arg>${BROWSER}</arg>
<doc>Opens a new browser instance to the optional ``url``.</doc>
<msg timestamp="20221011 10:20:16.433" level="INFO">Opening browser 'Edge' to base url 'https://demo.guru99.com/selenium/newtours/index.php'.</msg>
<status status="PASS" starttime="20221011 10:20:16.433" endtime="20221011 10:20:21.435"/>
</kw>
<kw name="Maximize Browser Window" library="SeleniumLibrary">
<doc>Maximizes current browser window.</doc>
<status status="PASS" starttime="20221011 10:20:21.436" endtime="20221011 10:20:22.577"/>
</kw>
<status status="PASS" starttime="20221011 10:20:16.432" endtime="20221011 10:20:22.577"/>
</kw>
<kw name="Input Username" library="LoginKeywords">
<arg>${USER}</arg>
<kw name="Input Text" library="SeleniumLibrary">
<arg>${txt_login_username}</arg>
<arg>${USERNAME}</arg>
<doc>Types the given ``text`` into the text field identified by ``locator``.</doc>
<msg timestamp="20221011 10:20:22.580" level="INFO">Typing text 'tutorial' into text field 'xpath:/html/body/div/table/tbody/tr/td[2]/table/tbody/tr[4]/td/table/tbody/tr/td[2]/table/tbody/tr[2]/td[3]/form/table/tbody/tr[4]/td/table/tbody/tr[2]/td[2]/input'.</msg>
<status status="PASS" starttime="20221011 10:20:22.579" endtime="20221011 10:20:25.742"/>
</kw>
<status status="PASS" starttime="20221011 10:20:22.577" endtime="20221011 10:20:25.744"/>
</kw>
<kw name="Input Pass" library="LoginKeywords">
<arg>${PASS}</arg>
<kw name="Input Text" library="SeleniumLibrary">
<arg>${txt_login_password}</arg>
<arg>${PASSWORD}</arg>
<doc>Types the given ``text`` into the text field identified by ``locator``.</doc>
<msg timestamp="20221011 10:20:25.751" level="INFO">Typing text 'tutorial' into text field 'xpath:/html/body/div/table/tbody/tr/td[2]/table/tbody/tr[4]/td/table/tbody/tr/td[2]/table/tbody/tr[2]/td[3]/form/table/tbody/tr[4]/td/table/tbody/tr[3]/td[2]/input'.</msg>
<status status="PASS" starttime="20221011 10:20:25.747" endtime="20221011 10:20:28.946"/>
</kw>
<status status="PASS" starttime="20221011 10:20:25.745" endtime="20221011 10:20:28.946"/>
</kw>
<kw name="Click Login Button" library="LoginKeywords">
<kw name="Click Button" library="SeleniumLibrary">
<arg>${login_button}</arg>
<doc>Clicks the button identified by ``locator``.</doc>
<msg timestamp="20221011 10:20:28.948" level="INFO">Clicking button 'xpath:/html/body/div/table/tbody/tr/td[2]/table/tbody/tr[4]/td/table/tbody/tr/td[2]/table/tbody/tr[2]/td[3]/form/table/tbody/tr[4]/td/table/tbody/tr[4]/td[2]/div/input'.</msg>
<status status="PASS" starttime="20221011 10:20:28.947" endtime="20221011 10:20:32.811"/>
</kw>
<status status="PASS" starttime="20221011 10:20:28.946" endtime="20221011 10:20:32.812"/>
</kw>
<kw name="Exit Browser" library="LoginKeywords">
<kw name="Close All Browsers" library="SeleniumLibrary">
<doc>Closes all open browsers and resets the browser cache.</doc>
<status status="PASS" starttime="20221011 10:20:32.815" endtime="20221011 10:20:35.972"/>
</kw>
<status status="PASS" starttime="20221011 10:20:32.813" endtime="20221011 10:20:35.973"/>
</kw>
<status status="PASS" starttime="20221011 10:20:16.431" endtime="20221011 10:20:35.973"/>
</test>
<status status="PASS" starttime="20221011 10:20:16.197" endtime="20221011 10:20:35.974"/>
</suite>
<suite id="s1-s4" name="MouseActions" source="C:\Users\d_joh\OneDrive\Coding Projects\TestProject\TestCases\MouseActions.robot">
<test id="s1-s4-t1" name="Mouse Actions" line="15">
<kw name="Open Browser" library="SeleniumLibrary">
<arg>${URL}</arg>
<arg>${Browser}</arg>
<doc>Opens a new browser instance to the optional ``url``.</doc>
<msg timestamp="20221011 10:20:36.936" level="INFO">Opening browser 'Edge' to base url 'https://swisnl.github.io/jQuery-contextMenu/demo.html'.</msg>
<status status="PASS" starttime="20221011 10:20:36.935" endtime="20221011 10:20:41.056"/>
</kw>
<kw name="Speed">
<kw name="Set Selenium Speed" library="SeleniumLibrary">
<arg>1</arg>
<doc>Sets the delay that is waited after each Selenium command.</doc>
<status status="PASS" starttime="20221011 10:20:41.057" endtime="20221011 10:20:41.058"/>
</kw>
<status status="PASS" starttime="20221011 10:20:41.056" endtime="20221011 10:20:41.058"/>
</kw>
<kw name="Maximize Browser Window" library="SeleniumLibrary">
<doc>Maximizes current browser window.</doc>
<status status="PASS" starttime="20221011 10:20:41.058" endtime="20221011 10:20:42.341"/>
</kw>
<kw name="Open Context Menu" library="SeleniumLibrary">
<arg>xpath: /html/body/div/section/div/div/div/p/span</arg>
<doc>Opens the context menu on the element identified by ``locator``.</doc>
<status status="PASS" starttime="20221011 10:20:42.342" endtime="20221011 10:20:44.699"/>
</kw>
<kw name="Go To" library="SeleniumLibrary">
<arg>${URL1}</arg>
<doc>Navigates the current browser window to the provided ``url``.</doc>
<msg timestamp="20221011 10:20:44.701" level="INFO">Opening url 'https://demoqa.com/buttons'</msg>
<status status="PASS" starttime="20221011 10:20:44.700" endtime="20221011 10:20:47.066"/>
</kw>
<kw name="Double Click Element" library="SeleniumLibrary">
<arg>xpath://*[@id="doubleClickBtn"]</arg>
<doc>Double clicks the element identified by ``locator``.</doc>
<msg timestamp="20221011 10:20:47.067" level="INFO">Double clicking element 'xpath://*[@id="doubleClickBtn"]'.</msg>
<status status="PASS" starttime="20221011 10:20:47.066" endtime="20221011 10:20:49.435"/>
</kw>
<kw name="Go To" library="SeleniumLibrary">
<arg>${URL2}</arg>
<doc>Navigates the current browser window to the provided ``url``.</doc>
<msg timestamp="20221011 10:20:49.437" level="INFO">Opening url 'https://demo.seleniumeasy.com/drag-and-drop-demo.html'</msg>
<status status="PASS" starttime="20221011 10:20:49.436" endtime="20221011 10:20:52.071"/>
</kw>
<kw name="Drag And Drop" library="SeleniumLibrary">
<arg>xpath://*[@id="todrag"]/span[1]</arg>
<arg>xpath://*[@id="mydropzone"]</arg>
<doc>Drags the element identified by ``locator`` into the ``target`` element.</doc>
<status status="PASS" starttime="20221011 10:20:52.072" endtime="20221011 10:22:15.370"/>
</kw>
<kw name="Close Browser" library="SeleniumLibrary">
<doc>Closes the current browser.</doc>
<status status="PASS" starttime="20221011 10:22:15.371" endtime="20221011 10:22:18.448"/>
</kw>
<status status="PASS" starttime="20221011 10:20:36.935" endtime="20221011 10:22:18.449"/>
</test>
<status status="PASS" starttime="20221011 10:20:36.706" endtime="20221011 10:22:18.451"/>
</suite>
<suite id="s1-s5" name="RadioButtons" source="C:\Users\d_joh\OneDrive\Coding Projects\TestProject\TestCases\RadioButtons.robot">
<test id="s1-s5-t1" name="Testing Radio Buttons" line="13">
<kw name="Open Browser" library="SeleniumLibrary">
<arg>${URL}</arg>
<arg>${Browser}</arg>
<doc>Opens a new browser instance to the optional ``url``.</doc>
<msg timestamp="20221011 10:21:25.104" level="INFO">Opening browser 'Edge' to base url 'https://demo.seleniumeasy.com/basic-radiobutton-demo.html'.</msg>
<status status="PASS" starttime="20221011 10:21:25.103" endtime="20221011 10:21:28.160"/>
</kw>
<kw name="Maximize Browser Window" library="SeleniumLibrary">
<doc>Maximizes current browser window.</doc>
<status status="PASS" starttime="20221011 10:21:28.160" endtime="20221011 10:21:28.297"/>
</kw>
<kw name="Set Selenium Speed" library="SeleniumLibrary">
<arg>2</arg>
<doc>Sets the delay that is waited after each Selenium command.</doc>
<status status="PASS" starttime="20221011 10:21:28.298" endtime="20221011 10:21:28.302"/>
</kw>
<kw name="Select Radio Button" library="SeleniumLibrary">
<arg>gender</arg>
<arg>Male</arg>
<doc>Sets the radio button group ``group_name`` to ``value``.</doc>
<msg timestamp="20221011 10:21:28.309" level="INFO">Selecting 'Male' from radio button 'gender'.</msg>
<status status="PASS" starttime="20221011 10:21:28.304" endtime="20221011 10:21:34.450"/>
</kw>
<kw name="Select Radio Button" library="SeleniumLibrary">
<arg>ageGroup</arg>
<arg>0 - 5</arg>
<doc>Sets the radio button group ``group_name`` to ``value``.</doc>
<msg timestamp="20221011 10:21:34.451" level="INFO">Selecting '0 - 5' from radio button 'ageGroup'.</msg>
<status status="PASS" starttime="20221011 10:21:34.450" endtime="20221011 10:21:40.537"/>
</kw>
<kw name="Close Browser" library="SeleniumLibrary">
<doc>Closes the current browser.</doc>
<status status="PASS" starttime="20221011 10:21:40.537" endtime="20221011 10:21:44.610"/>
</kw>
<status status="PASS" starttime="20221011 10:21:25.102" endtime="20221011 10:21:44.611"/>
</test>
<test id="s1-s5-t2" name="Testing Check Boxes" line="25">
<kw name="Open Browser" library="SeleniumLibrary">
<arg>${URL1}</arg>
<arg>${Browser}</arg>
<doc>Opens a new browser instance to the optional ``url``.</doc>
<msg timestamp="20221011 10:21:44.613" level="INFO">Opening browser 'Edge' to base url 'https://demo.seleniumeasy.com/basic-checkbox-demo.html'.</msg>
<status status="PASS" starttime="20221011 10:21:44.612" endtime="20221011 10:21:49.616"/>
</kw>
<kw name="Maximize Browser Window" library="SeleniumLibrary">
<doc>Maximizes current browser window.</doc>
<status status="PASS" starttime="20221011 10:21:49.617" endtime="20221011 10:21:51.798"/>
</kw>
<kw name="Set Selenium Speed" library="SeleniumLibrary">
<arg>2</arg>
<doc>Sets the delay that is waited after each Selenium command.</doc>
<status status="PASS" starttime="20221011 10:21:51.798" endtime="20221011 10:21:51.799"/>
</kw>
<kw name="Select Checkbox" library="SeleniumLibrary">
<arg>xpath://*[@id="easycont"]/div/div[2]/div[2]/div[2]/div[1]/label/input</arg>
<doc>Selects the checkbox identified by ``locator``.</doc>
<msg timestamp="20221011 10:21:51.800" level="INFO">Selecting checkbox 'xpath://*[@id="easycont"]/div/div[2]/div[2]/div[2]/div[1]/label/input'.</msg>
<status status="PASS" starttime="20221011 10:21:51.799" endtime="20221011 10:22:01.930"/>
</kw>
<kw name="Unselect Checkbox" library="SeleniumLibrary">
<arg>xpath://*[@id="easycont"]/div/div[2]/div[2]/div[2]/div[1]/label/input</arg>
<doc>Removes the selection of checkbox identified by ``locator``.</doc>
<msg timestamp="20221011 10:22:01.931" level="INFO">Unselecting checkbox 'xpath://*[@id="easycont"]/div/div[2]/div[2]/div[2]/div[1]/label/input'.</msg>
<status status="PASS" starttime="20221011 10:22:01.931" endtime="20221011 10:22:12.023"/>
</kw>
<kw name="Close Browser" library="SeleniumLibrary">
<doc>Closes the current browser.</doc>
<status status="PASS" starttime="20221011 10:22:12.023" endtime="20221011 10:22:16.109"/>
</kw>
<status status="PASS" starttime="20221011 10:21:44.611" endtime="20221011 10:22:16.110"/>
</test>
<status status="PASS" starttime="20221011 10:21:24.897" endtime="20221011 10:22:16.113"/>
</suite>
<suite id="s1-s6" name="ScrollingPage" source="C:\Users\d_joh\OneDrive\Coding Projects\TestProject\TestCases\ScrollingPage.robot">
<test id="s1-s6-t1" name="Scrolling Test" line="10">
<kw name="Open Browser" library="SeleniumLibrary">
<arg>${URL}</arg>
<arg>${Browser}</arg>
<doc>Opens a new browser instance to the optional ``url``.</doc>
<msg timestamp="20221011 10:22:17.543" level="INFO">Opening browser 'Edge' to base url 'https://www.countries-ofthe-world.com/flags-of-the-world.html'.</msg>
<status status="PASS" starttime="20221011 10:22:17.542" endtime="20221011 10:22:27.316"/>
</kw>
<kw name="Maximize Browser Window" library="SeleniumLibrary">
<doc>Maximizes current browser window.</doc>
<status status="PASS" starttime="20221011 10:22:27.317" endtime="20221011 10:22:27.803"/>
</kw>
<kw name="Speed" library="Resources">
<kw name="Set Selenium Speed" library="SeleniumLibrary">
<arg>1</arg>
<doc>Sets the delay that is waited after each Selenium command.</doc>
<status status="PASS" starttime="20221011 10:22:27.804" endtime="20221011 10:22:27.805"/>
</kw>
<status status="PASS" starttime="20221011 10:22:27.803" endtime="20221011 10:22:27.805"/>
</kw>
<kw name="Execute Javascript" library="SeleniumLibrary">
<arg>window.scrollTo(0,2500)</arg>
<doc>Executes the given JavaScript code with possible arguments.</doc>
<msg timestamp="20221011 10:22:27.808" level="INFO">Executing JavaScript:
window.scrollTo(0,2500)
Without any arguments.</msg>
<status status="PASS" starttime="20221011 10:22:27.805" endtime="20221011 10:22:28.836"/>
</kw>
<kw name="Scroll Element Into View" library="SeleniumLibrary">
<arg>xpath://*[@id="content"]/div[2]/div[2]/table[1]/tbody/tr[111]/td[1]/img</arg>
<doc>Scrolls the element identified by ``locator`` into view.</doc>
<status status="PASS" starttime="20221011 10:22:28.837" endtime="20221011 10:22:34.902"/>
</kw>
<kw name="Execute Javascript" library="SeleniumLibrary">
<arg>window.scrollTo(0,document.body.scrollHeight)</arg>
<doc>Executes the given JavaScript code with possible arguments.</doc>
<msg timestamp="20221011 10:22:34.913" level="INFO">Executing JavaScript:
window.scrollTo(0,document.body.scrollHeight)
Without any arguments.</msg>
<status status="PASS" starttime="20221011 10:22:34.909" endtime="20221011 10:22:35.975"/>
</kw>
<kw name="Execute Javascript" library="SeleniumLibrary">
<arg>window.scrollTo(0,-document.body.scrollHeight)</arg>
<doc>Executes the given JavaScript code with possible arguments.</doc>
<msg timestamp="20221011 10:22:35.979" level="INFO">Executing JavaScript:
window.scrollTo(0,-document.body.scrollHeight)
Without any arguments.</msg>
<status status="PASS" starttime="20221011 10:22:35.976" endtime="20221011 10:22:37.003"/>
</kw>
<kw name="Close Browser" library="SeleniumLibrary">
<doc>Closes the current browser.</doc>
<status status="PASS" starttime="20221011 10:22:37.004" endtime="20221011 10:22:40.202"/>
</kw>
<status status="PASS" starttime="20221011 10:22:17.542" endtime="20221011 10:22:40.203"/>
</test>
<status status="PASS" starttime="20221011 10:22:17.255" endtime="20221011 10:22:40.206"/>
</suite>
<suite id="s1-s7" name="TC1" source="C:\Users\d_joh\OneDrive\Coding Projects\TestProject\TestCases\TC1.robot">
<test id="s1-s7-t1" name="LoginTest" line="23">
<kw name="Open Browser" library="SeleniumLibrary">
<arg>${URL}</arg>
<arg>${Browser}</arg>
<doc>Opens a new browser instance to the optional ``url``.</doc>
<msg timestamp="20221011 10:22:21.690" level="INFO">Opening browser 'Edge' to base url 'https://demo.nopcommerce.com/'.</msg>
<status status="PASS" starttime="20221011 10:22:21.689" endtime="20221011 10:22:31.505"/>
</kw>
<kw name="Login To Application">
<kw name="Click Link" library="SeleniumLibrary">
<arg>xpath:/html/body/div[6]/div[1]/div[1]/div[2]/div[1]/ul/li[2]/a</arg>
<doc>Clicks a link identified by ``locator``.</doc>
<msg timestamp="20221011 10:22:31.512" level="INFO">Clicking link 'xpath:/html/body/div[6]/div[1]/div[1]/div[2]/div[1]/ul/li[2]/a'.</msg>
<status status="PASS" starttime="20221011 10:22:31.509" endtime="20221011 10:22:33.801"/>
</kw>
<kw name="Input Text" library="SeleniumLibrary">
<arg>id:Email</arg>
<arg>pavanoltraining@gmail.com</arg>
<doc>Types the given ``text`` into the text field identified by ``locator``.</doc>
<msg timestamp="20221011 10:22:33.804" level="INFO">Typing text 'pavanoltraining@gmail.com' into text field 'id:Email'.</msg>
<status status="PASS" starttime="20221011 10:22:33.802" endtime="20221011 10:22:34.243"/>
</kw>
<kw name="Input Text" library="SeleniumLibrary">
<arg>id:Password</arg>
<arg>Test@123</arg>
<doc>Types the given ``text`` into the text field identified by ``locator``.</doc>
<msg timestamp="20221011 10:22:34.245" level="INFO">Typing text 'Test@123' into text field 'id:Password'.</msg>
<status status="PASS" starttime="20221011 10:22:34.244" endtime="20221011 10:22:34.425"/>
</kw>
<kw name="Click Element" library="SeleniumLibrary">
<arg>xpath:/html/body/div[6]/div[3]/div/div/div/div[2]/div[1]/div[2]/form/div[3]/button</arg>
<doc>Click the element identified by ``locator``.</doc>
<msg timestamp="20221011 10:22:34.427" level="INFO">Clicking element 'xpath:/html/body/div[6]/div[3]/div/div/div/div[2]/div[1]/div[2]/form/div[3]/button'.</msg>
<status status="PASS" starttime="20221011 10:22:34.426" endtime="20221011 10:22:35.177"/>
</kw>
<status status="PASS" starttime="20221011 10:22:31.506" endtime="20221011 10:22:35.178"/>
</kw>
<kw name="Close Browser" library="SeleniumLibrary">
<doc>Closes the current browser.</doc>
<status status="PASS" starttime="20221011 10:22:35.179" endtime="20221011 10:22:38.359"/>
</kw>
<status status="PASS" starttime="20221011 10:22:21.687" endtime="20221011 10:22:38.360"/>
</test>
<status status="PASS" starttime="20221011 10:22:21.338" endtime="20221011 10:22:38.364"/>
</suite>
<suite id="s1-s8" name="TabbedWindows" source="C:\Users\d_joh\OneDrive\Coding Projects\TestProject\TestCases\TabbedWindows.robot">
<test id="s1-s8-t1" name="Tabbed Windows" line="15">
<kw name="Open Browser" library="SeleniumLibrary">
<arg>${URL}</arg>
<arg>${Browser}</arg>
<doc>Opens a new browser instance to the optional ``url``.</doc>
<msg timestamp="20221011 10:22:42.325" level="INFO">Opening browser 'Edge' to base url 'https://demo.automationtesting.in/Windows.html'.</msg>
<status status="PASS" starttime="20221011 10:22:42.325" endtime="20221011 10:22:52.045"/>
</kw>
<kw name="Maximize Browser Window" library="SeleniumLibrary">
<doc>Maximizes current browser window.</doc>
<status status="PASS" starttime="20221011 10:22:52.045" endtime="20221011 10:22:52.225"/>
</kw>
<kw name="Speed">
<kw name="Set Selenium Speed" library="SeleniumLibrary">
<arg>1</arg>
<doc>Sets the delay that is waited after each Selenium command.</doc>
<status status="PASS" starttime="20221011 10:22:52.235" endtime="20221011 10:22:52.237"/>
</kw>
<status status="PASS" starttime="20221011 10:22:52.229" endtime="20221011 10:22:52.240"/>
</kw>
<kw name="Click Element" library="SeleniumLibrary">
<arg>xpath://*[@id="Tabbed"]/a/button</arg>
<doc>Click the element identified by ``locator``.</doc>
<msg timestamp="20221011 10:22:52.253" level="INFO">Clicking element 'xpath://*[@id="Tabbed"]/a/button'.</msg>
<status status="PASS" starttime="20221011 10:22:52.243" endtime="20221011 10:22:54.902"/>
</kw>
<kw name="Switch Window" library="SeleniumLibrary">
<arg>title=Selenium</arg>
<doc>Switches to browser window matching ``locator``.</doc>
<status status="PASS" starttime="20221011 10:22:54.904" endtime="20221011 10:23:09.423"/>
</kw>
<kw name="Click Element" library="SeleniumLibrary">
<arg>xpath://*[@id="main_navbar"]/ul/li[3]/a</arg>
<doc>Click the element identified by ``locator``.</doc>
<msg timestamp="20221011 10:23:09.438" level="INFO">Clicking element 'xpath://*[@id="main_navbar"]/ul/li[3]/a'.</msg>
<status status="PASS" starttime="20221011 10:23:09.428" endtime="20221011 10:23:13.524"/>
</kw>
<kw name="Close Browser" library="SeleniumLibrary">
<doc>Closes the current browser.</doc>
<status status="PASS" starttime="20221011 10:23:13.524" endtime="20221011 10:23:16.699"/>
</kw>
<status status="PASS" starttime="20221011 10:22:42.324" endtime="20221011 10:23:16.699"/>
</test>
<test id="s1-s8-t2" name="Browser Windows" line="27">
<kw name="Speed">
<kw name="Set Selenium Speed" library="SeleniumLibrary">
<arg>1</arg>
<doc>Sets the delay that is waited after each Selenium command.</doc>
<status status="PASS" starttime="20221011 10:23:16.702" endtime="20221011 10:23:16.703"/>
</kw>
<status status="PASS" starttime="20221011 10:23:16.702" endtime="20221011 10:23:16.703"/>
</kw>
<kw name="Open Browser" library="SeleniumLibrary">
<arg>${URL1}</arg>
<arg>${Browser}</arg>
<doc>Opens a new browser instance to the optional ``url``.</doc>
<msg timestamp="20221011 10:23:16.703" level="INFO">Opening browser 'Edge' to base url 'https://www.google.com/'.</msg>
<status status="PASS" starttime="20221011 10:23:16.703" endtime="20221011 10:23:20.158"/>
</kw>
<kw name="Maximize Browser Window" library="SeleniumLibrary">
<doc>Maximizes current browser window.</doc>
<status status="PASS" starttime="20221011 10:23:20.164" endtime="20221011 10:23:21.709"/>
</kw>
<kw name="Open Browser" library="SeleniumLibrary">
<arg>${URL2}</arg>
<arg>${Browser}</arg>
<doc>Opens a new browser instance to the optional ``url``.</doc>
<msg timestamp="20221011 10:23:21.713" level="INFO">Opening browser 'Edge' to base url 'https://www.bing.com/'.</msg>
<status status="PASS" starttime="20221011 10:23:21.710" endtime="20221011 10:23:26.451"/>
</kw>
<kw name="Maximize Browser Window" library="SeleniumLibrary">
<doc>Maximizes current browser window.</doc>
<status status="PASS" starttime="20221011 10:23:26.468" endtime="20221011 10:23:28.140"/>
</kw>
<kw name="Switch Browser" library="SeleniumLibrary">
<arg>1</arg>
<doc>Switches between active browsers using ``index_or_alias``.</doc>
<status status="PASS" starttime="20221011 10:23:28.141" endtime="20221011 10:23:28.143"/>
</kw>
<kw name="Get Title" library="SeleniumLibrary">
<var>${title}</var>
<doc>Returns the title of the current page.</doc>
<msg timestamp="20221011 10:23:32.216" level="WARN">Retrying (Retry(total=2, connect=None, read=None, redirect=None, status=None)) after connection broken by 'NewConnectionError('&lt;urllib3.connection.HTTPConnection object at 0x00000202F17EE100&gt;: Failed to establish a new connection: [WinError 10061] No connection could be made because the target machine actively refused it')': /session/dbdc7df8ebd8ee57b01ca0434e55475f/title</msg>
<msg timestamp="20221011 10:23:36.286" level="WARN">Retrying (Retry(total=1, connect=None, read=None, redirect=None, status=None)) after connection broken by 'NewConnectionError('&lt;urllib3.connection.HTTPConnection object at 0x00000202F17EE250&gt;: Failed to establish a new connection: [WinError 10061] No connection could be made because the target machine actively refused it')': /session/dbdc7df8ebd8ee57b01ca0434e55475f/title</msg>
<msg timestamp="20221011 10:23:40.343" level="WARN">Retrying (Retry(total=0, connect=None, read=None, redirect=None, status=None)) after connection broken by 'NewConnectionError('&lt;urllib3.connection.HTTPConnection object at 0x00000202F17EE3A0&gt;: Failed to establish a new connection: [WinError 10061] No connection could be made because the target machine actively refused it')': /session/dbdc7df8ebd8ee57b01ca0434e55475f/title</msg>
<msg timestamp="20221011 10:23:48.514" level="WARN">Retrying (Retry(total=2, connect=None, read=None, redirect=None, status=None)) after connection broken by 'NewConnectionError('&lt;urllib3.connection.HTTPConnection object at 0x00000202F17EE670&gt;: Failed to establish a new connection: [WinError 10061] No connection could be made because the target machine actively refused it')': /session/dbdc7df8ebd8ee57b01ca0434e55475f/screenshot</msg>
<msg timestamp="20221011 10:23:52.599" level="WARN">Retrying (Retry(total=1, connect=None, read=None, redirect=None, status=None)) after connection broken by 'NewConnectionError('&lt;urllib3.connection.HTTPConnection object at 0x00000202F17EE7F0&gt;: Failed to establish a new connection: [WinError 10061] No connection could be made because the target machine actively refused it')': /session/dbdc7df8ebd8ee57b01ca0434e55475f/screenshot</msg>
<msg timestamp="20221011 10:23:56.690" level="WARN">Retrying (Retry(total=0, connect=None, read=None, redirect=None, status=None)) after connection broken by 'NewConnectionError('&lt;urllib3.connection.HTTPConnection object at 0x00000202F17E4D30&gt;: Failed to establish a new connection: [WinError 10061] No connection could be made because the target machine actively refused it')': /session/dbdc7df8ebd8ee57b01ca0434e55475f/screenshot</msg>
<msg timestamp="20221011 10:24:00.758" level="WARN">Keyword 'Capture Page Screenshot' could not be run on failure: HTTPConnectionPool(host='localhost', port=65453): Max retries exceeded with url: /session/dbdc7df8ebd8ee57b01ca0434e55475f/screenshot (Caused by NewConnectionError('&lt;urllib3.connection.HTTPConnection object at 0x00000202F17E4520&gt;: Failed to establish a new connection: [WinError 10061] No connection could be made because the target machine actively refused it'))</msg>
<msg timestamp="20221011 10:24:00.761" level="FAIL">MaxRetryError: HTTPConnectionPool(host='localhost', port=65453): Max retries exceeded with url: /session/dbdc7df8ebd8ee57b01ca0434e55475f/title (Caused by NewConnectionError('&lt;urllib3.connection.HTTPConnection object at 0x00000202F17EE4F0&gt;: Failed to establish a new connection: [WinError 10061] No connection could be made because the target machine actively refused it'))</msg>
<status status="FAIL" starttime="20221011 10:23:28.144" endtime="20221011 10:24:00.997"/>
</kw>
<kw name="Log To Console" library="BuiltIn">
<arg>${title}</arg>
<doc>Logs the given message to the console.</doc>
<status status="NOT RUN" starttime="20221011 10:24:00.998" endtime="20221011 10:24:00.998"/>
</kw>
<kw name="Switch Browser" library="SeleniumLibrary">
<arg>2</arg>
<doc>Switches between active browsers using ``index_or_alias``.</doc>
<status status="NOT RUN" starttime="20221011 10:24:00.998" endtime="20221011 10:24:00.998"/>
</kw>
<kw name="Get Title" library="SeleniumLibrary">
<var>${title1}</var>
<doc>Returns the title of the current page.</doc>
<status status="NOT RUN" starttime="20221011 10:24:00.999" endtime="20221011 10:24:00.999"/>
</kw>
<kw name="Log To Console" library="BuiltIn">
<arg>${title1}</arg>
<doc>Logs the given message to the console.</doc>
<status status="NOT RUN" starttime="20221011 10:24:00.999" endtime="20221011 10:24:00.999"/>
</kw>
<kw name="Close All Browsers" library="SeleniumLibrary">
<doc>Closes all open browsers and resets the browser cache.</doc>
<status status="NOT RUN" starttime="20221011 10:24:00.999" endtime="20221011 10:24:00.999"/>
</kw>
<status status="FAIL" starttime="20221011 10:23:16.700" endtime="20221011 10:24:01.000">MaxRetryError: HTTPConnectionPool(host='localhost', port=65453): Max retries exceeded with url: /session/dbdc7df8ebd8ee57b01ca0434e55475f/title (Caused by NewConnectionError('&lt;urllib3.connection.HTTPConnection object at 0x00000202F17EE4F0&gt;: Failed to establish a new connection: [WinError 10061] No connection could be made because the target machine actively refused it'))</status>
</test>
<status status="FAIL" starttime="20221011 10:22:40.899" endtime="20221011 10:24:01.001"/>
</suite>
<suite id="s1-s9" name="Table" source="C:\Users\d_joh\OneDrive\Coding Projects\TestProject\TestCases\Table.robot">
<test id="s1-s9-t1" name="Table Validation" line="9">
<kw name="Open Browser" library="SeleniumLibrary">
<arg>${URL}</arg>
<arg>${Browser}</arg>
<doc>Opens a new browser instance to the optional ``url``.</doc>
<msg timestamp="20221011 10:22:42.323" level="INFO">Opening browser 'Edge' to base url 'https://www.techlistic.com/p/demo-selenium-practice.html'.</msg>
<status status="PASS" starttime="20221011 10:22:42.322" endtime="20221011 10:22:50.643"/>
</kw>
<kw name="Maximize Browser Window" library="SeleniumLibrary">
<doc>Maximizes current browser window.</doc>
<status status="PASS" starttime="20221011 10:22:50.651" endtime="20221011 10:22:51.458"/>
</kw>
<kw name="Get Element Count" library="SeleniumLibrary">
<var>${Rows}</var>
<arg>xpath://*[@id="customers"]/tbody/tr</arg>
<doc>Returns the number of elements matching ``locator``.</doc>
<msg timestamp="20221011 10:22:51.711" level="INFO">${Rows} = 7</msg>
<status status="PASS" starttime="20221011 10:22:51.459" endtime="20221011 10:22:51.713"/>
</kw>
<kw name="Get Element Count" library="SeleniumLibrary">
<var>${Cols}</var>
<arg>xpath://*[@id="customers"]/tbody/tr[1]/th</arg>
<doc>Returns the number of elements matching ``locator``.</doc>
<msg timestamp="20221011 10:22:51.752" level="INFO">${Cols} = 3</msg>
<status status="PASS" starttime="20221011 10:22:51.715" endtime="20221011 10:22:51.752"/>
</kw>
<kw name="Log To Console" library="BuiltIn">
<arg>${Rows}</arg>
<doc>Logs the given message to the console.</doc>
<status status="PASS" starttime="20221011 10:22:51.752" endtime="20221011 10:22:51.754"/>
</kw>
<kw name="Log To Console" library="BuiltIn">
<arg>${Cols}</arg>
<doc>Logs the given message to the console.</doc>
<status status="PASS" starttime="20221011 10:22:51.754" endtime="20221011 10:22:51.755"/>
</kw>
<kw name="Get Text" library="SeleniumLibrary">
<var>${Data}</var>
<arg>xpath://*[@id="customers"]/tbody/tr[5]/td[1]</arg>
<doc>Returns the text value of the element identified by ``locator``.</doc>
<msg timestamp="20221011 10:22:51.817" level="INFO">${Data} = Island Trading</msg>
<status status="PASS" starttime="20221011 10:22:51.757" endtime="20221011 10:22:51.817"/>
</kw>
<kw name="Log To Console" library="BuiltIn">
<arg>${Data}</arg>
<doc>Logs the given message to the console.</doc>
<status status="PASS" starttime="20221011 10:22:51.818" endtime="20221011 10:22:51.819"/>
</kw>
<kw name="Table Column Should Contain" library="SeleniumLibrary">
<arg>xpath://*[@id="customers"]</arg>
<arg>2</arg>
<arg>Contact</arg>
<doc>Verifies table column contains text ``expected``.</doc>
<status status="PASS" starttime="20221011 10:22:51.820" endtime="20221011 10:22:52.026"/>
</kw>
<kw name="Table Row Should Contain" library="SeleniumLibrary">
<arg>xpath://*[@id="customers"]</arg>
<arg>4</arg>
<arg>Microsoft</arg>
<doc>Verifies that table row contains text ``expected``.</doc>
<status status="PASS" starttime="20221011 10:22:52.027" endtime="20221011 10:22:52.355"/>
</kw>
<kw name="Table Cell Should Contain" library="SeleniumLibrary">
<arg>xpath://*[@id="customers"]</arg>
<arg>5</arg>
<arg>2</arg>
<arg>Helen Bennett</arg>
<doc>Verifies table cell contains text ``expected``.</doc>
<msg timestamp="20221011 10:22:52.491" level="INFO">Table cell contains 'Helen Bennett'.</msg>
<status status="PASS" starttime="20221011 10:22:52.355" endtime="20221011 10:22:52.492"/>
</kw>
<kw name="Table Header Should Contain" library="SeleniumLibrary">
<arg>xpath://*[@id="customers"]</arg>
<arg>Company</arg>
<doc>Verifies table header contains text ``expected``.</doc>
<status status="PASS" starttime="20221011 10:22:52.493" endtime="20221011 10:22:52.569"/>
</kw>
<kw name="Close Browser" library="SeleniumLibrary">
<doc>Closes the current browser.</doc>
<status status="PASS" starttime="20221011 10:22:52.569" endtime="20221011 10:22:54.917"/>
</kw>
<status status="PASS" starttime="20221011 10:22:42.321" endtime="20221011 10:22:54.918"/>
</test>
<status status="PASS" starttime="20221011 10:22:41.571" endtime="20221011 10:22:54.926"/>
</suite>
<suite id="s1-s10" name="Tags" source="C:\Users\d_joh\OneDrive\Coding Projects\TestProject\TestCases\Tags.robot">
<test id="s1-s10-t1" name="TC1 Login Test" line="2">
<kw name="Log To Console" library="BuiltIn">
<arg>This is a login test</arg>
<doc>Logs the given message to the console.</doc>
<status status="PASS" starttime="20221011 10:22:56.365" endtime="20221011 10:22:56.366"/>
</kw>
<tag>Login</tag>
<status status="PASS" starttime="20221011 10:22:56.364" endtime="20221011 10:22:56.367"/>
</test>
<test id="s1-s10-t2" name="TC2 Logout Test" line="6">
<kw name="Log To Console" library="BuiltIn">
<arg>This is a logout test</arg>
<doc>Logs the given message to the console.</doc>
<status status="PASS" starttime="20221011 10:22:56.375" endtime="20221011 10:22:56.375"/>
</kw>
<tag>Logout</tag>
<status status="PASS" starttime="20221011 10:22:56.369" endtime="20221011 10:22:56.376"/>
</test>
<status status="PASS" starttime="20221011 10:22:56.361" endtime="20221011 10:22:56.376"/>
</suite>
<suite id="s1-s11" name="Test" source="C:\Users\d_joh\OneDrive\Coding Projects\TestProject\TestCases\test.robot">
<test id="s1-s11-t1" name="Open Broswer Page" line="19">
<kw name="Open Webpage">
<kw name="Open Browser" library="Browser">
<arg>${URL}</arg>
<tag>BrowserControl</tag>
<tag>Setter</tag>
<doc>Opens a new browser instance. Use this keyword for quick experiments or debugging sessions.</doc>
<msg timestamp="20221011 10:23:00.650" level="WARN">Open Browser is for quick experimentation and debugging only. Use New Page for production.</msg>
<msg timestamp="20221011 10:23:00.651" level="INFO">{"browser": "chromium", "headless": false, "devtools": false, "handleSIGHUP": true, "handleSIGINT": true, "handleSIGTERM": true, "slowMo": 0.0, "timeout": 30000.0, "deprecated_pos_args": [], "tracesDir": "C:\\Users\\d_joh\\OneDrive\\Coding Projects\\TestProject\\pabot_results\\19\\browser\\traces\\247cb53e-1b91-4e44-b317-54f10ecff379"}</msg>
<msg timestamp="20221011 10:23:03.085" level="INFO">Successfully created browser with options: {"browser":"chromium","headless":false,"devtools":false,"handleSIGHUP":true,"handleSIGINT":true,"handleSIGTERM":true,"slowMo":0,"timeout":30000,"deprecated_pos_args":[],"tracesDir":"C:\\Users\\d_joh\\OneDrive\\Coding Projects\\TestProject\\pabot_results\\19\\browser\\traces\\247cb53e-1b91-4e44-b317-54f10ecff379"}</msg>
<msg timestamp="20221011 10:23:03.086" level="INFO">{
  "acceptDownloads": true,
  "bypassCSP": true,
  "forcedColors": "none",
  "hideRfBrowser": false,
  "ignoreHTTPSErrors": false,
  "javaScriptEnabled": true,
  "offline": false,
  "reducedMotion": "no-preference",
  "viewport": {
    "width": 1280,
    "height": 720
  },
  "deprecated_pos_args": []
}</msg>
<msg timestamp="20221011 10:23:03.138" level="INFO">Successfully created context. </msg>
<msg timestamp="20221011 10:23:03.138" level="INFO">{'acceptDownloads': True, 'bypassCSP': True, 'forcedColors': 'none', 'hideRfBrowser': False, 'ignoreHTTPSErrors': False, 'javaScriptEnabled': True, 'offline': False, 'reducedMotion': 'no-preference', 'viewport': {'width': 1280, 'height': 720}, 'deprecated_pos_args': []}</msg>
<msg timestamp="20221011 10:23:14.079" level="WARN">Keyword 'Take Screenshot  fail-screenshot-{index}' could not be run on failure:
Error: Tried to take screenshot, but no page was open.</msg>
<msg timestamp="20221011 10:23:14.082" level="FAIL">TimeoutError: page.goto: Timeout 10000ms exceeded.
=========================== logs ===========================
navigating to "https://marketsquare.github.io/robotframework-browser/Browser.html", waiting until "load"
============================================================
Tip: Use "Set Browser Timeout" for increasing the timeout or double check your locator as the targeted element(s) couldn't be found.</msg>
<status status="FAIL" starttime="20221011 10:23:00.647" endtime="20221011 10:23:14.237"/>
</kw>
<status status="FAIL" starttime="20221011 10:23:00.643" endtime="20221011 10:23:14.239"/>
</kw>
<kw name="Search Keyword">
<status status="NOT RUN" starttime="20221011 10:23:14.241" endtime="20221011 10:23:14.241"/>
</kw>
<kw name="Click Keyword">
<status status="NOT RUN" starttime="20221011 10:23:14.241" endtime="20221011 10:23:14.241"/>
</kw>
<status status="FAIL" starttime="20221011 10:23:00.636" endtime="20221011 10:23:14.243">TimeoutError: page.goto: Timeout 10000ms exceeded.
=========================== logs ===========================
navigating to "https://marketsquare.github.io/robotframework-browser/Browser.html", waiting until "load"
============================================================
Tip: Use "Set Browser Timeout" for increasing the timeout or double check your locator as the targeted element(s) couldn't be found.</status>
</test>
<doc>Basic example Input text by search and click functions</doc>
<status status="FAIL" starttime="20221011 10:22:57.273" endtime="20221011 10:23:15.555"/>
</suite>
<suite id="s1-s12" name="Capture" source="C:\Users\d_joh\OneDrive\Coding Projects\TestProject\TestCases\Capture.robot">
<test id="s1-s12-t1" name="Login To Website" line="13">
<kw name="Open Browser" library="SeleniumLibrary">
<arg>${URL}</arg>
<arg>${Browser}</arg>
<doc>Opens a new browser instance to the optional ``url``.</doc>
<msg timestamp="20221011 10:18:50.957" level="INFO">Opening browser 'Edge' to base url 'https://opensource-demo.orangehrmlive.com/'.</msg>
<status status="PASS" starttime="20221011 10:18:50.956" endtime="20221011 10:18:56.462"/>
</kw>
<kw name="Speed">
<kw name="Set Selenium Speed" library="SeleniumLibrary">
<arg>1</arg>
<doc>Sets the delay that is waited after each Selenium command.</doc>
<status status="PASS" starttime="20221011 10:18:56.464" endtime="20221011 10:18:56.464"/>
</kw>
<status status="PASS" starttime="20221011 10:18:56.463" endtime="20221011 10:18:56.464"/>
</kw>
<kw name="Maximize Browser Window" library="SeleniumLibrary">
<doc>Maximizes current browser window.</doc>
<status status="PASS" starttime="20221011 10:18:56.464" endtime="20221011 10:18:57.622"/>
</kw>
<kw name="Capture Page Screenshot" library="SeleniumLibrary">
<arg>H:/TestProject/ScreenShots/Login To Website.png</arg>
<doc>Takes a screenshot of the current page and embeds it into a log file.</doc>
<msg timestamp="20221011 10:18:58.863" level="INFO" html="true">&lt;/td&gt;&lt;/tr&gt;&lt;tr&gt;&lt;td colspan="3"&gt;&lt;a href="1-selenium-screenshot-1.png"&gt;&lt;img src="1-selenium-screenshot-1.png" width="800px"&gt;&lt;/a&gt;</msg>
<msg timestamp="20221011 10:18:58.864" level="FAIL">FileNotFoundError: [WinError 3] The system cannot find the path specified: 'H:\\'</msg>
<status status="FAIL" starttime="20221011 10:18:57.624" endtime="20221011 10:18:59.022"/>
</kw>
<kw name="Close Browser" library="SeleniumLibrary">
<doc>Closes the current browser.</doc>
<status status="NOT RUN" starttime="20221011 10:18:59.022" endtime="20221011 10:18:59.023"/>
</kw>
<status status="FAIL" starttime="20221011 10:18:50.955" endtime="20221011 10:18:59.023">FileNotFoundError: [WinError 3] The system cannot find the path specified: 'H:\\'</status>
</test>
<status status="FAIL" starttime="20221011 10:18:50.609" endtime="20221011 10:18:59.024"/>
</suite>
<suite id="s1-s13" name="TimeOut" source="C:\Users\d_joh\OneDrive\Coding Projects\TestProject\TestCases\TimeOut.robot">
<test id="s1-s13-t1" name="Registration Test" line="26">
<kw name="Open Page">
<kw name="Open Browser" library="SeleniumLibrary">
<arg>${URL}</arg>
<arg>${Browser}</arg>
<doc>Opens a new browser instance to the optional ``url``.</doc>
<msg timestamp="20221011 10:23:17.039" level="INFO">Opening browser 'Edge' to base url 'https://demowebshop.tricentis.com/register'.</msg>
<status status="PASS" starttime="20221011 10:23:17.038" endtime="20221011 10:23:22.000"/>
</kw>
<status status="PASS" starttime="20221011 10:23:17.038" endtime="20221011 10:23:22.002"/>
</kw>
<kw name="Maximize Browser Window" library="SeleniumLibrary">
<doc>Maximizes current browser window.</doc>
<status status="PASS" starttime="20221011 10:23:22.004" endtime="20221011 10:23:22.161"/>
</kw>
<kw name="Select Radio Button" library="SeleniumLibrary">
<arg>Gender</arg>
<arg>M</arg>
<doc>Sets the radio button group ``group_name`` to ``value``.</doc>
<msg timestamp="20221011 10:23:22.167" level="INFO">Selecting 'M' from radio button 'Gender'.</msg>
<status status="PASS" starttime="20221011 10:23:22.165" endtime="20221011 10:23:22.352"/>
</kw>
<kw name="Implicit Time">
<kw name="Set Selenium Implicit Wait" library="SeleniumLibrary">
<arg>10</arg>
<doc>Sets the implicit wait value used by Selenium.</doc>
<status status="PASS" starttime="20221011 10:23:22.354" endtime="20221011 10:23:22.361"/>
</kw>
<status status="PASS" starttime="20221011 10:23:22.353" endtime="20221011 10:23:22.361"/>
</kw>
<kw name="Input Text" library="SeleniumLibrary">
<arg>xpath://*[@id="FirstName"]</arg>
<arg>David</arg>
<doc>Types the given ``text`` into the text field identified by ``locator``.</doc>
<msg timestamp="20221011 10:23:22.363" level="INFO">Typing text 'David' into text field 'xpath://*[@id="FirstName"]'.</msg>
<status status="PASS" starttime="20221011 10:23:22.361" endtime="20221011 10:23:22.499"/>
</kw>
<kw name="Input Text" library="SeleniumLibrary">
<arg>xpath://*[@id="LastName"]</arg>
<arg>John</arg>
<doc>Types the given ``text`` into the text field identified by ``locator``.</doc>
<msg timestamp="20221011 10:23:22.501" level="INFO">Typing text 'John' into text field 'xpath://*[@id="LastName"]'.</msg>
<status status="PASS" starttime="20221011 10:23:22.500" endtime="20221011 10:23:22.614"/>
</kw>
<kw name="Input Text" library="SeleniumLibrary">
<arg>xpath://*[@id="Email"]</arg>
<arg>anhc@gmail.com</arg>
<doc>Types the given ``text`` into the text field identified by ``locator``.</doc>
<msg timestamp="20221011 10:23:22.615" level="INFO">Typing text 'anhc@gmail.com' into text field 'xpath://*[@id="Email"]'.</msg>
<status status="PASS" starttime="20221011 10:23:22.614" endtime="20221011 10:23:22.746"/>
</kw>
<kw name="Input Text" library="SeleniumLibrary">
<arg>xpath://*[@id="Password"]</arg>
<arg>davidjohn</arg>
<doc>Types the given ``text`` into the text field identified by ``locator``.</doc>
<msg timestamp="20221011 10:23:22.747" level="INFO">Typing text 'davidjohn' into text field 'xpath://*[@id="Password"]'.</msg>
<status status="PASS" starttime="20221011 10:23:22.746" endtime="20221011 10:23:22.980"/>
</kw>
<kw name="Input Text" library="SeleniumLibrary">
<arg>xpath://*[@id="ConfirmPassword"]</arg>
<arg>davidjohn</arg>
<doc>Types the given ``text`` into the text field identified by ``locator``.</doc>
<msg timestamp="20221011 10:23:22.982" level="INFO">Typing text 'davidjohn' into text field 'xpath://*[@id="ConfirmPassword"]'.</msg>
<status status="PASS" starttime="20221011 10:23:22.981" endtime="20221011 10:23:23.119"/>
</kw>
<kw name="Close Browser" library="SeleniumLibrary">
<doc>Closes the current browser.</doc>
<status status="PASS" starttime="20221011 10:23:23.119" endtime="20221011 10:23:25.449"/>
</kw>
<status status="PASS" starttime="20221011 10:23:17.037" endtime="20221011 10:23:25.450"/>
</test>
<status status="PASS" starttime="20221011 10:23:16.691" endtime="20221011 10:23:25.453"/>
</suite>
<suite id="s1-s14" name="UserKeywords" source="C:\Users\d_joh\OneDrive\Coding Projects\TestProject\TestCases\UserKeywords.robot">
<test id="s1-s14-t1" name="User Keywords" line="13">
<kw name="Speed">
<kw name="Set Selenium Speed" library="SeleniumLibrary">
<arg>1</arg>
<doc>Sets the delay that is waited after each Selenium command.</doc>
<status status="PASS" starttime="20221011 10:23:28.790" endtime="20221011 10:23:28.790"/>
</kw>
<status status="PASS" starttime="20221011 10:23:28.789" endtime="20221011 10:23:28.790"/>
</kw>
<kw name="Launch Browser" library="Resources">
<var>${PageTitle}</var>
<arg>${URL}</arg>
<arg>${Browser}</arg>
<kw name="Open Browser" library="SeleniumLibrary">
<arg>${appURL}</arg>
<arg>${appbrowser}</arg>
<doc>Opens a new browser instance to the optional ``url``.</doc>
<msg timestamp="20221011 10:23:28.792" level="INFO">Opening browser 'Edge' to base url 'https://demo.guru99.com/selenium/newtours/'.</msg>
<status status="PASS" starttime="20221011 10:23:28.791" endtime="20221011 10:23:33.975"/>
</kw>
<kw name="Maximize Browser Window" library="SeleniumLibrary">
<doc>Maximizes current browser window.</doc>
<status status="PASS" starttime="20221011 10:23:33.976" endtime="20221011 10:23:35.162"/>
</kw>
<kw name="Get Title" library="SeleniumLibrary">
<var>${Title}</var>
<doc>Returns the title of the current page.</doc>
<msg timestamp="20221011 10:23:36.180" level="INFO">${Title} = Welcome: Mercury Tours</msg>
<status status="PASS" starttime="20221011 10:23:35.163" endtime="20221011 10:23:36.180"/>
</kw>
<msg timestamp="20221011 10:23:36.181" level="INFO">${PageTitle} = Welcome: Mercury Tours</msg>
<status status="PASS" starttime="20221011 10:23:28.790" endtime="20221011 10:23:36.181"/>
</kw>
<kw name="Log To Console" library="BuiltIn">
<arg>${PageTitle}</arg>
<doc>Logs the given message to the console.</doc>
<status status="PASS" starttime="20221011 10:23:36.181" endtime="20221011 10:23:36.182"/>
</kw>
<kw name="Input Text" library="SeleniumLibrary">
<arg>xpath:/html/body/div/table/tbody/tr/td[2]/table/tbody/tr[4]/td/table/tbody/tr/td[2]/table/tbody/tr[2]/td[3]/form/table/tbody/tr[4]/td/table/tbody/tr[2]/td[2]/input</arg>
<arg>mercury</arg>
<doc>Types the given ``text`` into the text field identified by ``locator``.</doc>
<msg timestamp="20221011 10:23:36.184" level="INFO">Typing text 'mercury' into text field 'xpath:/html/body/div/table/tbody/tr/td[2]/table/tbody/tr[4]/td/table/tbody/tr/td[2]/table/tbody/tr[2]/td[3]/form/table/tbody/tr[4]/td/table/tbody/tr[2]/td[2]/input'.</msg>
<status status="PASS" starttime="20221011 10:23:36.183" endtime="20221011 10:23:39.353"/>
</kw>
<kw name="Input Text" library="SeleniumLibrary">
<arg>xpath:/html/body/div/table/tbody/tr/td[2]/table/tbody/tr[4]/td/table/tbody/tr/td[2]/table/tbody/tr[2]/td[3]/form/table/tbody/tr[4]/td/table/tbody/tr[3]/td[2]/input</arg>
<arg>mercury</arg>
<doc>Types the given ``text`` into the text field identified by ``locator``.</doc>
<msg timestamp="20221011 10:23:39.356" level="INFO">Typing text 'mercury' into text field 'xpath:/html/body/div/table/tbody/tr/td[2]/table/tbody/tr[4]/td/table/tbody/tr/td[2]/table/tbody/tr[2]/td[3]/form/table/tbody/tr[4]/td/table/tbody/tr[3]/td[2]/input'.</msg>
<status status="PASS" starttime="20221011 10:23:39.355" endtime="20221011 10:23:42.488"/>
</kw>
<kw name="Close Browser" library="SeleniumLibrary">
<doc>Closes the current browser.</doc>
<status status="PASS" starttime="20221011 10:23:42.489" endtime="20221011 10:23:45.793"/>
</kw>
<status status="PASS" starttime="20221011 10:23:28.788" endtime="20221011 10:23:45.794"/>
</test>
<status status="PASS" starttime="20221011 10:23:28.203" endtime="20221011 10:23:45.795"/>
</suite>
<suite id="s1-s15" name="CloseAll" source="C:\Users\d_joh\OneDrive\Coding Projects\TestProject\TestCases\CloseAll.robot">
<test id="s1-s15-t1" name="TestCase" line="16">
<kw name="Open Page">
<kw name="Open Browser" library="SeleniumLibrary">
<arg>${URL}</arg>
<arg>${Browser}</arg>
<doc>Opens a new browser instance to the optional ``url``.</doc>
<msg timestamp="20221011 10:19:00.166" level="INFO">Opening browser 'Edge' to base url 'https://demowebshop.tricentis.com/register'.</msg>
<status status="PASS" starttime="20221011 10:19:00.165" endtime="20221011 10:19:04.341"/>
</kw>
<status status="PASS" starttime="20221011 10:19:00.165" endtime="20221011 10:19:04.343"/>
</kw>
<kw name="Maximize Browser Window" library="SeleniumLibrary">
<doc>Maximizes current browser window.</doc>
<status status="PASS" starttime="20221011 10:19:04.344" endtime="20221011 10:19:04.530"/>
</kw>
<kw name="Open Another Page">
<kw name="Open Browser" library="SeleniumLibrary">
<arg>${URL1}</arg>
<arg>${Browser}</arg>
<doc>Opens a new browser instance to the optional ``url``.</doc>
<msg timestamp="20221011 10:19:04.545" level="INFO">Opening browser 'Edge' to base url 'https://www.tutorialspoint.com/selenium/selenium_automation_practice.htm'.</msg>
<status status="PASS" starttime="20221011 10:19:04.536" endtime="20221011 10:19:08.781"/>
</kw>
<status status="PASS" starttime="20221011 10:19:04.533" endtime="20221011 10:19:08.782"/>
</kw>
<kw name="Maximize Browser Window" library="SeleniumLibrary">
<doc>Maximizes current browser window.</doc>
<status status="PASS" starttime="20221011 10:19:08.782" endtime="20221011 10:19:09.203"/>
</kw>
<kw name="Close All Browsers" library="SeleniumLibrary">
<doc>Closes all open browsers and resets the browser cache.</doc>
<status status="PASS" starttime="20221011 10:19:09.204" endtime="20221011 10:19:15.219"/>
</kw>
<status status="PASS" starttime="20221011 10:19:00.164" endtime="20221011 10:19:15.220"/>
</test>
<status status="PASS" starttime="20221011 10:18:59.880" endtime="20221011 10:19:15.224"/>
</suite>
<suite id="s1-s16" name="DDT1" source="C:\Users\d_joh\OneDrive\Coding Projects\TestProject\TestCases\DDT1.robot">
<kw name="Launch Browser" library="LoginResources" type="SETUP">
<kw name="Open Browser" library="SeleniumLibrary">
<arg>${LOGIN URL}</arg>
<arg>${BROWSER}</arg>
<doc>Opens a new browser instance to the optional ``url``.</doc>
<msg timestamp="20221011 10:19:05.307" level="INFO">Opening browser 'Edge' to base url 'https://admin-demo.nopcommerce.com/login?ReturnUrl=%2Fadmin%2F'.</msg>
<status status="PASS" starttime="20221011 10:19:05.306" endtime="20221011 10:19:13.037"/>
</kw>
<kw name="Maximize Browser Window" library="SeleniumLibrary">
<doc>Maximizes current browser window.</doc>
<status status="PASS" starttime="20221011 10:19:13.038" endtime="20221011 10:19:13.273"/>
</kw>
<status status="PASS" starttime="20221011 10:19:05.305" endtime="20221011 10:19:13.274"/>
</kw>
<test id="s1-s16-t1" name="Right User Empty Password" line="16">
<kw name="Invalid Login">
<arg>admin@yourstore.com</arg>
<arg>${EMPTY}</arg>
<kw name="Go To Login Page" library="LoginResources">
<kw name="Go To" library="SeleniumLibrary">
<arg>${LOGIN URL}</arg>
<doc>Navigates the current browser window to the provided ``url``.</doc>
<msg timestamp="20221011 10:19:13.297" level="INFO">Opening url 'https://admin-demo.nopcommerce.com/login?ReturnUrl=%2Fadmin%2F'</msg>
<status status="PASS" starttime="20221011 10:19:13.294" endtime="20221011 10:19:13.628"/>
</kw>
<status status="PASS" starttime="20221011 10:19:13.286" endtime="20221011 10:19:13.631"/>
</kw>
<kw name="Input Email" library="LoginResources">
<arg>${email}</arg>
<kw name="Input Text" library="SeleniumLibrary">
<arg>xpath://*[@id="Email"]</arg>
<arg>${email}</arg>
<doc>Types the given ``text`` into the text field identified by ``locator``.</doc>
<msg timestamp="20221011 10:19:13.636" level="INFO">Typing text 'admin@yourstore.com' into text field 'xpath://*[@id="Email"]'.</msg>
<status status="PASS" starttime="20221011 10:19:13.635" endtime="20221011 10:19:13.790"/>
</kw>
<status status="PASS" starttime="20221011 10:19:13.632" endtime="20221011 10:19:13.791"/>
</kw>
<kw name="Input PSWD" library="LoginResources">
<arg>${password}</arg>
<kw name="Input Text" library="SeleniumLibrary">
<arg>xpath://*[@id="Password"]</arg>
<arg>${password}</arg>
<doc>Types the given ``text`` into the text field identified by ``locator``.</doc>
<msg timestamp="20221011 10:19:13.794" level="INFO">Typing text '' into text field 'xpath://*[@id="Password"]'.</msg>
<status status="PASS" starttime="20221011 10:19:13.793" endtime="20221011 10:19:13.899"/>
</kw>
<status status="PASS" starttime="20221011 10:19:13.792" endtime="20221011 10:19:13.899"/>
</kw>
<kw name="Click Login" library="LoginResources">
<kw name="Click Element" library="SeleniumLibrary">
<arg>xpath:/html/body/div[6]/div/div/div/div/div[2]/div[1]/div/form/div[3]/button</arg>
<doc>Click the element identified by ``locator``.</doc>
<msg timestamp="20221011 10:19:13.901" level="INFO">Clicking element 'xpath:/html/body/div[6]/div/div/div/div/div[2]/div[1]/div/form/div[3]/button'.</msg>
<status status="PASS" starttime="20221011 10:19:13.900" endtime="20221011 10:19:14.256"/>
</kw>
<status status="PASS" starttime="20221011 10:19:13.900" endtime="20221011 10:19:14.259"/>
</kw>
<kw name="Error Message Should Be Visible" library="LoginResources">
<kw name="Page Should Contain" library="SeleniumLibrary">
<arg>Login was unsuccessful</arg>
<doc>Verifies that current page contains ``text``.</doc>
<msg timestamp="20221011 10:19:14.315" level="INFO">Current page contains text 'Login was unsuccessful'.</msg>
<status status="PASS" starttime="20221011 10:19:14.264" endtime="20221011 10:19:14.315"/>
</kw>
<status status="PASS" starttime="20221011 10:19:14.262" endtime="20221011 10:19:14.316"/>
</kw>
<status status="PASS" starttime="20221011 10:19:13.278" endtime="20221011 10:19:14.316"/>
</kw>
<status status="PASS" starttime="20221011 10:19:13.275" endtime="20221011 10:19:14.317"/>
</test>
<test id="s1-s16-t2" name="Right User Wrong Password" line="17">
<kw name="Invalid Login">
<arg>admin@yourstore.com</arg>
<arg>xyz</arg>
<kw name="Go To Login Page" library="LoginResources">
<kw name="Go To" library="SeleniumLibrary">
<arg>${LOGIN URL}</arg>
<doc>Navigates the current browser window to the provided ``url``.</doc>
<msg timestamp="20221011 10:19:14.325" level="INFO">Opening url 'https://admin-demo.nopcommerce.com/login?ReturnUrl=%2Fadmin%2F'</msg>
<status status="PASS" starttime="20221011 10:19:14.323" endtime="20221011 10:19:14.646"/>
</kw>
<status status="PASS" starttime="20221011 10:19:14.322" endtime="20221011 10:19:14.647"/>
</kw>
<kw name="Input Email" library="LoginResources">
<arg>${email}</arg>
<kw name="Input Text" library="SeleniumLibrary">
<arg>xpath://*[@id="Email"]</arg>
<arg>${email}</arg>
<doc>Types the given ``text`` into the text field identified by ``locator``.</doc>
<msg timestamp="20221011 10:19:14.657" level="INFO">Typing text 'admin@yourstore.com' into text field 'xpath://*[@id="Email"]'.</msg>
<status status="PASS" starttime="20221011 10:19:14.652" endtime="20221011 10:19:14.817"/>
</kw>
<status status="PASS" starttime="20221011 10:19:14.648" endtime="20221011 10:19:14.818"/>
</kw>
<kw name="Input PSWD" library="LoginResources">
<arg>${password}</arg>
<kw name="Input Text" library="SeleniumLibrary">
<arg>xpath://*[@id="Password"]</arg>
<arg>${password}</arg>
<doc>Types the given ``text`` into the text field identified by ``locator``.</doc>
<msg timestamp="20221011 10:19:14.819" level="INFO">Typing text 'xyz' into text field 'xpath://*[@id="Password"]'.</msg>
<status status="PASS" starttime="20221011 10:19:14.818" endtime="20221011 10:19:14.936"/>
</kw>
<status status="PASS" starttime="20221011 10:19:14.818" endtime="20221011 10:19:14.936"/>
</kw>
<kw name="Click Login" library="LoginResources">
<kw name="Click Element" library="SeleniumLibrary">
<arg>xpath:/html/body/div[6]/div/div/div/div/div[2]/div[1]/div/form/div[3]/button</arg>
<doc>Click the element identified by ``locator``.</doc>
<msg timestamp="20221011 10:19:14.938" level="INFO">Clicking element 'xpath:/html/body/div[6]/div/div/div/div/div[2]/div[1]/div/form/div[3]/button'.</msg>
<status status="PASS" starttime="20221011 10:19:14.936" endtime="20221011 10:19:15.346"/>
</kw>
<status status="PASS" starttime="20221011 10:19:14.936" endtime="20221011 10:19:15.350"/>
</kw>
<kw name="Error Message Should Be Visible" library="LoginResources">
<kw name="Page Should Contain" library="SeleniumLibrary">
<arg>Login was unsuccessful</arg>
<doc>Verifies that current page contains ``text``.</doc>
<msg timestamp="20221011 10:19:15.401" level="INFO">Current page contains text 'Login was unsuccessful'.</msg>
<status status="PASS" starttime="20221011 10:19:15.354" endtime="20221011 10:19:15.402"/>
</kw>
<status status="PASS" starttime="20221011 10:19:15.352" endtime="20221011 10:19:15.402"/>
</kw>
<status status="PASS" starttime="20221011 10:19:14.320" endtime="20221011 10:19:15.403"/>
</kw>
<status status="PASS" starttime="20221011 10:19:14.319" endtime="20221011 10:19:15.404"/>
</test>
<test id="s1-s16-t3" name="Wrong User Right Password" line="18">
<kw name="Invalid Login">
<arg>admn@yourstore.com</arg>
<arg>admin</arg>
<kw name="Go To Login Page" library="LoginResources">
<kw name="Go To" library="SeleniumLibrary">
<arg>${LOGIN URL}</arg>
<doc>Navigates the current browser window to the provided ``url``.</doc>
<msg timestamp="20221011 10:19:15.412" level="INFO">Opening url 'https://admin-demo.nopcommerce.com/login?ReturnUrl=%2Fadmin%2F'</msg>
<status status="PASS" starttime="20221011 10:19:15.411" endtime="20221011 10:19:15.751"/>
</kw>
<status status="PASS" starttime="20221011 10:19:15.409" endtime="20221011 10:19:15.752"/>
</kw>
<kw name="Input Email" library="LoginResources">
<arg>${email}</arg>
<kw name="Input Text" library="SeleniumLibrary">
<arg>xpath://*[@id="Email"]</arg>
<arg>${email}</arg>
<doc>Types the given ``text`` into the text field identified by ``locator``.</doc>
<msg timestamp="20221011 10:19:15.760" level="INFO">Typing text 'admn@yourstore.com' into text field 'xpath://*[@id="Email"]'.</msg>
<status status="PASS" starttime="20221011 10:19:15.755" endtime="20221011 10:19:16.037"/>
</kw>
<status status="PASS" starttime="20221011 10:19:15.753" endtime="20221011 10:19:16.037"/>
</kw>
<kw name="Input PSWD" library="LoginResources">
<arg>${password}</arg>
<kw name="Input Text" library="SeleniumLibrary">
<arg>xpath://*[@id="Password"]</arg>
<arg>${password}</arg>
<doc>Types the given ``text`` into the text field identified by ``locator``.</doc>
<msg timestamp="20221011 10:19:16.043" level="INFO">Typing text 'admin' into text field 'xpath://*[@id="Password"]'.</msg>
<status status="PASS" starttime="20221011 10:19:16.041" endtime="20221011 10:19:16.212"/>
</kw>
<status status="PASS" starttime="20221011 10:19:16.038" endtime="20221011 10:19:16.212"/>
</kw>
<kw name="Click Login" library="LoginResources">
<kw name="Click Element" library="SeleniumLibrary">
<arg>xpath:/html/body/div[6]/div/div/div/div/div[2]/div[1]/div/form/div[3]/button</arg>
<doc>Click the element identified by ``locator``.</doc>
<msg timestamp="20221011 10:19:16.215" level="INFO">Clicking element 'xpath:/html/body/div[6]/div/div/div/div/div[2]/div[1]/div/form/div[3]/button'.</msg>
<status status="PASS" starttime="20221011 10:19:16.214" endtime="20221011 10:19:16.621"/>
</kw>
<status status="PASS" starttime="20221011 10:19:16.213" endtime="20221011 10:19:16.624"/>
</kw>
<kw name="Error Message Should Be Visible" library="LoginResources">
<kw name="Page Should Contain" library="SeleniumLibrary">
<arg>Login was unsuccessful</arg>
<doc>Verifies that current page contains ``text``.</doc>
<msg timestamp="20221011 10:19:16.654" level="INFO">Current page contains text 'Login was unsuccessful'.</msg>
<status status="PASS" starttime="20221011 10:19:16.627" endtime="20221011 10:19:16.654"/>
</kw>
<status status="PASS" starttime="20221011 10:19:16.624" endtime="20221011 10:19:16.654"/>
</kw>
<status status="PASS" starttime="20221011 10:19:15.408" endtime="20221011 10:19:16.655"/>
</kw>
<status status="PASS" starttime="20221011 10:19:15.406" endtime="20221011 10:19:16.657"/>
</test>
<test id="s1-s16-t4" name="Wrong User Empty Password" line="19">
<kw name="Invalid Login">
<arg>admn@yourstore.com</arg>
<arg>${EMPTY}</arg>
<kw name="Go To Login Page" library="LoginResources">
<kw name="Go To" library="SeleniumLibrary">
<arg>${LOGIN URL}</arg>
<doc>Navigates the current browser window to the provided ``url``.</doc>
<msg timestamp="20221011 10:19:16.664" level="INFO">Opening url 'https://admin-demo.nopcommerce.com/login?ReturnUrl=%2Fadmin%2F'</msg>
<status status="PASS" starttime="20221011 10:19:16.663" endtime="20221011 10:19:16.954"/>
</kw>
<status status="PASS" starttime="20221011 10:19:16.662" endtime="20221011 10:19:16.956"/>
</kw>
<kw name="Input Email" library="LoginResources">
<arg>${email}</arg>
<kw name="Input Text" library="SeleniumLibrary">
<arg>xpath://*[@id="Email"]</arg>
<arg>${email}</arg>
<doc>Types the given ``text`` into the text field identified by ``locator``.</doc>
<msg timestamp="20221011 10:19:16.965" level="INFO">Typing text 'admn@yourstore.com' into text field 'xpath://*[@id="Email"]'.</msg>
<status status="PASS" starttime="20221011 10:19:16.962" endtime="20221011 10:19:17.141"/>
</kw>
<status status="PASS" starttime="20221011 10:19:16.958" endtime="20221011 10:19:17.142"/>
</kw>
<kw name="Input PSWD" library="LoginResources">
<arg>${password}</arg>
<kw name="Input Text" library="SeleniumLibrary">
<arg>xpath://*[@id="Password"]</arg>
<arg>${password}</arg>
<doc>Types the given ``text`` into the text field identified by ``locator``.</doc>
<msg timestamp="20221011 10:19:17.145" level="INFO">Typing text '' into text field 'xpath://*[@id="Password"]'.</msg>
<status status="PASS" starttime="20221011 10:19:17.144" endtime="20221011 10:19:17.252"/>
</kw>
<status status="PASS" starttime="20221011 10:19:17.142" endtime="20221011 10:19:17.253"/>
</kw>
<kw name="Click Login" library="LoginResources">
<kw name="Click Element" library="SeleniumLibrary">
<arg>xpath:/html/body/div[6]/div/div/div/div/div[2]/div[1]/div/form/div[3]/button</arg>
<doc>Click the element identified by ``locator``.</doc>
<msg timestamp="20221011 10:19:17.254" level="INFO">Clicking element 'xpath:/html/body/div[6]/div/div/div/div/div[2]/div[1]/div/form/div[3]/button'.</msg>
<status status="PASS" starttime="20221011 10:19:17.253" endtime="20221011 10:19:17.653"/>
</kw>
<status status="PASS" starttime="20221011 10:19:17.253" endtime="20221011 10:19:17.654"/>
</kw>
<kw name="Error Message Should Be Visible" library="LoginResources">
<kw name="Page Should Contain" library="SeleniumLibrary">
<arg>Login was unsuccessful</arg>
<doc>Verifies that current page contains ``text``.</doc>
<msg timestamp="20221011 10:19:17.694" level="INFO">Current page contains text 'Login was unsuccessful'.</msg>
<status status="PASS" starttime="20221011 10:19:17.658" endtime="20221011 10:19:17.695"/>
</kw>
<status status="PASS" starttime="20221011 10:19:17.654" endtime="20221011 10:19:17.695"/>
</kw>
<status status="PASS" starttime="20221011 10:19:16.660" endtime="20221011 10:19:17.696"/>
</kw>
<status status="PASS" starttime="20221011 10:19:16.659" endtime="20221011 10:19:17.696"/>
</test>
<test id="s1-s16-t5" name="Wrong User Wrong Password" line="20">
<kw name="Invalid Login">
<arg>admn@yourstore.com</arg>
<arg>xyz</arg>
<kw name="Go To Login Page" library="LoginResources">
<kw name="Go To" library="SeleniumLibrary">
<arg>${LOGIN URL}</arg>
<doc>Navigates the current browser window to the provided ``url``.</doc>
<msg timestamp="20221011 10:19:17.701" level="INFO">Opening url 'https://admin-demo.nopcommerce.com/login?ReturnUrl=%2Fadmin%2F'</msg>
<status status="PASS" starttime="20221011 10:19:17.700" endtime="20221011 10:19:18.018"/>
</kw>
<status status="PASS" starttime="20221011 10:19:17.699" endtime="20221011 10:19:18.022"/>
</kw>
<kw name="Input Email" library="LoginResources">
<arg>${email}</arg>
<kw name="Input Text" library="SeleniumLibrary">
<arg>xpath://*[@id="Email"]</arg>
<arg>${email}</arg>
<doc>Types the given ``text`` into the text field identified by ``locator``.</doc>
<msg timestamp="20221011 10:19:18.030" level="INFO">Typing text 'admn@yourstore.com' into text field 'xpath://*[@id="Email"]'.</msg>
<status status="PASS" starttime="20221011 10:19:18.028" endtime="20221011 10:19:18.216"/>
</kw>
<status status="PASS" starttime="20221011 10:19:18.023" endtime="20221011 10:19:18.218"/>
</kw>
<kw name="Input PSWD" library="LoginResources">
<arg>${password}</arg>
<kw name="Input Text" library="SeleniumLibrary">
<arg>xpath://*[@id="Password"]</arg>
<arg>${password}</arg>
<doc>Types the given ``text`` into the text field identified by ``locator``.</doc>
<msg timestamp="20221011 10:19:18.219" level="INFO">Typing text 'xyz' into text field 'xpath://*[@id="Password"]'.</msg>
<status status="PASS" starttime="20221011 10:19:18.219" endtime="20221011 10:19:18.428"/>
</kw>
<status status="PASS" starttime="20221011 10:19:18.218" endtime="20221011 10:19:18.429"/>
</kw>
<kw name="Click Login" library="LoginResources">
<kw name="Click Element" library="SeleniumLibrary">
<arg>xpath:/html/body/div[6]/div/div/div/div/div[2]/div[1]/div/form/div[3]/button</arg>
<doc>Click the element identified by ``locator``.</doc>
<msg timestamp="20221011 10:19:18.432" level="INFO">Clicking element 'xpath:/html/body/div[6]/div/div/div/div/div[2]/div[1]/div/form/div[3]/button'.</msg>
<status status="PASS" starttime="20221011 10:19:18.431" endtime="20221011 10:19:18.867"/>
</kw>
<status status="PASS" starttime="20221011 10:19:18.429" endtime="20221011 10:19:18.867"/>
</kw>
<kw name="Error Message Should Be Visible" library="LoginResources">
<kw name="Page Should Contain" library="SeleniumLibrary">
<arg>Login was unsuccessful</arg>
<doc>Verifies that current page contains ``text``.</doc>
<msg timestamp="20221011 10:19:18.898" level="INFO">Current page contains text 'Login was unsuccessful'.</msg>
<status status="PASS" starttime="20221011 10:19:18.868" endtime="20221011 10:19:18.899"/>
</kw>
[...]
</iter>
<iter>
<var name="${j}">2</var>
<kw name="Log To Console" library="BuiltIn">
<arg>${j}</arg>
<doc>Logs the given message to the console.</doc>
<status status="PASS" starttime="20221011 10:19:34.619" endtime="20221011 10:19:34.620"/>
</kw>
<status status="PASS" starttime="20221011 10:19:34.619" endtime="20221011 10:19:34.620"/>
</iter>
<iter>
<var name="${j}">3</var>
<kw name="Log To Console" library="BuiltIn">
<arg>${j}</arg>
<doc>Logs the given message to the console.</doc>
<status status="PASS" starttime="20221011 10:19:34.621" endtime="20221011 10:19:34.621"/>
</kw>
<status status="PASS" starttime="20221011 10:19:34.620" endtime="20221011 10:19:34.621"/>
</iter>
<iter>
<var name="${j}">4</var>
<kw name="Log To Console" library="BuiltIn">
<arg>${j}</arg>
<doc>Logs the given message to the console.</doc>
<status status="PASS" starttime="20221011 10:19:34.622" endtime="20221011 10:19:34.622"/>
</kw>
<status status="PASS" starttime="20221011 10:19:34.621" endtime="20221011 10:19:34.622"/>
</iter>
<iter>
<var name="${j}">5</var>
<kw name="Log To Console" library="BuiltIn">
<arg>${j}</arg>
<doc>Logs the given message to the console.</doc>
<status status="PASS" starttime="20221011 10:19:34.623" endtime="20221011 10:19:34.623"/>
</kw>
<status status="PASS" starttime="20221011 10:19:34.622" endtime="20221011 10:19:34.623"/>
</iter>
<status status="PASS" starttime="20221011 10:19:34.616" endtime="20221011 10:19:34.623"/>
</for>
<status status="PASS" starttime="20221011 10:19:34.613" endtime="20221011 10:19:34.623"/>
</test>
<test id="s1-s20-t3" name="Anotherr For Loop" line="16">
<kw name="Create List" library="BuiltIn">
<var>@{items}</var>
<arg>Duck</arg>
<arg>Chicken</arg>
<arg>Pig</arg>
<arg>Cow</arg>
<doc>Returns a list containing given items.</doc>
<msg timestamp="20221011 10:19:34.625" level="INFO">@{items} = [ Duck | Chicken | Pig | Cow ]</msg>
<status status="PASS" starttime="20221011 10:19:34.624" endtime="20221011 10:19:34.625"/>
</kw>
<for flavor="IN">
<var>${k}</var>
<value>@{items}</value>
<iter>
<var name="${k}">Duck</var>
<kw name="Log To Console" library="BuiltIn">
<arg>${k}</arg>
<doc>Logs the given message to the console.</doc>
<status status="PASS" starttime="20221011 10:19:34.626" endtime="20221011 10:19:34.626"/>
</kw>
<status status="PASS" starttime="20221011 10:19:34.625" endtime="20221011 10:19:34.626"/>
</iter>
<iter>
<var name="${k}">Chicken</var>
<kw name="Log To Console" library="BuiltIn">
<arg>${k}</arg>
<doc>Logs the given message to the console.</doc>
<status status="PASS" starttime="20221011 10:19:34.627" endtime="20221011 10:19:34.627"/>
</kw>
<status status="PASS" starttime="20221011 10:19:34.626" endtime="20221011 10:19:34.627"/>
</iter>
<iter>
<var name="${k}">Pig</var>
<kw name="Log To Console" library="BuiltIn">
<arg>${k}</arg>
<doc>Logs the given message to the console.</doc>
<status status="PASS" starttime="20221011 10:19:34.628" endtime="20221011 10:19:34.628"/>
</kw>
<status status="PASS" starttime="20221011 10:19:34.627" endtime="20221011 10:19:34.628"/>
</iter>
<iter>
<var name="${k}">Cow</var>
<kw name="Log To Console" library="BuiltIn">
<arg>${k}</arg>
<doc>Logs the given message to the console.</doc>
<status status="PASS" starttime="20221011 10:19:34.628" endtime="20221011 10:19:34.629"/>
</kw>
<status status="PASS" starttime="20221011 10:19:34.628" endtime="20221011 10:19:34.629"/>
</iter>
<status status="PASS" starttime="20221011 10:19:34.625" endtime="20221011 10:19:34.629"/>
</for>
<status status="PASS" starttime="20221011 10:19:34.624" endtime="20221011 10:19:34.629"/>
</test>
<test id="s1-s20-t4" name="Anotherrr For Loop" line="22">
<kw name="Create List" library="BuiltIn">
<var>@{items}</var>
<arg>1</arg>
<arg>2</arg>
<arg>3</arg>
<arg>4</arg>
<arg>5</arg>
<doc>Returns a list containing given items.</doc>
<msg timestamp="20221011 10:19:34.632" level="INFO">@{items} = [ 1 | 2 | 3 | 4 | 5 ]</msg>
<status status="PASS" starttime="20221011 10:19:34.631" endtime="20221011 10:19:34.632"/>
</kw>
<for flavor="IN">
<var>${l}</var>
<value>@{items}</value>
<iter>
<var name="${l}">1</var>
<kw name="Log To Console" library="BuiltIn">
<arg>${l}</arg>
<doc>Logs the given message to the console.</doc>
<status status="PASS" starttime="20221011 10:19:34.633" endtime="20221011 10:19:34.635"/>
</kw>
<kw name="Exit For Loop If" library="BuiltIn">
<arg>${l} == 3</arg>
<doc>Stops executing the enclosing FOR loop if the ``condition`` is true.</doc>
<status status="PASS" starttime="20221011 10:19:34.635" endtime="20221011 10:19:34.636"/>
</kw>
<status status="PASS" starttime="20221011 10:19:34.633" endtime="20221011 10:19:34.636"/>
</iter>
<iter>
<var name="${l}">2</var>
<kw name="Log To Console" library="BuiltIn">
<arg>${l}</arg>
<doc>Logs the given message to the console.</doc>
<status status="PASS" starttime="20221011 10:19:34.636" endtime="20221011 10:19:34.637"/>
</kw>
<kw name="Exit For Loop If" library="BuiltIn">
<arg>${l} == 3</arg>
<doc>Stops executing the enclosing FOR loop if the ``condition`` is true.</doc>
<status status="PASS" starttime="20221011 10:19:34.637" endtime="20221011 10:19:34.637"/>
</kw>
<status status="PASS" starttime="20221011 10:19:34.636" endtime="20221011 10:19:34.637"/>
</iter>
<iter>
<var name="${l}">3</var>
<kw name="Log To Console" library="BuiltIn">
<arg>${l}</arg>
<doc>Logs the given message to the console.</doc>
<status status="PASS" starttime="20221011 10:19:34.638" endtime="20221011 10:19:34.638"/>
</kw>
<kw name="Exit For Loop If" library="BuiltIn">
<arg>${l} == 3</arg>
<doc>Stops executing the enclosing FOR loop if the ``condition`` is true.</doc>
<msg timestamp="20221011 10:19:34.639" level="INFO">Exiting for loop altogether.</msg>
<status status="PASS" starttime="20221011 10:19:34.638" endtime="20221011 10:19:34.639"/>
</kw>
<status status="PASS" starttime="20221011 10:19:34.638" endtime="20221011 10:19:34.639"/>
</iter>
<status status="PASS" starttime="20221011 10:19:34.632" endtime="20221011 10:19:34.640"/>
</for>
<status status="PASS" starttime="20221011 10:19:34.630" endtime="20221011 10:19:34.640"/>
</test>
<status status="PASS" starttime="20221011 10:19:34.590" endtime="20221011 10:19:34.640"/>
</suite>
<suite id="s1-s21" name="InputBox" source="C:\Users\d_joh\OneDrive\Coding Projects\TestProject\TestCases\InputBox.robot">
<test id="s1-s21-t1" name="Testing Input Box" line="10">
<kw name="Open Browser" library="SeleniumLibrary">
<arg>${URL}</arg>
<arg>${Broswer}</arg>
<doc>Opens a new browser instance to the optional ``url``.</doc>
<msg timestamp="20221011 10:19:35.924" level="INFO">Opening browser 'Edge' to base url 'https://demo.nopcommerce.com/'.</msg>
<status status="PASS" starttime="20221011 10:19:35.923" endtime="20221011 10:19:40.757"/>
</kw>
<kw name="Maximize Browser Window" library="SeleniumLibrary">
<doc>Maximizes current browser window.</doc>
<status status="PASS" starttime="20221011 10:19:40.757" endtime="20221011 10:19:40.888"/>
</kw>
<kw name="Title Should Be" library="SeleniumLibrary">
<arg>nopCommerce demo store</arg>
<doc>Verifies that the current page title equals ``title``.</doc>
<msg timestamp="20221011 10:19:40.909" level="INFO">Page title is 'nopCommerce demo store'.</msg>
<status status="PASS" starttime="20221011 10:19:40.888" endtime="20221011 10:19:40.910"/>
</kw>
<kw name="Click Link" library="SeleniumLibrary">
<arg>xpath:/html/body/div[6]/div[1]/div[1]/div[2]/div[1]/ul/li[2]/a</arg>
<doc>Clicks a link identified by ``locator``.</doc>
<msg timestamp="20221011 10:19:40.918" level="INFO">Clicking link 'xpath:/html/body/div[6]/div[1]/div[1]/div[2]/div[1]/ul/li[2]/a'.</msg>
<status status="PASS" starttime="20221011 10:19:40.913" endtime="20221011 10:19:41.518"/>
</kw>
<kw name="Set Variable" library="BuiltIn">
<var>${"email_txt"}</var>
<arg>id:Email</arg>
<doc>Returns the given values which can then be assigned to a variables.</doc>
<msg timestamp="20221011 10:19:41.519" level="INFO">${"email_txt"} = id:Email</msg>
<status status="PASS" starttime="20221011 10:19:41.518" endtime="20221011 10:19:41.519"/>
</kw>
<kw name="Element Should Be Visible" library="SeleniumLibrary">
<arg>${"email_txt"}</arg>
<doc>Verifies that the element identified by ``locator`` is visible.</doc>
<msg timestamp="20221011 10:19:41.643" level="INFO">Element 'id:Email' is displayed.</msg>
<status status="PASS" starttime="20221011 10:19:41.520" endtime="20221011 10:19:41.643"/>
</kw>
<kw name="Element Should Be Enabled" library="SeleniumLibrary">
<arg>${"email_txt"}</arg>
<doc>Verifies that element identified by ``locator`` is enabled.</doc>
<status status="PASS" starttime="20221011 10:19:41.644" endtime="20221011 10:19:41.668"/>
</kw>
<kw name="Input Text" library="SeleniumLibrary">
<arg>${"email_txt"}</arg>
<arg>JohnDavid@gmail.com</arg>
<doc>Types the given ``text`` into the text field identified by ``locator``.</doc>
<msg timestamp="20221011 10:19:41.669" level="INFO">Typing text 'JohnDavid@gmail.com' into text field 'id:Email'.</msg>
<status status="PASS" starttime="20221011 10:19:41.668" endtime="20221011 10:19:41.745"/>
</kw>
<kw name="Sleep" library="BuiltIn">
<arg>5</arg>
<doc>Pauses the test executed for the given time.</doc>
<msg timestamp="20221011 10:19:46.747" level="INFO">Slept 5 seconds</msg>
<status status="PASS" starttime="20221011 10:19:41.745" endtime="20221011 10:19:46.747"/>
</kw>
<kw name="Clear Element Text" library="SeleniumLibrary">
<arg>${"email_txt"}</arg>
<doc>Clears the value of the text-input-element identified by ``locator``.</doc>
<status status="PASS" starttime="20221011 10:19:46.748" endtime="20221011 10:19:46.810"/>
</kw>
<kw name="Sleep" library="BuiltIn">
<arg>3</arg>
<doc>Pauses the test executed for the given time.</doc>
<msg timestamp="20221011 10:19:49.816" level="INFO">Slept 3 seconds</msg>
<status status="PASS" starttime="20221011 10:19:46.810" endtime="20221011 10:19:49.816"/>
</kw>
<kw name="Close Browser" library="SeleniumLibrary">
<doc>Closes the current browser.</doc>
<status status="PASS" starttime="20221011 10:19:49.817" endtime="20221011 10:19:52.220"/>
</kw>
<status status="PASS" starttime="20221011 10:19:35.922" endtime="20221011 10:19:52.221"/>
</test>
<status status="PASS" starttime="20221011 10:19:35.696" endtime="20221011 10:19:52.224"/>
</suite>
<suite id="s1-s22" name="Keywords" source="C:\Users\d_joh\OneDrive\Coding Projects\TestProject\TestCases\Keywords.robot">
<test id="s1-s22-t1" name="Navigation Test" line="13">
<kw name="Open Browser" library="SeleniumLibrary">
<arg>${URL}</arg>
<arg>${Browser}</arg>
<doc>Opens a new browser instance to the optional ``url``.</doc>
<msg timestamp="20221011 10:19:53.137" level="INFO">Opening browser 'Edge' to base url 'https://www.google.co.uk/'.</msg>
<status status="PASS" starttime="20221011 10:19:53.136" endtime="20221011 10:19:57.662"/>
</kw>
<kw name="Maximize Browser Window" library="SeleniumLibrary">
<doc>Maximizes current browser window.</doc>
<status status="PASS" starttime="20221011 10:19:57.662" endtime="20221011 10:19:57.836"/>
</kw>
<kw name="Speed">
<kw name="Set Selenium Speed" library="SeleniumLibrary">
<arg>1</arg>
<doc>Sets the delay that is waited after each Selenium command.</doc>
<status status="PASS" starttime="20221011 10:19:57.845" endtime="20221011 10:19:57.847"/>
</kw>
<status status="PASS" starttime="20221011 10:19:57.839" endtime="20221011 10:19:57.847"/>
</kw>
<kw name="Get Location" library="SeleniumLibrary">
<var>${loc}</var>
<doc>Returns the current browser window URL.</doc>
<msg timestamp="20221011 10:19:58.902" level="INFO">${loc} = https://www.google.co.uk/</msg>
<status status="PASS" starttime="20221011 10:19:57.847" endtime="20221011 10:19:58.902"/>
</kw>
<kw name="Log To Console" library="BuiltIn">
<arg>${loc}</arg>
<doc>Logs the given message to the console.</doc>
<status status="PASS" starttime="20221011 10:19:58.903" endtime="20221011 10:19:58.904"/>
</kw>
<kw name="Go To" library="SeleniumLibrary">
<arg>https://www.bing.com/</arg>
<doc>Navigates the current browser window to the provided ``url``.</doc>
<msg timestamp="20221011 10:19:58.904" level="INFO">Opening url 'https://www.bing.com/'</msg>
<status status="PASS" starttime="20221011 10:19:58.904" endtime="20221011 10:20:00.202"/>
</kw>
<kw name="Get Location" library="SeleniumLibrary">
<var>${loc}</var>
<doc>Returns the current browser window URL.</doc>
<msg timestamp="20221011 10:20:01.846" level="INFO">${loc} = https://www.bing.com/</msg>
<status status="PASS" starttime="20221011 10:20:00.202" endtime="20221011 10:20:01.846"/>
</kw>
<kw name="Log To Console" library="BuiltIn">
<arg>${loc}</arg>
<doc>Logs the given message to the console.</doc>
<status status="PASS" starttime="20221011 10:20:01.847" endtime="20221011 10:20:01.848"/>
</kw>
<kw name="Go Back" library="SeleniumLibrary">
<doc>Simulates the user clicking the back button on their browser.</doc>
<status status="PASS" starttime="20221011 10:20:01.848" endtime="20221011 10:20:03.224"/>
</kw>
<kw name="Get Location" library="SeleniumLibrary">
<var>${loc}</var>
<doc>Returns the current browser window URL.</doc>
<msg timestamp="20221011 10:20:04.242" level="INFO">${loc} = https://www.google.co.uk/</msg>
<status status="PASS" starttime="20221011 10:20:03.225" endtime="20221011 10:20:04.242"/>
</kw>
<kw name="Log To Console" library="BuiltIn">
<arg>${loc}</arg>
<doc>Logs the given message to the console.</doc>
<status status="PASS" starttime="20221011 10:20:04.243" endtime="20221011 10:20:04.246"/>
</kw>
<kw name="Close Browser" library="SeleniumLibrary">
<doc>Closes the current browser.</doc>
<status status="PASS" starttime="20221011 10:20:04.246" endtime="20221011 10:20:07.580"/>
</kw>
<status status="PASS" starttime="20221011 10:19:53.136" endtime="20221011 10:20:07.581"/>
</test>
<status status="PASS" starttime="20221011 10:19:52.924" endtime="20221011 10:20:07.586"/>
</suite>
<doc>[https://pabot.org/?ref=log|Pabot] result from 22 executions.</doc>
<status status="FAIL" starttime="20221011 10:18:50.585" endtime="20221011 10:24:01.002"/>
</suite>
<statistics>
<total>
<stat pass="34" fail="3" skip="0">All Tests</stat>
</total>
<tag>
<stat pass="1" fail="0" skip="0">Login</stat>
<stat pass="1" fail="0" skip="0">Logout</stat>
</tag>
<suite>
<stat pass="34" fail="3" skip="0" id="s1" name="Suites">Suites</stat>
<stat pass="1" fail="0" skip="0" id="s1-s1" name="Alerts">Suites.Alerts</stat>
<stat pass="1" fail="0" skip="0" id="s1-s2" name="Links">Suites.Links</stat>
<stat pass="1" fail="0" skip="0" id="s1-s3" name="LoginTest">Suites.LoginTest</stat>
<stat pass="1" fail="0" skip="0" id="s1-s4" name="MouseActions">Suites.MouseActions</stat>
<stat pass="2" fail="0" skip="0" id="s1-s5" name="RadioButtons">Suites.RadioButtons</stat>
<stat pass="1" fail="0" skip="0" id="s1-s6" name="ScrollingPage">Suites.ScrollingPage</stat>
<stat pass="1" fail="0" skip="0" id="s1-s7" name="TC1">Suites.TC1</stat>
<stat pass="1" fail="1" skip="0" id="s1-s8" name="TabbedWindows">Suites.TabbedWindows</stat>
<stat pass="1" fail="0" skip="0" id="s1-s9" name="Table">Suites.Table</stat>
<stat pass="2" fail="0" skip="0" id="s1-s10" name="Tags">Suites.Tags</stat>
<stat pass="0" fail="1" skip="0" id="s1-s11" name="Test">Suites.Test</stat>
<stat pass="0" fail="1" skip="0" id="s1-s12" name="Capture">Suites.Capture</stat>
<stat pass="1" fail="0" skip="0" id="s1-s13" name="TimeOut">Suites.TimeOut</stat>
<stat pass="1" fail="0" skip="0" id="s1-s14" name="UserKeywords">Suites.UserKeywords</stat>
<stat pass="1" fail="0" skip="0" id="s1-s15" name="CloseAll">Suites.CloseAll</stat>
<stat pass="5" fail="0" skip="0" id="s1-s16" name="DDT1">Suites.DDT1</stat>
<stat pass="3" fail="0" skip="0" id="s1-s17" name="DDT2">Suites.DDT2</stat>
<stat pass="3" fail="0" skip="0" id="s1-s18" name="DDT3">Suites.DDT3</stat>
<stat pass="2" fail="0" skip="0" id="s1-s19" name="DropDown">Suites.DropDown</stat>
<stat pass="4" fail="0" skip="0" id="s1-s20" name="ForLoop">Suites.ForLoop</stat>
<stat pass="1" fail="0" skip="0" id="s1-s21" name="InputBox">Suites.InputBox</stat>
<stat pass="1" fail="0" skip="0" id="s1-s22" name="Keywords">Suites.Keywords</stat>
</suite>
</statistics>
<errors>
<msg timestamp="20221011 10:20:16.429" level="ERROR">Error in file 'C:\Users\d_joh\OneDrive\Coding Projects\TestProject\TestCases\LoginTest.robot' on line 4: Error in file 'C:\Users\d_joh\OneDrive\Coding Projects\TestProject\TestCases\Alerts.robot' on line 13: Resource file with 'Test Cases' section is invalid.</msg>
<msg timestamp="20221011 10:23:32.216" level="WARN">Retrying (Retry(total=2, connect=None, read=None, redirect=None, status=None)) after connection broken by 'NewConnectionError('&lt;urllib3.connection.HTTPConnection object at 0x00000202F17EE100&gt;: Failed to establish a new connection: [WinError 10061] No connection could be made because the target machine actively refused it')': /session/dbdc7df8ebd8ee57b01ca0434e55475f/title</msg>
<msg timestamp="20221011 10:23:36.286" level="WARN">Retrying (Retry(total=1, connect=None, read=None, redirect=None, status=None)) after connection broken by 'NewConnectionError('&lt;urllib3.connection.HTTPConnection object at 0x00000202F17EE250&gt;: Failed to establish a new connection: [WinError 10061] No connection could be made because the target machine actively refused it')': /session/dbdc7df8ebd8ee57b01ca0434e55475f/title</msg>
<msg timestamp="20221011 10:23:40.343" level="WARN">Retrying (Retry(total=0, connect=None, read=None, redirect=None, status=None)) after connection broken by 'NewConnectionError('&lt;urllib3.connection.HTTPConnection object at 0x00000202F17EE3A0&gt;: Failed to establish a new connection: [WinError 10061] No connection could be made because the target machine actively refused it')': /session/dbdc7df8ebd8ee57b01ca0434e55475f/title</msg>
<msg timestamp="20221011 10:23:48.514" level="WARN">Retrying (Retry(total=2, connect=None, read=None, redirect=None, status=None)) after connection broken by 'NewConnectionError('&lt;urllib3.connection.HTTPConnection object at 0x00000202F17EE670&gt;: Failed to establish a new connection: [WinError 10061] No connection could be made because the target machine actively refused it')': /session/dbdc7df8ebd8ee57b01ca0434e55475f/screenshot</msg>
<msg timestamp="20221011 10:23:52.599" level="WARN">Retrying (Retry(total=1, connect=None, read=None, redirect=None, status=None)) after connection broken by 'NewConnectionError('&lt;urllib3.connection.HTTPConnection object at 0x00000202F17EE7F0&gt;: Failed to establish a new connection: [WinError 10061] No connection could be made because the target machine actively refused it')': /session/dbdc7df8ebd8ee57b01ca0434e55475f/screenshot</msg>
<msg timestamp="20221011 10:23:56.690" level="WARN">Retrying (Retry(total=0, connect=None, read=None, redirect=None, status=None)) after connection broken by 'NewConnectionError('&lt;urllib3.connection.HTTPConnection object at 0x00000202F17E4D30&gt;: Failed to establish a new connection: [WinError 10061] No connection could be made because the target machine actively refused it')': /session/dbdc7df8ebd8ee57b01ca0434e55475f/screenshot</msg>
<msg timestamp="20221011 10:24:00.758" level="WARN">Keyword 'Capture Page Screenshot' could not be run on failure: HTTPConnectionPool(host='localhost', port=65453): Max retries exceeded with url: /session/dbdc7df8ebd8ee57b01ca0434e55475f/screenshot (Caused by NewConnectionError('&lt;urllib3.connection.HTTPConnection object at 0x00000202F17E4520&gt;: Failed to establish a new connection: [WinError 10061] No connection could be made because the target machine actively refused it'))</msg>
<msg timestamp="20221011 10:23:00.650" level="WARN">Open Browser is for quick experimentation and debugging only. Use New Page for production.</msg>
<msg timestamp="20221011 10:23:14.079" level="WARN">Keyword 'Take Screenshot  fail-screenshot-{index}' could not be run on failure:
Error: Tried to take screenshot, but no page was open.</msg>
</errors>
</robot>
