<?xml version="1.0" encoding="UTF-8"?>
<robot generator="Robot 5.0.1 (Python 3.8.0 on win32)" generated="20221011 10:22:56.305" rpa="false" schemaversion="3">
<suite id="s1" name="Suites">
<suite id="s1-s1" name="Tags" source="C:\Users\d_joh\OneDrive\Coding Projects\TestProject\TestCases\Tags.robot">
<test id="s1-s1-t1" name="TC1 Login Test" line="2">
<kw name="Log To Console" library="BuiltIn">
<arg>This is a login test</arg>
<doc>Logs the given message to the console.</doc>
<status status="PASS" starttime="20221011 10:22:56.365" endtime="20221011 10:22:56.366"/>
</kw>
<tag>Login</tag>
<status status="PASS" starttime="20221011 10:22:56.364" endtime="20221011 10:22:56.367"/>
</test>
<test id="s1-s1-t2" name="TC2 Logout Test" line="6">
<kw name="Log To Console" library="BuiltIn">
<arg>This is a logout test</arg>
<doc>Logs the given message to the console.</doc>
<status status="PASS" starttime="20221011 10:22:56.375" endtime="20221011 10:22:56.375"/>
</kw>
<tag>Logout</tag>
<status status="PASS" starttime="20221011 10:22:56.369" endtime="20221011 10:22:56.376"/>
</test>
<status status="PASS" starttime="20221011 10:22:56.361" endtime="20221011 10:22:56.376"/>
</suite>
<status status="PASS" starttime="20221011 10:22:56.329" endtime="20221011 10:22:56.377"/>
</suite>
<statistics>
<total>
<stat pass="2" fail="0" skip="0">All Tests</stat>
</total>
<tag>
<stat pass="1" fail="0" skip="0">Login</stat>
<stat pass="1" fail="0" skip="0">Logout</stat>
</tag>
<suite>
<stat pass="2" fail="0" skip="0" id="s1" name="Suites">Suites</stat>
<stat pass="2" fail="0" skip="0" id="s1-s1" name="Tags">Suites.Tags</stat>
</suite>
</statistics>
<errors>
</errors>
</robot>
