<?xml version="1.0" encoding="UTF-8"?>
<robot generator="Robot 5.0.1 (Python 3.8.0 on win32)" generated="20221007 12:22:02.875" rpa="false" schemaversion="3">
<suite id="s1" name="DDT1" source="C:\Users\d_joh\OneDrive\Coding Projects\TestProject\TestCases\DDT1.robot">
<kw name="Launch Browser" library="LoginResources" type="SETUP">
<kw name="Open Browser" library="SeleniumLibrary">
<arg>${LOGIN URL}</arg>
<arg>${BROWSER}</arg>
<doc>Opens a new browser instance to the optional ``url``.</doc>
<msg timestamp="20221007 12:22:03.126" level="INFO">Opening browser 'Edge' to base url 'https://admin-demo.nopcommerce.com/login?ReturnUrl=%2Fadmin%2F'.</msg>
<status status="PASS" starttime="20221007 12:22:03.126" endtime="20221007 12:22:07.640"/>
</kw>
<kw name="Maximize Browser Window" library="SeleniumLibrary">
<doc>Maximizes current browser window.</doc>
<status status="PASS" starttime="20221007 12:22:07.641" endtime="20221007 12:22:07.819"/>
</kw>
<status status="PASS" starttime="20221007 12:22:03.125" endtime="20221007 12:22:07.820"/>
</kw>
<test id="s1-t1" name="Right User Empty Password" line="16">
<kw name="Invalid Login">
<arg>admin@yourstore.com</arg>
<arg>${EMPTY}</arg>
<kw name="Go To Login Page" library="LoginResources">
<kw name="Go To" library="SeleniumLibrary">
<arg>${LOGIN URL}</arg>
<doc>Navigates the current browser window to the provided ``url``.</doc>
<msg timestamp="20221007 12:22:07.842" level="INFO">Opening url 'https://admin-demo.nopcommerce.com/login?ReturnUrl=%2Fadmin%2F'</msg>
<status status="PASS" starttime="20221007 12:22:07.841" endtime="20221007 12:22:08.190"/>
</kw>
<status status="PASS" starttime="20221007 12:22:07.840" endtime="20221007 12:22:08.190"/>
</kw>
<kw name="Input Email" library="LoginResources">
<arg>${username}</arg>
<kw name="Input Text" library="SeleniumLibrary">
<arg>xpath://*[@id="Email"]</arg>
<arg>${email}</arg>
<doc>Types the given ``text`` into the text field identified by ``locator``.</doc>
<msg timestamp="20221007 12:22:08.193" level="INFO">Typing text 'admin@yourstore.com' into text field 'xpath://*[@id="Email"]'.</msg>
<status status="PASS" starttime="20221007 12:22:08.192" endtime="20221007 12:22:08.367"/>
</kw>
<status status="PASS" starttime="20221007 12:22:08.191" endtime="20221007 12:22:08.368"/>
</kw>
<kw name="Input PSWD" library="LoginResources">
<arg>${password}</arg>
<kw name="Input Text" library="SeleniumLibrary">
<arg>xpath://*[@id="Password"]</arg>
<arg>${password}</arg>
<doc>Types the given ``text`` into the text field identified by ``locator``.</doc>
<msg timestamp="20221007 12:22:08.370" level="INFO">Typing text '' into text field 'xpath://*[@id="Password"]'.</msg>
<status status="PASS" starttime="20221007 12:22:08.369" endtime="20221007 12:22:08.508"/>
</kw>
<status status="PASS" starttime="20221007 12:22:08.368" endtime="20221007 12:22:08.509"/>
</kw>
<kw name="Click Login" library="LoginResources">
<kw name="Click Element" library="SeleniumLibrary">
<arg>xpath:/html/body/div[6]/div/div/div/div/div[2]/div[1]/div/form/div[3]/button</arg>
<doc>Click the element identified by ``locator``.</doc>
<msg timestamp="20221007 12:22:08.510" level="INFO">Clicking element 'xpath:/html/body/div[6]/div/div/div/div/div[2]/div[1]/div/form/div[3]/button'.</msg>
<status status="PASS" starttime="20221007 12:22:08.510" endtime="20221007 12:22:08.889"/>
</kw>
<status status="PASS" starttime="20221007 12:22:08.509" endtime="20221007 12:22:08.889"/>
</kw>
<kw name="Error Message Should Be Visible" library="LoginResources">
<kw name="Page Should Contain" library="SeleniumLibrary">
<arg>Login was unsuccessful</arg>
<doc>Verifies that current page contains ``text``.</doc>
<msg timestamp="20221007 12:22:08.923" level="INFO">Current page contains text 'Login was unsuccessful'.</msg>
<status status="PASS" starttime="20221007 12:22:08.891" endtime="20221007 12:22:08.923"/>
</kw>
<status status="PASS" starttime="20221007 12:22:08.890" endtime="20221007 12:22:08.923"/>
</kw>
<status status="PASS" starttime="20221007 12:22:07.831" endtime="20221007 12:22:08.923"/>
</kw>
<status status="PASS" starttime="20221007 12:22:07.821" endtime="20221007 12:22:08.924"/>
</test>
<test id="s1-t2" name="Right User Wrong Password" line="17">
<kw name="Invalid Login">
<arg>admin@yourstore.com</arg>
<arg>xyz</arg>
<kw name="Go To Login Page" library="LoginResources">
<kw name="Go To" library="SeleniumLibrary">
<arg>${LOGIN URL}</arg>
<doc>Navigates the current browser window to the provided ``url``.</doc>
<msg timestamp="20221007 12:22:08.931" level="INFO">Opening url 'https://admin-demo.nopcommerce.com/login?ReturnUrl=%2Fadmin%2F'</msg>
<status status="PASS" starttime="20221007 12:22:08.930" endtime="20221007 12:22:09.210"/>
</kw>
<status status="PASS" starttime="20221007 12:22:08.930" endtime="20221007 12:22:09.212"/>
</kw>
<kw name="Input Email" library="LoginResources">
<arg>${username}</arg>
<kw name="Input Text" library="SeleniumLibrary">
<arg>xpath://*[@id="Email"]</arg>
<arg>${email}</arg>
<doc>Types the given ``text`` into the text field identified by ``locator``.</doc>
<msg timestamp="20221007 12:22:09.217" level="INFO">Typing text 'admin@yourstore.com' into text field 'xpath://*[@id="Email"]'.</msg>
<status status="PASS" starttime="20221007 12:22:09.216" endtime="20221007 12:22:09.378"/>
</kw>
<status status="PASS" starttime="20221007 12:22:09.213" endtime="20221007 12:22:09.378"/>
</kw>
<kw name="Input PSWD" library="LoginResources">
<arg>${password}</arg>
<kw name="Input Text" library="SeleniumLibrary">
<arg>xpath://*[@id="Password"]</arg>
<arg>${password}</arg>
<doc>Types the given ``text`` into the text field identified by ``locator``.</doc>
<msg timestamp="20221007 12:22:09.381" level="INFO">Typing text 'xyz' into text field 'xpath://*[@id="Password"]'.</msg>
<status status="PASS" starttime="20221007 12:22:09.380" endtime="20221007 12:22:09.522"/>
</kw>
<status status="PASS" starttime="20221007 12:22:09.379" endtime="20221007 12:22:09.522"/>
</kw>
<kw name="Click Login" library="LoginResources">
<kw name="Click Element" library="SeleniumLibrary">
<arg>xpath:/html/body/div[6]/div/div/div/div/div[2]/div[1]/div/form/div[3]/button</arg>
<doc>Click the element identified by ``locator``.</doc>
<msg timestamp="20221007 12:22:09.523" level="INFO">Clicking element 'xpath:/html/body/div[6]/div/div/div/div/div[2]/div[1]/div/form/div[3]/button'.</msg>
<status status="PASS" starttime="20221007 12:22:09.523" endtime="20221007 12:22:09.875"/>
</kw>
<status status="PASS" starttime="20221007 12:22:09.522" endtime="20221007 12:22:09.875"/>
</kw>
<kw name="Error Message Should Be Visible" library="LoginResources">
<kw name="Page Should Contain" library="SeleniumLibrary">
<arg>Login was unsuccessful</arg>
<doc>Verifies that current page contains ``text``.</doc>
<msg timestamp="20221007 12:22:09.906" level="INFO">Current page contains text 'Login was unsuccessful'.</msg>
<status status="PASS" starttime="20221007 12:22:09.878" endtime="20221007 12:22:09.906"/>
</kw>
<status status="PASS" starttime="20221007 12:22:09.876" endtime="20221007 12:22:09.907"/>
</kw>
<status status="PASS" starttime="20221007 12:22:08.929" endtime="20221007 12:22:09.907"/>
</kw>
<status status="PASS" starttime="20221007 12:22:08.928" endtime="20221007 12:22:09.908"/>
</test>
<test id="s1-t3" name="Wrong User Right Password" line="18">
<kw name="Invalid Login">
<arg>admn@yourstore.com</arg>
<arg>admin</arg>
<kw name="Go To Login Page" library="LoginResources">
<kw name="Go To" library="SeleniumLibrary">
<arg>${LOGIN URL}</arg>
<doc>Navigates the current browser window to the provided ``url``.</doc>
<msg timestamp="20221007 12:22:09.914" level="INFO">Opening url 'https://admin-demo.nopcommerce.com/login?ReturnUrl=%2Fadmin%2F'</msg>
<status status="PASS" starttime="20221007 12:22:09.914" endtime="20221007 12:22:10.192"/>
</kw>
<status status="PASS" starttime="20221007 12:22:09.912" endtime="20221007 12:22:10.192"/>
</kw>
<kw name="Input Email" library="LoginResources">
<arg>${username}</arg>
<kw name="Input Text" library="SeleniumLibrary">
<arg>xpath://*[@id="Email"]</arg>
<arg>${email}</arg>
<doc>Types the given ``text`` into the text field identified by ``locator``.</doc>
<msg timestamp="20221007 12:22:10.200" level="INFO">Typing text 'admn@yourstore.com' into text field 'xpath://*[@id="Email"]'.</msg>
<status status="PASS" starttime="20221007 12:22:10.195" endtime="20221007 12:22:10.360"/>
</kw>
<status status="PASS" starttime="20221007 12:22:10.192" endtime="20221007 12:22:10.360"/>
</kw>
<kw name="Input PSWD" library="LoginResources">
<arg>${password}</arg>
<kw name="Input Text" library="SeleniumLibrary">
<arg>xpath://*[@id="Password"]</arg>
<arg>${password}</arg>
<doc>Types the given ``text`` into the text field identified by ``locator``.</doc>
<msg timestamp="20221007 12:22:10.362" level="INFO">Typing text 'admin' into text field 'xpath://*[@id="Password"]'.</msg>
<status status="PASS" starttime="20221007 12:22:10.361" endtime="20221007 12:22:10.494"/>
</kw>
<status status="PASS" starttime="20221007 12:22:10.361" endtime="20221007 12:22:10.494"/>
</kw>
<kw name="Click Login" library="LoginResources">
<kw name="Click Element" library="SeleniumLibrary">
<arg>xpath:/html/body/div[6]/div/div/div/div/div[2]/div[1]/div/form/div[3]/button</arg>
<doc>Click the element identified by ``locator``.</doc>
<msg timestamp="20221007 12:22:10.495" level="INFO">Clicking element 'xpath:/html/body/div[6]/div/div/div/div/div[2]/div[1]/div/form/div[3]/button'.</msg>
<status status="PASS" starttime="20221007 12:22:10.495" endtime="20221007 12:22:10.852"/>
</kw>
<status status="PASS" starttime="20221007 12:22:10.494" endtime="20221007 12:22:10.853"/>
</kw>
<kw name="Error Message Should Be Visible" library="LoginResources">
<kw name="Page Should Contain" library="SeleniumLibrary">
<arg>Login was unsuccessful</arg>
<doc>Verifies that current page contains ``text``.</doc>
<msg timestamp="20221007 12:22:10.881" level="INFO">Current page contains text 'Login was unsuccessful'.</msg>
<status status="PASS" starttime="20221007 12:22:10.854" endtime="20221007 12:22:10.881"/>
</kw>
<status status="PASS" starttime="20221007 12:22:10.853" endtime="20221007 12:22:10.881"/>
</kw>
<status status="PASS" starttime="20221007 12:22:09.911" endtime="20221007 12:22:10.882"/>
</kw>
<status status="PASS" starttime="20221007 12:22:09.909" endtime="20221007 12:22:10.882"/>
</test>
<test id="s1-t4" name="Wrong User Empty Password" line="19">
<kw name="Invalid Login">
<arg>admn@yourstore.com</arg>
<arg>${EMPTY}</arg>
<kw name="Go To Login Page" library="LoginResources">
<kw name="Go To" library="SeleniumLibrary">
<arg>${LOGIN URL}</arg>
<doc>Navigates the current browser window to the provided ``url``.</doc>
<msg timestamp="20221007 12:22:10.887" level="INFO">Opening url 'https://admin-demo.nopcommerce.com/login?ReturnUrl=%2Fadmin%2F'</msg>
<status status="PASS" starttime="20221007 12:22:10.887" endtime="20221007 12:22:11.182"/>
</kw>
<status status="PASS" starttime="20221007 12:22:10.887" endtime="20221007 12:22:11.182"/>
</kw>
<kw name="Input Email" library="LoginResources">
<arg>${username}</arg>
<kw name="Input Text" library="SeleniumLibrary">
<arg>xpath://*[@id="Email"]</arg>
<arg>${email}</arg>
<doc>Types the given ``text`` into the text field identified by ``locator``.</doc>
<msg timestamp="20221007 12:22:11.184" level="INFO">Typing text 'admn@yourstore.com' into text field 'xpath://*[@id="Email"]'.</msg>
<status status="PASS" starttime="20221007 12:22:11.183" endtime="20221007 12:22:11.331"/>
</kw>
<status status="PASS" starttime="20221007 12:22:11.182" endtime="20221007 12:22:11.332"/>
</kw>
<kw name="Input PSWD" library="LoginResources">
<arg>${password}</arg>
<kw name="Input Text" library="SeleniumLibrary">
<arg>xpath://*[@id="Password"]</arg>
<arg>${password}</arg>
<doc>Types the given ``text`` into the text field identified by ``locator``.</doc>
<msg timestamp="20221007 12:22:11.333" level="INFO">Typing text '' into text field 'xpath://*[@id="Password"]'.</msg>
<status status="PASS" starttime="20221007 12:22:11.333" endtime="20221007 12:22:11.460"/>
</kw>
<status status="PASS" starttime="20221007 12:22:11.332" endtime="20221007 12:22:11.460"/>
</kw>
<kw name="Click Login" library="LoginResources">
<kw name="Click Element" library="SeleniumLibrary">
<arg>xpath:/html/body/div[6]/div/div/div/div/div[2]/div[1]/div/form/div[3]/button</arg>
<doc>Click the element identified by ``locator``.</doc>
<msg timestamp="20221007 12:22:11.461" level="INFO">Clicking element 'xpath:/html/body/div[6]/div/div/div/div/div[2]/div[1]/div/form/div[3]/button'.</msg>
<status status="PASS" starttime="20221007 12:22:11.461" endtime="20221007 12:22:11.893"/>
</kw>
<status status="PASS" starttime="20221007 12:22:11.460" endtime="20221007 12:22:11.895"/>
</kw>
<kw name="Error Message Should Be Visible" library="LoginResources">
<kw name="Page Should Contain" library="SeleniumLibrary">
<arg>Login was unsuccessful</arg>
<doc>Verifies that current page contains ``text``.</doc>
<msg timestamp="20221007 12:22:11.924" level="INFO">Current page contains text 'Login was unsuccessful'.</msg>
<status status="PASS" starttime="20221007 12:22:11.899" endtime="20221007 12:22:11.925"/>
</kw>
<status status="PASS" starttime="20221007 12:22:11.896" endtime="20221007 12:22:11.925"/>
</kw>
<status status="PASS" starttime="20221007 12:22:10.885" endtime="20221007 12:22:11.925"/>
</kw>
<status status="PASS" starttime="20221007 12:22:10.884" endtime="20221007 12:22:11.926"/>
</test>
<test id="s1-t5" name="Wrong User Wrong Password" line="20">
<kw name="Invalid Login">
<arg>admn@yourstore.com</arg>
<arg>xyz</arg>
<kw name="Go To Login Page" library="LoginResources">
<kw name="Go To" library="SeleniumLibrary">
<arg>${LOGIN URL}</arg>
<doc>Navigates the current browser window to the provided ``url``.</doc>
<msg timestamp="20221007 12:22:11.935" level="INFO">Opening url 'https://admin-demo.nopcommerce.com/login?ReturnUrl=%2Fadmin%2F'</msg>
<status status="PASS" starttime="20221007 12:22:11.934" endtime="20221007 12:22:12.237"/>
</kw>
<status status="PASS" starttime="20221007 12:22:11.933" endtime="20221007 12:22:12.237"/>
</kw>
<kw name="Input Email" library="LoginResources">
<arg>${username}</arg>
<kw name="Input Text" library="SeleniumLibrary">
<arg>xpath://*[@id="Email"]</arg>
<arg>${email}</arg>
<doc>Types the given ``text`` into the text field identified by ``locator``.</doc>
<msg timestamp="20221007 12:22:12.239" level="INFO">Typing text 'admn@yourstore.com' into text field 'xpath://*[@id="Email"]'.</msg>
<status status="PASS" starttime="20221007 12:22:12.239" endtime="20221007 12:22:12.396"/>
</kw>
<status status="PASS" starttime="20221007 12:22:12.238" endtime="20221007 12:22:12.396"/>
</kw>
<kw name="Input PSWD" library="LoginResources">
<arg>${password}</arg>
<kw name="Input Text" library="SeleniumLibrary">
<arg>xpath://*[@id="Password"]</arg>
<arg>${password}</arg>
<doc>Types the given ``text`` into the text field identified by ``locator``.</doc>
<msg timestamp="20221007 12:22:12.399" level="INFO">Typing text 'xyz' into text field 'xpath://*[@id="Password"]'.</msg>
<status status="PASS" starttime="20221007 12:22:12.398" endtime="20221007 12:22:12.535"/>
</kw>
<status status="PASS" starttime="20221007 12:22:12.397" endtime="20221007 12:22:12.536"/>
</kw>
<kw name="Click Login" library="LoginResources">
<kw name="Click Element" library="SeleniumLibrary">
<arg>xpath:/html/body/div[6]/div/div/div/div/div[2]/div[1]/div/form/div[3]/button</arg>
<doc>Click the element identified by ``locator``.</doc>
<msg timestamp="20221007 12:22:12.537" level="INFO">Clicking element 'xpath:/html/body/div[6]/div/div/div/div/div[2]/div[1]/div/form/div[3]/button'.</msg>
<status status="PASS" starttime="20221007 12:22:12.536" endtime="20221007 12:22:12.914"/>
</kw>
<status status="PASS" starttime="20221007 12:22:12.536" endtime="20221007 12:22:12.914"/>
</kw>
<kw name="Error Message Should Be Visible" library="LoginResources">
<kw name="Page Should Contain" library="SeleniumLibrary">
<arg>Login was unsuccessful</arg>
<doc>Verifies that current page contains ``text``.</doc>
<msg timestamp="20221007 12:22:12.934" level="INFO">Current page contains text 'Login was unsuccessful'.</msg>
<status status="PASS" starttime="20221007 12:22:12.915" endtime="20221007 12:22:12.934"/>
</kw>
<status status="PASS" starttime="20221007 12:22:12.914" endtime="20221007 12:22:12.934"/>
</kw>
<status status="PASS" starttime="20221007 12:22:11.932" endtime="20221007 12:22:12.934"/>
</kw>
<status status="PASS" starttime="20221007 12:22:11.930" endtime="20221007 12:22:12.935"/>
</test>
<kw name="Exit Browser" library="LoginResources" type="TEARDOWN">
<kw name="Close All Browsers" library="SeleniumLibrary">
<doc>Closes all open browsers and resets the browser cache.</doc>
<status status="PASS" starttime="20221007 12:22:12.940" endtime="20221007 12:22:15.401"/>
</kw>
<status status="PASS" starttime="20221007 12:22:12.939" endtime="20221007 12:22:15.401"/>
</kw>
<doc>Testing the Login Page of NOP Commerce</doc>
<status status="PASS" starttime="20221007 12:22:02.877" endtime="20221007 12:22:15.401"/>
</suite>
<statistics>
<total>
<stat pass="5" fail="0" skip="0">All Tests</stat>
</total>
<tag>
</tag>
<suite>
<stat pass="5" fail="0" skip="0" id="s1" name="DDT1">DDT1</stat>
</suite>
</statistics>
<errors>
</errors>
</robot>
