<?xml version="1.0" encoding="UTF-8"?>
<robot generator="Robot 5.0.1 (Python 3.8.0 on win32)" generated="20221010 23:08:55.750" rpa="false" schemaversion="3">
<suite id="s1" name="LoginTest" source="C:\Users\d_joh\OneDrive\Coding Projects\TestProject\TestCases\LoginTest.robot">
<test id="s1-t1" name="Login Test" line="13">
<kw name="Speed" library="LoginKeywords">
<kw name="Set Selenium Speed" library="SeleniumLibrary">
<arg>1</arg>
<doc>Sets the delay that is waited after each Selenium command.</doc>
<status status="PASS" starttime="20221010 23:08:55.967" endtime="20221010 23:08:55.967"/>
</kw>
<status status="PASS" starttime="20221010 23:08:55.966" endtime="20221010 23:08:55.967"/>
</kw>
<kw name="Launch Browser" library="LoginKeywords">
<arg>${URL}</arg>
<arg>${BROWSER}</arg>
<kw name="Open Browser" library="SeleniumLibrary">
<arg>${URL}</arg>
<arg>${BROWSER}</arg>
<doc>Opens a new browser instance to the optional ``url``.</doc>
<msg timestamp="20221010 23:08:55.969" level="INFO">Opening browser 'Edge' to base url 'https://demo.guru99.com/selenium/newtours/index.php'.</msg>
<status status="PASS" starttime="20221010 23:08:55.968" endtime="20221010 23:09:01.088"/>
</kw>
<kw name="Maximize Browser Window" library="SeleniumLibrary">
<doc>Maximizes current browser window.</doc>
<status status="PASS" starttime="20221010 23:09:01.088" endtime="20221010 23:09:02.224"/>
</kw>
<status status="PASS" starttime="20221010 23:08:55.968" endtime="20221010 23:09:02.224"/>
</kw>
<kw name="Input Username" library="LoginKeywords">
<arg>${USER}</arg>
<kw name="Input Text" library="SeleniumLibrary">
<arg>${txt_login_username}</arg>
<arg>${USERNAME}</arg>
<doc>Types the given ``text`` into the text field identified by ``locator``.</doc>
<msg timestamp="20221010 23:09:02.227" level="INFO">Typing text 'tutorial' into text field 'xpath:/html/body/div/table/tbody/tr/td[2]/table/tbody/tr[4]/td/table/tbody/tr/td[2]/table/tbody/tr[2]/td[3]/form/table/tbody/tr[4]/td/table/tbody/tr[2]/td[2]/input'.</msg>
<status status="PASS" starttime="20221010 23:09:02.226" endtime="20221010 23:09:05.393"/>
</kw>
<status status="PASS" starttime="20221010 23:09:02.226" endtime="20221010 23:09:05.399"/>
</kw>
<kw name="Input Pass" library="LoginKeywords">
<arg>${PASS}</arg>
<kw name="Input Text" library="SeleniumLibrary">
<arg>${txt_login_password}</arg>
<arg>${PASSWORD}</arg>
<doc>Types the given ``text`` into the text field identified by ``locator``.</doc>
<msg timestamp="20221010 23:09:05.415" level="INFO">Typing text 'tutorial' into text field 'xpath:/html/body/div/table/tbody/tr/td[2]/table/tbody/tr[4]/td/table/tbody/tr/td[2]/table/tbody/tr[2]/td[3]/form/table/tbody/tr[4]/td/table/tbody/tr[3]/td[2]/input'.</msg>
<status status="PASS" starttime="20221010 23:09:05.409" endtime="20221010 23:09:08.737"/>
</kw>
<status status="PASS" starttime="20221010 23:09:05.403" endtime="20221010 23:09:08.737"/>
</kw>
<kw name="Click Login Button" library="LoginKeywords">
<kw name="Click Button" library="SeleniumLibrary">
<arg>${login_button}</arg>
<doc>Clicks the button identified by ``locator``.</doc>
<msg timestamp="20221010 23:09:08.741" level="INFO">Clicking button 'xpath:/html/body/div/table/tbody/tr/td[2]/table/tbody/tr[4]/td/table/tbody/tr/td[2]/table/tbody/tr[2]/td[3]/form/table/tbody/tr[4]/td/table/tbody/tr[4]/td[2]/div/input'.</msg>
<status status="PASS" starttime="20221010 23:09:08.740" endtime="20221010 23:09:12.447"/>
</kw>
<status status="PASS" starttime="20221010 23:09:08.739" endtime="20221010 23:09:12.447"/>
</kw>
<kw name="Exit Browser" library="LoginKeywords">
<kw name="Close All Browsers" library="SeleniumLibrary">
<doc>Closes all open browsers and resets the browser cache.</doc>
<status status="PASS" starttime="20221010 23:09:12.451" endtime="20221010 23:09:15.571"/>
</kw>
<status status="PASS" starttime="20221010 23:09:12.450" endtime="20221010 23:09:15.572"/>
</kw>
<status status="PASS" starttime="20221010 23:08:55.965" endtime="20221010 23:09:15.574"/>
</test>
<status status="PASS" starttime="20221010 23:08:55.753" endtime="20221010 23:09:15.582"/>
</suite>
<statistics>
<total>
<stat pass="1" fail="0" skip="0">All Tests</stat>
</total>
<tag>
</tag>
<suite>
<stat pass="1" fail="0" skip="0" id="s1" name="LoginTest">LoginTest</stat>
</suite>
</statistics>
<errors>
<msg timestamp="20221010 23:08:55.963" level="ERROR">Error in file 'C:\Users\d_joh\OneDrive\Coding Projects\TestProject\TestCases\LoginTest.robot' on line 4: Error in file 'C:\Users\d_joh\OneDrive\Coding Projects\TestProject\TestCases\Alerts.robot' on line 13: Resource file with 'Test Cases' section is invalid.</msg>
</errors>
</robot>
