<?xml version="1.0" encoding="UTF-8"?>
<robot generator="Robot 5.0.1 (Python 3.8.0 on win32)" generated="20221011 10:54:18.362" rpa="false" schemaversion="3">
<suite id="s1" name="LoginTest" source="C:\Users\d_joh\OneDrive\Coding Projects\TestProject\TestCases\LoginTest.robot">
<test id="s1-t1" name="Login Test" line="15">
<kw name="Speed" library="LoginKeywords">
<kw name="Set Selenium Speed" library="SeleniumLibrary">
<arg>1</arg>
<doc>Sets the delay that is waited after each Selenium command.</doc>
<status status="PASS" starttime="20221011 10:54:18.600" endtime="20221011 10:54:18.600"/>
</kw>
<status status="PASS" starttime="20221011 10:54:18.599" endtime="20221011 10:54:18.600"/>
</kw>
<kw name="Launch Browser" library="LoginKeywords">
<arg>${URL}</arg>
<arg>${BROWSER}</arg>
<kw name="Open Browser" library="SeleniumLibrary">
<arg>${URL}</arg>
<arg>${BROWSER}</arg>
<doc>Opens a new browser instance to the optional ``url``.</doc>
<msg timestamp="20221011 10:54:18.602" level="INFO">Opening browser 'headlessEdge' to base url 'https://demo.guru99.com/selenium/newtours/index.php'.</msg>
<msg timestamp="20221011 10:54:18.602" level="INFO">Cannot capture screenshot because no browser is open.</msg>
<msg timestamp="20221011 10:54:18.602" level="FAIL">ValueError: headlessedge is not a supported browser.</msg>
<status status="FAIL" starttime="20221011 10:54:18.601" endtime="20221011 10:54:18.621"/>
</kw>
<kw name="Maximize Browser Window" library="SeleniumLibrary">
<doc>Maximizes current browser window.</doc>
<status status="NOT RUN" starttime="20221011 10:54:18.621" endtime="20221011 10:54:18.621"/>
</kw>
<status status="FAIL" starttime="20221011 10:54:18.601" endtime="20221011 10:54:18.622"/>
</kw>
<kw name="Input Username" library="LoginKeywords">
<arg>${USER}</arg>
<status status="NOT RUN" starttime="20221011 10:54:18.622" endtime="20221011 10:54:18.622"/>
</kw>
<kw name="Input Pass" library="LoginKeywords">
<arg>${PASS}</arg>
<status status="NOT RUN" starttime="20221011 10:54:18.622" endtime="20221011 10:54:18.622"/>
</kw>
<kw name="Click Login Button" library="LoginKeywords">
<status status="NOT RUN" starttime="20221011 10:54:18.623" endtime="20221011 10:54:18.623"/>
</kw>
<kw name="Exit Browser" library="LoginKeywords">
<status status="NOT RUN" starttime="20221011 10:54:18.623" endtime="20221011 10:54:18.623"/>
</kw>
<status status="FAIL" starttime="20221011 10:54:18.598" endtime="20221011 10:54:18.625">ValueError: headlessedge is not a supported browser.</status>
</test>
<status status="FAIL" starttime="20221011 10:54:18.364" endtime="20221011 10:54:18.628"/>
</suite>
<statistics>
<total>
<stat pass="0" fail="1" skip="0">All Tests</stat>
</total>
<tag>
</tag>
<suite>
<stat pass="0" fail="1" skip="0" id="s1" name="LoginTest">LoginTest</stat>
</suite>
</statistics>
<errors>
<msg timestamp="20221011 10:54:18.595" level="ERROR">Error in file 'C:\Users\d_joh\OneDrive\Coding Projects\TestProject\TestCases\LoginTest.robot' on line 4: Error in file 'C:\Users\d_joh\OneDrive\Coding Projects\TestProject\TestCases\Alerts.robot' on line 13: Resource file with 'Test Cases' section is invalid.</msg>
</errors>
</robot>
