<?xml version="1.0" encoding="UTF-8"?>
<robot generator="Robot 5.0.1 (Python 3.8.0 on win32)" generated="20221011 10:23:16.662" rpa="false" schemaversion="3">
<suite id="s1" name="Suites">
<suite id="s1-s1" name="TimeOut" source="C:\Users\d_joh\OneDrive\Coding Projects\TestProject\TestCases\TimeOut.robot">
<test id="s1-s1-t1" name="Registration Test" line="26">
<kw name="Open Page">
<kw name="Open Browser" library="SeleniumLibrary">
<arg>${URL}</arg>
<arg>${Browser}</arg>
<doc>Opens a new browser instance to the optional ``url``.</doc>
<msg timestamp="20221011 10:23:17.039" level="INFO">Opening browser 'Edge' to base url 'https://demowebshop.tricentis.com/register'.</msg>
<status status="PASS" starttime="20221011 10:23:17.038" endtime="20221011 10:23:22.000"/>
</kw>
<status status="PASS" starttime="20221011 10:23:17.038" endtime="20221011 10:23:22.002"/>
</kw>
<kw name="Maximize Browser Window" library="SeleniumLibrary">
<doc>Maximizes current browser window.</doc>
<status status="PASS" starttime="20221011 10:23:22.004" endtime="20221011 10:23:22.161"/>
</kw>
<kw name="Select Radio Button" library="SeleniumLibrary">
<arg>Gender</arg>
<arg>M</arg>
<doc>Sets the radio button group ``group_name`` to ``value``.</doc>
<msg timestamp="20221011 10:23:22.167" level="INFO">Selecting 'M' from radio button 'Gender'.</msg>
<status status="PASS" starttime="20221011 10:23:22.165" endtime="20221011 10:23:22.352"/>
</kw>
<kw name="Implicit Time">
<kw name="Set Selenium Implicit Wait" library="SeleniumLibrary">
<arg>10</arg>
<doc>Sets the implicit wait value used by Selenium.</doc>
<status status="PASS" starttime="20221011 10:23:22.354" endtime="20221011 10:23:22.361"/>
</kw>
<status status="PASS" starttime="20221011 10:23:22.353" endtime="20221011 10:23:22.361"/>
</kw>
<kw name="Input Text" library="SeleniumLibrary">
<arg>xpath://*[@id="FirstName"]</arg>
<arg>David</arg>
<doc>Types the given ``text`` into the text field identified by ``locator``.</doc>
<msg timestamp="20221011 10:23:22.363" level="INFO">Typing text 'David' into text field 'xpath://*[@id="FirstName"]'.</msg>
<status status="PASS" starttime="20221011 10:23:22.361" endtime="20221011 10:23:22.499"/>
</kw>
<kw name="Input Text" library="SeleniumLibrary">
<arg>xpath://*[@id="LastName"]</arg>
<arg>John</arg>
<doc>Types the given ``text`` into the text field identified by ``locator``.</doc>
<msg timestamp="20221011 10:23:22.501" level="INFO">Typing text 'John' into text field 'xpath://*[@id="LastName"]'.</msg>
<status status="PASS" starttime="20221011 10:23:22.500" endtime="20221011 10:23:22.614"/>
</kw>
<kw name="Input Text" library="SeleniumLibrary">
<arg>xpath://*[@id="Email"]</arg>
<arg>anhc@gmail.com</arg>
<doc>Types the given ``text`` into the text field identified by ``locator``.</doc>
<msg timestamp="20221011 10:23:22.615" level="INFO">Typing text 'anhc@gmail.com' into text field 'xpath://*[@id="Email"]'.</msg>
<status status="PASS" starttime="20221011 10:23:22.614" endtime="20221011 10:23:22.746"/>
</kw>
<kw name="Input Text" library="SeleniumLibrary">
<arg>xpath://*[@id="Password"]</arg>
<arg>davidjohn</arg>
<doc>Types the given ``text`` into the text field identified by ``locator``.</doc>
<msg timestamp="20221011 10:23:22.747" level="INFO">Typing text 'davidjohn' into text field 'xpath://*[@id="Password"]'.</msg>
<status status="PASS" starttime="20221011 10:23:22.746" endtime="20221011 10:23:22.980"/>
</kw>
<kw name="Input Text" library="SeleniumLibrary">
<arg>xpath://*[@id="ConfirmPassword"]</arg>
<arg>davidjohn</arg>
<doc>Types the given ``text`` into the text field identified by ``locator``.</doc>
<msg timestamp="20221011 10:23:22.982" level="INFO">Typing text 'davidjohn' into text field 'xpath://*[@id="ConfirmPassword"]'.</msg>
<status status="PASS" starttime="20221011 10:23:22.981" endtime="20221011 10:23:23.119"/>
</kw>
<kw name="Close Browser" library="SeleniumLibrary">
<doc>Closes the current browser.</doc>
<status status="PASS" starttime="20221011 10:23:23.119" endtime="20221011 10:23:25.449"/>
</kw>
<status status="PASS" starttime="20221011 10:23:17.037" endtime="20221011 10:23:25.450"/>
</test>
<status status="PASS" starttime="20221011 10:23:16.691" endtime="20221011 10:23:25.453"/>
</suite>
<status status="PASS" starttime="20221011 10:23:16.672" endtime="20221011 10:23:25.457"/>
</suite>
<statistics>
<total>
<stat pass="1" fail="0" skip="0">All Tests</stat>
</total>
<tag>
</tag>
<suite>
<stat pass="1" fail="0" skip="0" id="s1" name="Suites">Suites</stat>
<stat pass="1" fail="0" skip="0" id="s1-s1" name="TimeOut">Suites.TimeOut</stat>
</suite>
</statistics>
<errors>
</errors>
</robot>
