<?xml version="1.0" encoding="UTF-8"?>
<robot generator="Robot 5.0.1 (Python 3.8.0 on win32)" generated="20221011 10:23:28.060" rpa="false" schemaversion="3">
<suite id="s1" name="Suites">
<suite id="s1-s1" name="UserKeywords" source="C:\Users\d_joh\OneDrive\Coding Projects\TestProject\TestCases\UserKeywords.robot">
<test id="s1-s1-t1" name="User Keywords" line="13">
<kw name="Speed">
<kw name="Set Selenium Speed" library="SeleniumLibrary">
<arg>1</arg>
<doc>Sets the delay that is waited after each Selenium command.</doc>
<status status="PASS" starttime="20221011 10:23:28.790" endtime="20221011 10:23:28.790"/>
</kw>
<status status="PASS" starttime="20221011 10:23:28.789" endtime="20221011 10:23:28.790"/>
</kw>
<kw name="Launch Browser" library="Resources">
<var>${PageTitle}</var>
<arg>${URL}</arg>
<arg>${Browser}</arg>
<kw name="Open Browser" library="SeleniumLibrary">
<arg>${appURL}</arg>
<arg>${appbrowser}</arg>
<doc>Opens a new browser instance to the optional ``url``.</doc>
<msg timestamp="20221011 10:23:28.792" level="INFO">Opening browser 'Edge' to base url 'https://demo.guru99.com/selenium/newtours/'.</msg>
<status status="PASS" starttime="20221011 10:23:28.791" endtime="20221011 10:23:33.975"/>
</kw>
<kw name="Maximize Browser Window" library="SeleniumLibrary">
<doc>Maximizes current browser window.</doc>
<status status="PASS" starttime="20221011 10:23:33.976" endtime="20221011 10:23:35.162"/>
</kw>
<kw name="Get Title" library="SeleniumLibrary">
<var>${Title}</var>
<doc>Returns the title of the current page.</doc>
<msg timestamp="20221011 10:23:36.180" level="INFO">${Title} = Welcome: Mercury Tours</msg>
<status status="PASS" starttime="20221011 10:23:35.163" endtime="20221011 10:23:36.180"/>
</kw>
<msg timestamp="20221011 10:23:36.181" level="INFO">${PageTitle} = Welcome: Mercury Tours</msg>
<status status="PASS" starttime="20221011 10:23:28.790" endtime="20221011 10:23:36.181"/>
</kw>
<kw name="Log To Console" library="BuiltIn">
<arg>${PageTitle}</arg>
<doc>Logs the given message to the console.</doc>
<status status="PASS" starttime="20221011 10:23:36.181" endtime="20221011 10:23:36.182"/>
</kw>
<kw name="Input Text" library="SeleniumLibrary">
<arg>xpath:/html/body/div/table/tbody/tr/td[2]/table/tbody/tr[4]/td/table/tbody/tr/td[2]/table/tbody/tr[2]/td[3]/form/table/tbody/tr[4]/td/table/tbody/tr[2]/td[2]/input</arg>
<arg>mercury</arg>
<doc>Types the given ``text`` into the text field identified by ``locator``.</doc>
<msg timestamp="20221011 10:23:36.184" level="INFO">Typing text 'mercury' into text field 'xpath:/html/body/div/table/tbody/tr/td[2]/table/tbody/tr[4]/td/table/tbody/tr/td[2]/table/tbody/tr[2]/td[3]/form/table/tbody/tr[4]/td/table/tbody/tr[2]/td[2]/input'.</msg>
<status status="PASS" starttime="20221011 10:23:36.183" endtime="20221011 10:23:39.353"/>
</kw>
<kw name="Input Text" library="SeleniumLibrary">
<arg>xpath:/html/body/div/table/tbody/tr/td[2]/table/tbody/tr[4]/td/table/tbody/tr/td[2]/table/tbody/tr[2]/td[3]/form/table/tbody/tr[4]/td/table/tbody/tr[3]/td[2]/input</arg>
<arg>mercury</arg>
<doc>Types the given ``text`` into the text field identified by ``locator``.</doc>
<msg timestamp="20221011 10:23:39.356" level="INFO">Typing text 'mercury' into text field 'xpath:/html/body/div/table/tbody/tr/td[2]/table/tbody/tr[4]/td/table/tbody/tr/td[2]/table/tbody/tr[2]/td[3]/form/table/tbody/tr[4]/td/table/tbody/tr[3]/td[2]/input'.</msg>
<status status="PASS" starttime="20221011 10:23:39.355" endtime="20221011 10:23:42.488"/>
</kw>
<kw name="Close Browser" library="SeleniumLibrary">
<doc>Closes the current browser.</doc>
<status status="PASS" starttime="20221011 10:23:42.489" endtime="20221011 10:23:45.793"/>
</kw>
<status status="PASS" starttime="20221011 10:23:28.788" endtime="20221011 10:23:45.794"/>
</test>
<status status="PASS" starttime="20221011 10:23:28.203" endtime="20221011 10:23:45.795"/>
</suite>
<status status="PASS" starttime="20221011 10:23:28.101" endtime="20221011 10:23:45.799"/>
</suite>
<statistics>
<total>
<stat pass="1" fail="0" skip="0">All Tests</stat>
</total>
<tag>
</tag>
<suite>
<stat pass="1" fail="0" skip="0" id="s1" name="Suites">Suites</stat>
<stat pass="1" fail="0" skip="0" id="s1-s1" name="UserKeywords">Suites.UserKeywords</stat>
</suite>
</statistics>
<errors>
</errors>
</robot>
